{
  "stats": {
    "suites": 4,
    "tests": 8,
    "passes": 8,
    "pending": 0,
    "failures": 0,
    "start": "2022-09-06T10:08:18.308Z",
    "end": "2022-09-06T10:22:47.348Z",
    "duration": 176624,
    "testsRegistered": 8,
    "passPercent": 100,
    "pendingPercent": 0,
    "other": 0,
    "hasOther": false,
    "skipped": 0,
    "hasSkipped": false
  },
  "results": [
    {
      "uuid": "4e59ff1f-d348-4c92-8108-67b2f75ebf27",
      "title": "",
      "fullFile": "cypress/e2e/newTaxAndTerms.cy.js",
      "file": "cypress/e2e/newTaxAndTerms.cy.js",
      "beforeHooks": [],
      "afterHooks": [],
      "tests": [],
      "suites": [
        {
          "uuid": "c0af875b-362c-46ca-904b-638df00a7a12",
          "title": "New Tax and Terms Module",
          "fullFile": "",
          "file": "",
          "beforeHooks": [],
          "afterHooks": [],
          "tests": [
            {
              "title": "Basic Add new tax function",
              "fullTitle": "New Tax and Terms Module Basic Add new tax function",
              "timedOut": null,
              "duration": 22774,
              "state": "passed",
              "speed": "slow",
              "pass": true,
              "fail": false,
              "pending": false,
              "context": null,
              "code": "_company_settings.TaxAndTermsPage.addNewTax();\n_company_settings.TaxAndTermsPage.fillAddNewTaxForm('New Tax', 3);\n_company_settings.TaxAndTermsPage.saveAddNewTaxForm();",
              "err": {},
              "uuid": "a613ae89-c851-41f8-b4ea-f3537634d47f",
              "parentUUID": "c0af875b-362c-46ca-904b-638df00a7a12",
              "isHook": false,
              "skipped": false
            },
            {
              "title": "Basic Add new term function",
              "fullTitle": "New Tax and Terms Module Basic Add new term function",
              "timedOut": null,
              "duration": 20439,
              "state": "passed",
              "speed": "slow",
              "pass": true,
              "fail": false,
              "pending": false,
              "context": null,
              "code": "_company_settings.TaxAndTermsPage.gotoTermsTab();\n_company_settings.TaxAndTermsPage.addNewTerm();\n_company_settings.TaxAndTermsPage.fillAddNewTermForm('New Term');\n_company_settings.TaxAndTermsPage.saveAddNewTermForm();",
              "err": {},
              "uuid": "99464074-dce3-436a-b574-5a73103f1450",
              "parentUUID": "c0af875b-362c-46ca-904b-638df00a7a12",
              "isHook": false,
              "skipped": false
            }
          ],
          "suites": [],
          "passes": [
            "a613ae89-c851-41f8-b4ea-f3537634d47f",
            "99464074-dce3-436a-b574-5a73103f1450"
          ],
          "failures": [],
          "pending": [],
          "skipped": [],
          "duration": 43213,
          "root": false,
          "rootEmpty": false,
          "_timeout": 2000
        }
      ],
      "passes": [],
      "failures": [],
      "pending": [],
      "skipped": [],
      "duration": 0,
      "root": true,
      "rootEmpty": true,
      "_timeout": 2000
    },
    {
      "uuid": "7d186063-7d7c-469a-bdfe-6302525f5f5c",
      "title": "",
      "fullFile": "cypress/e2e/newTaxAndTerms.cy.js",
      "file": "cypress/e2e/newTaxAndTerms.cy.js",
      "beforeHooks": [],
      "afterHooks": [],
      "tests": [],
      "suites": [
        {
          "uuid": "09688a27-dac7-48fa-89ea-39f683a7c93f",
          "title": "New Tax and Terms Module",
          "fullFile": "",
          "file": "",
          "beforeHooks": [],
          "afterHooks": [],
          "tests": [
            {
              "title": "Basic Add new tax function",
              "fullTitle": "New Tax and Terms Module Basic Add new tax function",
              "timedOut": null,
              "duration": 23068,
              "state": "passed",
              "speed": "slow",
              "pass": true,
              "fail": false,
              "pending": false,
              "context": null,
              "code": "_company_settings.TaxAndTermsPage.addNewTax();\n_company_settings.TaxAndTermsPage.fillAddNewTaxForm('New Tax', 3);\n_company_settings.TaxAndTermsPage.saveAddNewTaxForm();",
              "err": {},
              "uuid": "178d3173-5ced-4f06-8ea6-3d61ff5f6438",
              "parentUUID": "09688a27-dac7-48fa-89ea-39f683a7c93f",
              "isHook": false,
              "skipped": false
            },
            {
              "title": "Basic Add new term function",
              "fullTitle": "New Tax and Terms Module Basic Add new term function",
              "timedOut": null,
              "duration": 20716,
              "state": "passed",
              "speed": "slow",
              "pass": true,
              "fail": false,
              "pending": false,
              "context": null,
              "code": "_company_settings.TaxAndTermsPage.gotoTermsTab();\n_company_settings.TaxAndTermsPage.addNewTerm();\n_company_settings.TaxAndTermsPage.fillAddNewTermForm('New Term');\n_company_settings.TaxAndTermsPage.saveAddNewTermForm();",
              "err": {},
              "uuid": "f053a923-46b9-44b6-9fe8-6eeaa14b243b",
              "parentUUID": "09688a27-dac7-48fa-89ea-39f683a7c93f",
              "isHook": false,
              "skipped": false
            }
          ],
          "suites": [],
          "passes": [
            "178d3173-5ced-4f06-8ea6-3d61ff5f6438",
            "f053a923-46b9-44b6-9fe8-6eeaa14b243b"
          ],
          "failures": [],
          "pending": [],
          "skipped": [],
          "duration": 43784,
          "root": false,
          "rootEmpty": false,
          "_timeout": 2000
        }
      ],
      "passes": [],
      "failures": [],
      "pending": [],
      "skipped": [],
      "duration": 0,
      "root": true,
      "rootEmpty": true,
      "_timeout": 2000
    },
    {
      "uuid": "015b599c-263e-4539-9cca-642486694421",
      "title": "",
      "fullFile": "cypress/e2e/newTaxAndTerms.cy.js",
      "file": "cypress/e2e/newTaxAndTerms.cy.js",
      "beforeHooks": [],
      "afterHooks": [],
      "tests": [],
      "suites": [
        {
          "uuid": "6f463819-4c70-4bda-8148-409d981f8958",
          "title": "New Tax and Terms Module",
          "fullFile": "",
          "file": "",
          "beforeHooks": [],
          "afterHooks": [],
          "tests": [
            {
              "title": "Basic Add new tax function",
              "fullTitle": "New Tax and Terms Module Basic Add new tax function",
              "timedOut": null,
              "duration": 25513,
              "state": "passed",
              "speed": "slow",
              "pass": true,
              "fail": false,
              "pending": false,
              "context": null,
              "code": "_company_settings.TaxAndTermsPage.addNewTax();\n_company_settings.TaxAndTermsPage.fillAddNewTaxForm('New Tax', 3);\n_company_settings.TaxAndTermsPage.saveAddNewTaxForm();",
              "err": {},
              "uuid": "90a51ad0-c6ec-47a5-97da-49a9d8b8fe1f",
              "parentUUID": "6f463819-4c70-4bda-8148-409d981f8958",
              "isHook": false,
              "skipped": false
            },
            {
              "title": "Basic Add new term function",
              "fullTitle": "New Tax and Terms Module Basic Add new term function",
              "timedOut": null,
              "duration": 20581,
              "state": "passed",
              "speed": "slow",
              "pass": true,
              "fail": false,
              "pending": false,
              "context": null,
              "code": "_company_settings.TaxAndTermsPage.gotoTermsTab();\n_company_settings.TaxAndTermsPage.addNewTerm();\n_company_settings.TaxAndTermsPage.fillAddNewTermForm('New Term');\n_company_settings.TaxAndTermsPage.saveAddNewTermForm();",
              "err": {},
              "uuid": "d09ef9ef-7932-4a13-9404-b33cb941be8b",
              "parentUUID": "6f463819-4c70-4bda-8148-409d981f8958",
              "isHook": false,
              "skipped": false
            }
          ],
          "suites": [],
          "passes": [
            "90a51ad0-c6ec-47a5-97da-49a9d8b8fe1f",
            "d09ef9ef-7932-4a13-9404-b33cb941be8b"
          ],
          "failures": [],
          "pending": [],
          "skipped": [],
          "duration": 46094,
          "root": false,
          "rootEmpty": false,
          "_timeout": 2000
        }
      ],
      "passes": [],
      "failures": [],
      "pending": [],
      "skipped": [],
      "duration": 0,
      "root": true,
      "rootEmpty": true,
      "_timeout": 2000
    },
    {
      "uuid": "c93893fb-d711-4611-8a8b-480c5a2bd2fa",
      "title": "",
      "fullFile": "cypress/e2e/newTaxAndTerms.cy.js",
      "file": "cypress/e2e/newTaxAndTerms.cy.js",
      "beforeHooks": [],
      "afterHooks": [],
      "tests": [],
      "suites": [
        {
          "uuid": "f4e6853c-63c6-473c-bdcd-717281e4991f",
          "title": "New Tax and Terms Module",
          "fullFile": "",
          "file": "",
          "beforeHooks": [],
          "afterHooks": [],
          "tests": [
            {
              "title": "Basic Add new tax function",
              "fullTitle": "New Tax and Terms Module Basic Add new tax function",
              "timedOut": null,
              "duration": 23166,
              "state": "passed",
              "speed": "slow",
              "pass": true,
              "fail": false,
              "pending": false,
              "context": null,
              "code": "_company_settings.TaxAndTermsPage.addNewTax();\n_company_settings.TaxAndTermsPage.fillAddNewTaxForm('New Tax', 3);\n_company_settings.TaxAndTermsPage.saveAddNewTaxForm();",
              "err": {},
              "uuid": "8b474ada-c34e-4881-be76-be460c103f33",
              "parentUUID": "f4e6853c-63c6-473c-bdcd-717281e4991f",
              "isHook": false,
              "skipped": false
            },
            {
              "title": "Basic Add new term function",
              "fullTitle": "New Tax and Terms Module Basic Add new term function",
              "timedOut": null,
              "duration": 20367,
              "state": "passed",
              "speed": "slow",
              "pass": true,
              "fail": false,
              "pending": false,
              "context": null,
              "code": "_company_settings.TaxAndTermsPage.gotoTermsTab();\n_company_settings.TaxAndTermsPage.addNewTerm();\n_company_settings.TaxAndTermsPage.fillAddNewTermForm('New Term');\n_company_settings.TaxAndTermsPage.saveAddNewTermForm();",
              "err": {},
              "uuid": "37c42689-9240-442b-9f8b-8f806a5b755a",
              "parentUUID": "f4e6853c-63c6-473c-bdcd-717281e4991f",
              "isHook": false,
              "skipped": false
            }
          ],
          "suites": [],
          "passes": [
            "8b474ada-c34e-4881-be76-be460c103f33",
            "37c42689-9240-442b-9f8b-8f806a5b755a"
          ],
          "failures": [],
          "pending": [],
          "skipped": [],
          "duration": 43533,
          "root": false,
          "rootEmpty": false,
          "_timeout": 2000
        }
      ],
      "passes": [],
      "failures": [],
      "pending": [],
      "skipped": [],
      "duration": 0,
      "root": true,
      "rootEmpty": true,
      "_timeout": 2000
    }
  ],
  "meta": {
    "mocha": {
      "version": "7.0.1"
    },
    "mochawesome": {
      "options": {
        "quiet": false,
        "reportFilename": "[status]_[datetime]-[name]-report",
        "saveHtml": false,
        "saveJson": true,
        "consoleReporter": "spec",
        "useInlineDiffs": false,
        "code": true
      },
      "version": "7.1.3"
    },
    "marge": {
      "options": {
        "reportDir": "cypress/report/mochawesome-report",
        "reportFilename": "[status]_[datetime]-[name]-report",
        "title": "[status]_[datetime]-[name]-report",
        "timestamp": "longDate",
        "charts": true,
        "html": false,
        "json": true,
        "embeddedScreenshots": true,
        "overwrite": false,
        "inlineAssets": true
      },
      "version": "6.2.0"
    }
  }
}