{
  "stats": {
    "suites": 1,
    "tests": 1,
    "passes": 0,
    "pending": 0,
    "failures": 1,
    "start": "2022-09-12T05:16:00.669Z",
    "end": "2022-09-12T05:16:29.421Z",
    "duration": 28752,
    "testsRegistered": 1,
    "passPercent": 0,
    "pendingPercent": 0,
    "other": 0,
    "hasOther": false,
    "skipped": 0,
    "hasSkipped": false
  },
  "results": [
    {
      "uuid": "95e08978-95d6-49f6-88e4-9b77edba3156",
      "title": "",
      "fullFile": "cypress\\e2e\\newPurchaseOrder.cy.js",
      "file": "cypress\\e2e\\newPurchaseOrder.cy.js",
      "beforeHooks": [],
      "afterHooks": [],
      "tests": [],
      "suites": [
        {
          "uuid": "eea5bbdc-6bc6-48be-8e95-47e2510e3bc1",
          "title": "New Purchase Order Module",
          "fullFile": "",
          "file": "",
          "beforeHooks": [],
          "afterHooks": [],
          "tests": [
            {
              "title": "Basic new purchase order",
              "fullTitle": "New Purchase Order Module Basic new purchase order",
              "timedOut": null,
              "duration": 28627,
              "state": "failed",
              "speed": null,
              "pass": false,
              "fail": true,
              "pending": false,
              "context": null,
              "code": "_PurchaseOrderPage.default.clickAddNewPurchaseOrder();\n_PurchaseOrderPage.default.addPurchaseOrderModal.selectVendor('GG');\n_PurchaseOrderPage.default.addPurchaseOrderModal.enterInvoiceNumber('1234567890');\n_PurchaseOrderPage.default.addPurchaseOrderModal.enterJobNumber('123456789');\n_PurchaseOrderPage.default.addPurchaseOrderModal.enterShippingAddress('Sample Shipping Address, 4400');\n_PurchaseOrderPage.default.addPurchaseOrderModal.selectShipVia('UPS');\n_PurchaseOrderPage.default.addPurchaseOrderModal.enterInventory();\n_PurchaseOrderPage.default.addPurchaseOrderModal.savePurchaseOrder();",
              "err": {
                "message": "AssertionError: Timed out retrying after 8000ms: Expected to find element: `purchase-order-edit-dialog input#mat-input-3`, but never found it.",
                "estack": "AssertionError: Timed out retrying after 8000ms: Expected to find element: `purchase-order-edit-dialog input#mat-input-3`, but never found it.\n    at Object.selectVendorField (https://onetrack.industrack.com/__cypress/tests?p=cypress\\e2e\\newPurchaseOrder.cy.js:322:37)\n    at Object.selectVendor (https://onetrack.industrack.com/__cypress/tests?p=cypress\\e2e\\newPurchaseOrder.cy.js:344:45)\n    at Context.eval (https://onetrack.industrack.com/__cypress/tests?p=cypress\\e2e\\newPurchaseOrder.cy.js:132:54)",
                "diff": null
              },
              "uuid": "4c5dabb7-7f41-4be1-b942-2396b67bf6f0",
              "parentUUID": "eea5bbdc-6bc6-48be-8e95-47e2510e3bc1",
              "isHook": false,
              "skipped": false
            }
          ],
          "suites": [],
          "passes": [],
          "failures": [
            "4c5dabb7-7f41-4be1-b942-2396b67bf6f0"
          ],
          "pending": [],
          "skipped": [],
          "duration": 28627,
          "root": false,
          "rootEmpty": false,
          "_timeout": 2000
        }
      ],
      "passes": [],
      "failures": [],
      "pending": [],
      "skipped": [],
      "duration": 0,
      "root": true,
      "rootEmpty": true,
      "_timeout": 2000
    }
  ],
  "meta": {
    "mocha": {
      "version": "7.0.1"
    },
    "mochawesome": {
      "options": {
        "quiet": false,
        "reportFilename": "[status]_[datetime]-[name]-report",
        "saveHtml": false,
        "saveJson": true,
        "consoleReporter": "spec",
        "useInlineDiffs": false,
        "code": true
      },
      "version": "7.1.3"
    },
    "marge": {
      "options": {
        "reportDir": "cypress/report/mochawesome-report",
        "reportFilename": "[status]_[datetime]-[name]-report",
        "title": "[status]_[datetime]-[name]-report",
        "timestamp": "longDate",
        "charts": true,
        "html": false,
        "json": true,
        "embeddedScreenshots": true,
        "overwrite": false,
        "inlineAssets": true,
        "enableCharts": true
      },
      "version": "6.2.0"
    }
  }
}