{
  "stats": {
    "suites": 1,
    "tests": 1,
    "passes": 0,
    "pending": 0,
    "failures": 1,
    "start": "2022-09-21T12:24:20.340Z",
    "end": "2022-09-21T12:24:58.643Z",
    "duration": 38303,
    "testsRegistered": 1,
    "passPercent": 0,
    "pendingPercent": 0,
    "other": 0,
    "hasOther": false,
    "skipped": 0,
    "hasSkipped": false
  },
  "results": [
    {
      "uuid": "d1e862e1-b544-48ac-a8d3-30c0dbcfa775",
      "title": "",
      "fullFile": "cypress\\e2e\\customerModule.cy.js",
      "file": "cypress\\e2e\\customerModule.cy.js",
      "beforeHooks": [],
      "afterHooks": [],
      "tests": [],
      "suites": [
        {
          "uuid": "9fc9a36a-f299-46f4-8d1f-35a64d775847",
          "title": "Add Customer",
          "fullFile": "",
          "file": "",
          "beforeHooks": [],
          "afterHooks": [],
          "tests": [
            {
              "title": "Create new Customer - Add 2 service locations - Add Notes - Check if correctly assigned to the service location(s)",
              "fullTitle": "Add Customer Create new Customer - Add 2 service locations - Add Notes - Check if correctly assigned to the service location(s)",
              "timedOut": null,
              "duration": 38219,
              "state": "failed",
              "speed": null,
              "pass": false,
              "fail": true,
              "pending": false,
              "context": null,
              "code": "_Dashboard.default.preventNotificationCard();\n_CustomerPage.default.clickAddCustomerButton();\nconst rand = (0, _uuid.v4)().substring(0, 5);\nconst customerInfo = {\n  customerNumber: `Cust-${rand}`,\n  companyName: `${(0, _uuid.v4)().substring(0, 5)}-Add 2 service location to this customer`,\n  street: 'Cemetery Street'\n};\n_AddCustomerPage.default.fillData(customerInfo);\n_AddCustomerPage.default.clickSaveButton();\n_CustomerPage.default.clickAddNewServiceLocation();\nconst serviceLocationInfo = {\n  firstName: 'Jennifer',\n  lastName: 'McClure',\n  phone: '3233245240',\n  email: 'edgar1996@yahoo.com',\n  locationName: 'Genius Building',\n  street: 'Par Dr',\n  unitNumber: '1926',\n  city: 'Naples',\n  state: 'FL',\n  zip: '34120',\n  country: 'United States of America',\n  selectATaxRate: 'Not Selected'\n};\n_CustomerPage.default.addNewServiceLocationModal.fillServiceLocationData(serviceLocationInfo);\n_CustomerPage.default.addNewServiceLocationModal.clickSaveButton();\n_CustomerPage.default.clickAddNewServiceLocation();\nconst serviceLocationInfo1 = {\n  firstName: 'Abdul',\n  lastName: 'Dauphin',\n  phone: '209988909',\n  email: 'jarrell.pag@hotmail.com',\n  locationName: 'Genius Building',\n  street: 'Mercer Street',\n  unitNumber: '2541',\n  city: 'Jump River',\n  state: 'WI',\n  zip: '54434',\n  country: 'United States of America',\n  selectATaxRate: 'Not Selected'\n};\n_CustomerPage.default.addNewServiceLocationModal.fillServiceLocationData(serviceLocationInfo1);\n_CustomerPage.default.addNewServiceLocationModal.clickSaveButton();\n_CustomerPage.default.gotoNotesTab();\n_CustomerPage.default.clickAddOfficeNotesButton();\nconst rand3 = (0, _uuid.v4)().substring(0, 5);\nconst officeNoteInfo = {\n  noteText: `${rand3}Note`,\n  siteNote: false,\n  assignNoteToAServiceLocation: 0\n};\n_CustomerPage.default.fillOfficeNoteForm(officeNoteInfo);\n_CustomerPage.default.gotoNotesTab();\n_CustomerPage.default.clickAddOfficeNotesButton();\nconst rand4 = (0, _uuid.v4)().substring(0, 5);\nconst officeNoteInfo1 = {\n  noteText: `${rand4}Note`,\n  siteNote: false,\n  assignNoteToAServiceLocation: 1\n};\n_CustomerPage.default.fillOfficeNoteForm(officeNoteInfo1);\n_CustomerPage.default.gotoNotesTab();\n_CustomerPage.default.clickAddOfficeNotesButton();\nconst rand5 = (0, _uuid.v4)().substring(0, 5);\nconst officeNoteInfo2 = {\n  noteText: `${rand5}Note`,\n  siteNote: false,\n  assignNoteToAServiceLocation: 2\n};\n_CustomerPage.default.fillOfficeNoteForm(officeNoteInfo2);\n_CustomerPage.default.gotoNotesTab();\n_CustomerPage.default.clickAddOfficeNotesButton();\nconst rand6 = (0, _uuid.v4)().substring(0, 5);\nconst officeNoteInfo3 = {\n  noteText: `${rand6}Note`,\n  siteNote: true,\n  assignNoteToAServiceLocation: 0\n};\n_CustomerPage.default.fillOfficeNoteForm(officeNoteInfo3);\n_CustomerPage.default.gotoNotesTab();\n_CustomerPage.default.clickAddOfficeNotesButton();\nconst rand7 = (0, _uuid.v4)().substring(0, 5);\nconst officeNoteInfo4 = {\n  noteText: `${rand7}Note`,\n  siteNote: true,\n  assignNoteToAServiceLocation: 1\n};\n_CustomerPage.default.fillOfficeNoteForm(officeNoteInfo4);\n_CustomerPage.default.gotoNotesTab();\n_CustomerPage.default.clickAddOfficeNotesButton();\nconst rand8 = (0, _uuid.v4)().substring(0, 5);\nconst officeNoteInfo5 = {\n  noteText: `${rand8}Note`,\n  siteNote: true,\n  assignNoteToAServiceLocation: 2\n};\n_CustomerPage.default.fillOfficeNoteForm(officeNoteInfo5);\nconst asssignedNotesInfo = [{\n  street: customerInfo.street,\n  noteText: officeNoteInfo.noteText,\n  assignNoteToAServiceLocation: officeNoteInfo.assignNoteToAServiceLocation\n}, {\n  street: serviceLocationInfo.street,\n  noteText: officeNoteInfo1.noteText,\n  assignNoteToAServiceLocation: officeNoteInfo1.assignNoteToAServiceLocation\n}, {\n  street: serviceLocationInfo1.street,\n  noteText: officeNoteInfo2.noteText,\n  assignNoteToAServiceLocation: officeNoteInfo2.assignNoteToAServiceLocation\n}, {\n  street: customerInfo.street,\n  noteText: officeNoteInfo3.noteText,\n  assignNoteToAServiceLocation: officeNoteInfo3.assignNoteToAServiceLocation\n}, {\n  street: serviceLocationInfo.street,\n  noteText: officeNoteInfo4.noteText,\n  assignNoteToAServiceLocation: officeNoteInfo4.assignNoteToAServiceLocation\n}, {\n  street: serviceLocationInfo1.street,\n  noteText: officeNoteInfo5.noteText,\n  assignNoteToAServiceLocation: officeNoteInfo5.assignNoteToAServiceLocation\n}];\n_CustomerPage.default.checkAssignedNotes(asssignedNotesInfo);",
              "err": {
                "message": "CypressError: Timed out retrying after 8050ms: `cy.click()` failed because this element:\n\n`<button _ngcontent-gih-c205=\"\" data-toggle=\"modal\" data-target=\"#modalAddNewCustomer\" type=\"button\" class=\"btn btn-primary btn-sm m-r-sm\">...</button>`\n\nis being covered by another element:\n\n`<div class=\"modal-body\">...</div>`\n\nFix this problem, or use {force: true} to disable error checking.\n\nhttps://on.cypress.io/element-cannot-be-interacted-with",
                "estack": "CypressError: Timed out retrying after 8050ms: `cy.click()` failed because this element:\n\n`<button _ngcontent-gih-c205=\"\" data-toggle=\"modal\" data-target=\"#modalAddNewCustomer\" type=\"button\" class=\"btn btn-primary btn-sm m-r-sm\">...</button>`\n\nis being covered by another element:\n\n`<div class=\"modal-body\">...</div>`\n\nFix this problem, or use {force: true} to disable error checking.\n\nhttps://on.cypress.io/element-cannot-be-interacted-with\n    at $Cy.ensureDescendents (https://onetrack.industrack.com/__cypress/runner/cypress_runner.js:147512:78)\n    at ensureDescendents (https://onetrack.industrack.com/__cypress/runner/cypress_runner.js:132962:8)\n    at ensureDescendentsAndScroll (https://onetrack.industrack.com/__cypress/runner/cypress_runner.js:132969:14)\n    at ensureElIsNotCovered (https://onetrack.industrack.com/__cypress/runner/cypress_runner.js:133101:5)\n    at runAllChecks (https://onetrack.industrack.com/__cypress/runner/cypress_runner.js:133291:52)\n    at retryActionability (https://onetrack.industrack.com/__cypress/runner/cypress_runner.js:133315:16)\n    at tryCatcher (https://onetrack.industrack.com/__cypress/runner/cypress_runner.js:11318:23)\n    at Promise.attempt.Promise.try (https://onetrack.industrack.com/__cypress/runner/cypress_runner.js:8592:29)\n    at whenStable (https://onetrack.industrack.com/__cypress/runner/cypress_runner.js:152495:65)\n    at <unknown> (https://onetrack.industrack.com/__cypress/runner/cypress_runner.js:151949:14)\n    at tryCatcher (https://onetrack.industrack.com/__cypress/runner/cypress_runner.js:11318:23)\n    at Promise._settlePromiseFromHandler (https://onetrack.industrack.com/__cypress/runner/cypress_runner.js:9253:31)\n    at Promise._settlePromise (https://onetrack.industrack.com/__cypress/runner/cypress_runner.js:9310:18)\n    at Promise._settlePromise0 (https://onetrack.industrack.com/__cypress/runner/cypress_runner.js:9355:10)\n    at Promise._settlePromises (https://onetrack.industrack.com/__cypress/runner/cypress_runner.js:9435:18)\n    at Promise._fulfill (https://onetrack.industrack.com/__cypress/runner/cypress_runner.js:9379:18)\n    at <unknown> (https://onetrack.industrack.com/__cypress/runner/cypress_runner.js:10993:46)\nFrom Your Spec Code:\n    at CustomerPage.eval [as clickAddCustomerButton] (webpack:///./cypress/pages/CustomerPage.js:113:37)\n    at Context.eval (webpack:///./cypress/e2e/customerModule.cy.js:249:17)",
                "diff": null
              },
              "uuid": "8043a757-890c-4d22-b88c-2d2086d887c9",
              "parentUUID": "9fc9a36a-f299-46f4-8d1f-35a64d775847",
              "isHook": false,
              "skipped": false
            }
          ],
          "suites": [],
          "passes": [],
          "failures": [
            "8043a757-890c-4d22-b88c-2d2086d887c9"
          ],
          "pending": [],
          "skipped": [],
          "duration": 38219,
          "root": false,
          "rootEmpty": false,
          "_timeout": 2000
        }
      ],
      "passes": [],
      "failures": [],
      "pending": [],
      "skipped": [],
      "duration": 0,
      "root": true,
      "rootEmpty": true,
      "_timeout": 2000
    }
  ],
  "meta": {
    "mocha": {
      "version": "7.0.1"
    },
    "mochawesome": {
      "options": {
        "quiet": false,
        "reportFilename": "[status]_[datetime]-[name]-report",
        "saveHtml": false,
        "saveJson": true,
        "consoleReporter": "spec",
        "useInlineDiffs": false,
        "code": true
      },
      "version": "7.1.3"
    },
    "marge": {
      "options": {
        "reportDir": "cypress/report/mochawesome-report",
        "reportFilename": "[status]_[datetime]-[name]-report",
        "title": "[status]_[datetime]-[name]-report",
        "timestamp": "longDate",
        "charts": true,
        "html": false,
        "json": true,
        "embeddedScreenshots": true,
        "overwrite": true,
        "inlineAssets": true,
        "enableCharts": true
      },
      "version": "6.2.0"
    }
  }
}