{
  "stats": {
    "suites": 1,
    "tests": 6,
    "passes": 5,
    "pending": 0,
    "failures": 1,
    "start": "2022-09-09T12:14:01.943Z",
    "end": "2022-09-09T12:18:32.965Z",
    "duration": 271022,
    "testsRegistered": 6,
    "passPercent": 83.33333333333334,
    "pendingPercent": 0,
    "other": 0,
    "hasOther": false,
    "skipped": 0,
    "hasSkipped": false
  },
  "results": [
    {
      "uuid": "74537b7e-404c-4ce6-b411-405b97f134f8",
      "title": "",
      "fullFile": "cypress\\e2e\\customerModule.cy.js",
      "file": "cypress\\e2e\\customerModule.cy.js",
      "beforeHooks": [],
      "afterHooks": [],
      "tests": [],
      "suites": [
        {
          "uuid": "758aff14-ce07-49ae-a33f-32631d8f0165",
          "title": "Add Customer",
          "fullFile": "",
          "file": "",
          "beforeHooks": [],
          "afterHooks": [],
          "tests": [
            {
              "title": "Successfully create a customer",
              "fullTitle": "Add Customer Successfully create a customer",
              "timedOut": null,
              "duration": 45427,
              "state": "passed",
              "speed": "slow",
              "pass": true,
              "fail": false,
              "pending": false,
              "context": null,
              "code": "const customerInfo = {};\n_AddCustomerPage.default.fillData(customerInfo);\ncy.wait(2500);\n_AddCustomerPage.default.elements.saveButton().should('not.be.disabled');\n_AddCustomerPage.default.elements.saveButton().click();",
              "err": {},
              "uuid": "a90bb77d-ea3d-4ca1-a3e9-2f9a3a40bc13",
              "parentUUID": "758aff14-ce07-49ae-a33f-32631d8f0165",
              "isHook": false,
              "skipped": false
            },
            {
              "title": "Should disable save if required fields are not filled",
              "fullTitle": "Add Customer Should disable save if required fields are not filled",
              "timedOut": null,
              "duration": 22197,
              "state": "failed",
              "speed": null,
              "pass": false,
              "fail": true,
              "pending": false,
              "context": null,
              "code": "_AddCustomerPage.default.fillData();\n_AddCustomerPage.default.elements.streetAddressTextBox().clear();\n_AddCustomerPage.default.elements.cityTextBox().clear();\n_AddCustomerPage.default.elements.stateTextBox().clear();\n_AddCustomerPage.default.elements.postCodeTextBox().clear();\ncy.wait(3000);\n_AddCustomerPage.default.elements.sameAsCompanyCheckbox().click();\n_AddCustomerPage.default.elements.saveButton().click({\n  force: true\n}).should('be.disabled');\n/* Check textboxes to be in red(invalid entries) */\n\n_AddCustomerPage.default.elements.streetAddressTextBox().should('have.class', 'ng-invalid');\n_AddCustomerPage.default.elements.cityTextBox().should('have.class', 'ng-invalid');\n_AddCustomerPage.default.elements.stateTextBox().should('have.class', 'ng-invalid');\n_AddCustomerPage.default.elements.postCodeTextBox().should('have.class', 'ng-invalid'); // AddCustomerPage.elements.billingStreetAddressTextbox().should('have.class', 'ng-invalid')\n// AddCustomerPage.elements.billingCityTextbox().should('have.class', 'ng-invalid')\n// AddCustomerPage.elements.billingStateProvinceTextbox().should('have.class', 'ng-invalid')\n// AddCustomerPage.elements.billingPostCodeTextBox().should('have.class', 'ng-invalid')",
              "err": {
                "message": "TypeError: Cannot read properties of undefined (reading 'customerNumber')",
                "estack": "TypeError: Cannot read properties of undefined (reading 'customerNumber')\n    at AddCustomerPage.eval [as fillData] (https://onetrack.industrack.com/__cypress/tests?p=cypress\\e2e\\customerModule.cy.js:318:41)\n    at Context.eval (https://onetrack.industrack.com/__cypress/tests?p=cypress\\e2e\\customerModule.cy.js:150:30)",
                "diff": null
              },
              "uuid": "23e8afba-1676-4167-948b-67884d969b3c",
              "parentUUID": "758aff14-ce07-49ae-a33f-32631d8f0165",
              "isHook": false,
              "skipped": false
            },
            {
              "title": "Shows warning when saving unvalidated address",
              "fullTitle": "Add Customer Shows warning when saving unvalidated address",
              "timedOut": null,
              "duration": 34863,
              "state": "passed",
              "speed": "slow",
              "pass": true,
              "fail": false,
              "pending": false,
              "context": null,
              "code": "const customerInfo = {};\n_AddCustomerPage.default.fillData(customerInfo);\ncy.wait(2500);\n_AddCustomerPage.default.elements.saveButton().should('not.be.disabled');\n_AddCustomerPage.default.elements.saveButton().click();\n_AddCustomerPage.default.checkWarningDialog('This address book doesn\\'t have valid coordinates and may not be visible in the mobile app. Do you want to save without validating the address?');",
              "err": {},
              "uuid": "572484a6-98c9-47cc-9597-3e9868047394",
              "parentUUID": "758aff14-ce07-49ae-a33f-32631d8f0165",
              "isHook": false,
              "skipped": false
            },
            {
              "title": "Disable save if email is invalid",
              "fullTitle": "Add Customer Disable save if email is invalid",
              "timedOut": null,
              "duration": 39329,
              "state": "passed",
              "speed": "slow",
              "pass": true,
              "fail": false,
              "pending": false,
              "context": null,
              "code": "const customerInfo = {\n  email: 'dina.schill@'\n};\n_AddCustomerPage.default.fillData(customerInfo);\n_AddCustomerPage.default.checkEmailErrorMessage('Incorrect email'); // AddCustomerPage.clickSaveButton()\n\n_AddCustomerPage.default.checkSaveButtonDisabled();",
              "err": {},
              "uuid": "700fecc1-f017-44f4-8545-c5c369f2ff2c",
              "parentUUID": "758aff14-ce07-49ae-a33f-32631d8f0165",
              "isHook": false,
              "skipped": false
            },
            {
              "title": "Add Service Location to a newly created Customer - Added Location has no selected tax rate",
              "fullTitle": "Add Customer Add Service Location to a newly created Customer - Added Location has no selected tax rate",
              "timedOut": null,
              "duration": 64828,
              "state": "passed",
              "speed": "slow",
              "pass": true,
              "fail": false,
              "pending": false,
              "context": null,
              "code": "const customerInfo = {\n  customerNumber: '192379182739812',\n  companyName: 'Add service location to this customer'\n};\n_AddCustomerPage.default.fillData(customerInfo);\n_AddCustomerPage.default.clickSaveButton();\n_AddCustomerPage.default.confirmValidityYes();\n_CustomerPage.default.clickAddNewServiceLocation();\nconst serviceLocationInfo = {};\n_CustomerPage.default.addNewServiceLocationModal.fillServiceLocationData(serviceLocationInfo);\n_CustomerPage.default.addNewServiceLocationModal.clickSaveButton(); // cy.wait(5000)\n// Dashboard.clickCustomerTab()\n// CustomerPage.searchCustomer(customerInfo.companyName)",
              "err": {},
              "uuid": "f77b0bf2-138d-4c81-9670-4110c3f2703d",
              "parentUUID": "758aff14-ce07-49ae-a33f-32631d8f0165",
              "isHook": false,
              "skipped": false
            },
            {
              "title": "Add Service Location to a newly created Customer - Tax Rate Added to Added Location",
              "fullTitle": "Add Customer Add Service Location to a newly created Customer - Tax Rate Added to Added Location",
              "timedOut": null,
              "duration": 63663,
              "state": "passed",
              "speed": "slow",
              "pass": true,
              "fail": false,
              "pending": false,
              "context": null,
              "code": "const customerInfo = {\n  customerNumber: '192379182739812',\n  companyName: 'Add service location to this customer'\n};\n_AddCustomerPage.default.fillData(customerInfo);\n_AddCustomerPage.default.clickSaveButton();\n_AddCustomerPage.default.confirmValidityYes();\n_CustomerPage.default.clickAddNewServiceLocation();\nconst serviceLocationInfo = {\n  selectATaxRate: 'New Tax'\n};\n_CustomerPage.default.addNewServiceLocationModal.fillServiceLocationData(serviceLocationInfo);\n_CustomerPage.default.addNewServiceLocationModal.clickSaveButton(); // cy.wait(5000)\n// Dashboard.clickCustomerTab()\n// CustomerPage.searchCustomer(customerInfo.companyName)",
              "err": {},
              "uuid": "da2cfb28-c3fb-4975-8b26-0109fa491617",
              "parentUUID": "758aff14-ce07-49ae-a33f-32631d8f0165",
              "isHook": false,
              "skipped": false
            }
          ],
          "suites": [],
          "passes": [
            "a90bb77d-ea3d-4ca1-a3e9-2f9a3a40bc13",
            "572484a6-98c9-47cc-9597-3e9868047394",
            "700fecc1-f017-44f4-8545-c5c369f2ff2c",
            "f77b0bf2-138d-4c81-9670-4110c3f2703d",
            "da2cfb28-c3fb-4975-8b26-0109fa491617"
          ],
          "failures": [
            "23e8afba-1676-4167-948b-67884d969b3c"
          ],
          "pending": [],
          "skipped": [],
          "duration": 270307,
          "root": false,
          "rootEmpty": false,
          "_timeout": 2000
        }
      ],
      "passes": [],
      "failures": [],
      "pending": [],
      "skipped": [],
      "duration": 0,
      "root": true,
      "rootEmpty": true,
      "_timeout": 2000
    }
  ],
  "meta": {
    "mocha": {
      "version": "7.0.1"
    },
    "mochawesome": {
      "options": {
        "quiet": false,
        "reportFilename": "[status]_[datetime]-[name]-report",
        "saveHtml": false,
        "saveJson": true,
        "consoleReporter": "spec",
        "useInlineDiffs": false,
        "code": true
      },
      "version": "7.1.3"
    },
    "marge": {
      "options": {
        "reportDir": "cypress/report/mochawesome-report",
        "reportFilename": "[status]_[datetime]-[name]-report",
        "title": "[status]_[datetime]-[name]-report",
        "timestamp": "longDate",
        "charts": true,
        "html": false,
        "json": true,
        "embeddedScreenshots": true,
        "overwrite": false,
        "inlineAssets": true,
        "enableCharts": true
      },
      "version": "6.2.0"
    }
  }
}