{
  "stats": {
    "suites": 1,
    "tests": 9,
    "passes": 6,
    "pending": 0,
    "failures": 3,
    "start": "2022-09-08T12:14:43.741Z",
    "end": "2022-09-08T12:21:52.629Z",
    "duration": 428888,
    "testsRegistered": 9,
    "passPercent": 66.66666666666666,
    "pendingPercent": 0,
    "other": 0,
    "hasOther": false,
    "skipped": 0,
    "hasSkipped": false
  },
  "results": [
    {
      "uuid": "cf008510-eae7-4172-ae8f-6409a86ec8e4",
      "title": "",
      "fullFile": "cypress\\e2e\\newEstimate.cy.js",
      "file": "cypress\\e2e\\newEstimate.cy.js",
      "beforeHooks": [],
      "afterHooks": [],
      "tests": [],
      "suites": [
        {
          "uuid": "e1d6d198-35da-401a-8a3d-c4934a42c6b4",
          "title": "New Estimate module",
          "fullFile": "",
          "file": "",
          "beforeHooks": [],
          "afterHooks": [],
          "tests": [
            {
              "title": "New customer, New Inventory, New Estimate e2e",
              "fullTitle": "New Estimate module New customer, New Inventory, New Estimate e2e",
              "timedOut": null,
              "duration": 13099,
              "state": "failed",
              "speed": null,
              "pass": false,
              "fail": true,
              "pending": false,
              "context": null,
              "code": "/*new customer */\n_Dashboard.default.clickCustomerTab();\n_Dashboard.default.clickAddCustomerButton();\n_AddCustomerPage.default.fillData();\ncy.wait(2500);\n_AddCustomerPage.default.elements.saveButton().should('not.be.disabled');\n_AddCustomerPage.default.elements.saveButton().click();\n_AddCustomerPage.default.confirmValidityYes();\n/*new inventory */\n\ncy.wait(3500);\n_inventory.InventoryListPage.gotoAddNewInventory();\n_AddNewInventoryPage.default.fillData();\n_AddNewInventoryPage.default.clickSaveButton();\n_AddNewInventoryPage.default.checkSaveSuccess();\n/*newEstimate*/\n\n_Dashboard.default.clickEstimatesTab();\n_EstimatesPage.default.clickAddNew();\ncy.wait(4000);\n_EstimatesPage.default.selectCustomer('Genius Giant Inc.');\n_EstimatesPage.default.inventorySelect('Inventory Item 1');\n_EstimatesPage.default.saveAndCloseEstimate();",
              "err": {
                "message": "TypeError: Cannot read properties of undefined (reading 'customerNumber')",
                "estack": "TypeError: Cannot read properties of undefined (reading 'customerNumber')\n    at AddCustomerPage.eval [as fillData] (https://onetrack.industrack.com/__cypress/tests?p=cypress\\e2e\\newEstimate.cy.js:473:41)\n    at Context.eval (https://onetrack.industrack.com/__cypress/tests?p=cypress\\e2e\\newEstimate.cy.js:140:30)",
                "diff": null
              },
              "uuid": "f16265ea-5cf4-47b2-8406-dd49af9c6917",
              "parentUUID": "e1d6d198-35da-401a-8a3d-c4934a42c6b4",
              "isHook": false,
              "skipped": false
            },
            {
              "title": "Should have status Won",
              "fullTitle": "New Estimate module Should have status Won",
              "timedOut": null,
              "duration": 34317,
              "state": "passed",
              "speed": "slow",
              "pass": true,
              "fail": false,
              "pending": false,
              "context": null,
              "code": "_Dashboard.default.clickEstimatesTab();\n_EstimatesPage.default.clickAddNew();\ncy.wait(4000);\n_EstimatesPage.default.selectCustomer('Genius Giant Inc.');\n_EstimatesPage.default.inventorySelect('Inventory Item 1');\n_EstimatesPage.default.saveEstimate();\ncy.wait(3000);\n_EstimatesPage.default.markAsWon();\ncy.wait(3000);\n_EstimatesPage.default.confirmYes();\n_EstimatesPage.default.checkEstimateStatus('Won');",
              "err": {},
              "uuid": "41b799f4-0e79-4455-9804-cf268a9204ba",
              "parentUUID": "e1d6d198-35da-401a-8a3d-c4934a42c6b4",
              "isHook": false,
              "skipped": false
            },
            {
              "title": "Should have status Lost",
              "fullTitle": "New Estimate module Should have status Lost",
              "timedOut": null,
              "duration": 32705,
              "state": "passed",
              "speed": "slow",
              "pass": true,
              "fail": false,
              "pending": false,
              "context": null,
              "code": "_Dashboard.default.clickEstimatesTab();\n_EstimatesPage.default.clickAddNew();\ncy.wait(4000);\n_EstimatesPage.default.selectCustomer('Genius Giant Inc.');\n_EstimatesPage.default.inventorySelect('Inventory Item 1');\n_EstimatesPage.default.saveEstimate();\ncy.wait(3000);\n_EstimatesPage.default.markAslost();\ncy.wait(3000);\n_EstimatesPage.default.confirmYes();\n_EstimatesPage.default.checkEstimateStatus('Lost');",
              "err": {},
              "uuid": "5c88620d-9b91-4f32-8ffe-08418a4fcade",
              "parentUUID": "e1d6d198-35da-401a-8a3d-c4934a42c6b4",
              "isHook": false,
              "skipped": false
            },
            {
              "title": "Should proceed to Add New Job Screen after converting to Job",
              "fullTitle": "New Estimate module Should proceed to Add New Job Screen after converting to Job",
              "timedOut": null,
              "duration": 38741,
              "state": "passed",
              "speed": "slow",
              "pass": true,
              "fail": false,
              "pending": false,
              "context": null,
              "code": "_Dashboard.default.clickEstimatesTab();\n_EstimatesPage.default.clickAddNew();\ncy.wait(4000);\n_EstimatesPage.default.selectCustomer('Genius Giant Game Inc.');\n_EstimatesPage.default.inventorySelect('Inventory Item 1');\n_EstimatesPage.default.saveEstimate();\ncy.wait(3000);\n_EstimatesPage.default.convertToJob();\ncy.wait(3000);\n_EstimatesPage.default.confirmYes();\ncy.wait(5500);\n_EstimatesPage.default.checkAddNewJobModalTitle();",
              "err": {},
              "uuid": "3918816b-ece4-4871-a520-a32550e26011",
              "parentUUID": "e1d6d198-35da-401a-8a3d-c4934a42c6b4",
              "isHook": false,
              "skipped": false
            },
            {
              "title": "Should successfully convert estimate to invoice",
              "fullTitle": "New Estimate module Should successfully convert estimate to invoice",
              "timedOut": null,
              "duration": 34200,
              "state": "passed",
              "speed": "slow",
              "pass": true,
              "fail": false,
              "pending": false,
              "context": null,
              "code": "_Dashboard.default.clickEstimatesTab();\n_EstimatesPage.default.clickAddNew();\ncy.wait(4000);\n_EstimatesPage.default.selectCustomer('Genius Giant Game Inc.');\n_EstimatesPage.default.inventorySelect('Inventory Item 1');\n_EstimatesPage.default.saveEstimate();\ncy.wait(3000);\n_EstimatesPage.default.convertToInvoice();\ncy.wait(3000);\n_EstimatesPage.default.confirmYes();\n_EstimatesPage.default.checkConvertedToInvoiceSuccess();\ncy.wait(1500);\n_InvoiceOverviewPage.default.checkInvoiceStatus();",
              "err": {},
              "uuid": "1f207610-0308-4f52-973d-cdd4e2066b27",
              "parentUUID": "e1d6d198-35da-401a-8a3d-c4934a42c6b4",
              "isHook": false,
              "skipped": false
            },
            {
              "title": "Should change Customer",
              "fullTitle": "New Estimate module Should change Customer",
              "timedOut": null,
              "duration": 43956,
              "state": "passed",
              "speed": "slow",
              "pass": true,
              "fail": false,
              "pending": false,
              "context": null,
              "code": "_Dashboard.default.clickEstimatesTab();\n_EstimatesPage.default.clickAddNew();\ncy.wait(4000);\n_EstimatesPage.default.selectCustomer('Genius Giant Game Inc.');\n_EstimatesPage.default.inventorySelect('Inventory Item 1');\n_EstimatesPage.default.saveEstimate();\ncy.wait(4000);\n_EstimatesPage.default.changeCustomer('Change to this customer');\ncy.wait(4000);\n_EstimatesPage.default.saveEstimate();\ncy.wait(2500);\n_EstimatesPage.default.checkBillToCustomerName('Change to this customer');",
              "err": {},
              "uuid": "f225a364-99f1-41a5-9867-98e9ee165bab",
              "parentUUID": "e1d6d198-35da-401a-8a3d-c4934a42c6b4",
              "isHook": false,
              "skipped": false
            },
            {
              "title": "Should send estimate as email",
              "fullTitle": "New Estimate module Should send estimate as email",
              "timedOut": null,
              "duration": 32914,
              "state": "passed",
              "speed": "slow",
              "pass": true,
              "fail": false,
              "pending": false,
              "context": null,
              "code": "_Dashboard.default.clickEstimatesTab();\n_EstimatesPage.default.clickAddNew();\ncy.wait(4000);\n_EstimatesPage.default.selectCustomer('Genius Giant Game Inc.');\n_EstimatesPage.default.inventorySelect('Inventory Item 1');\n_EstimatesPage.default.saveEstimate();\ncy.wait(4000);\n_EstimatesPage.default.sendToEmail();",
              "err": {},
              "uuid": "e1b3559b-557b-493f-a2a5-0fbe3267e568",
              "parentUUID": "e1d6d198-35da-401a-8a3d-c4934a42c6b4",
              "isHook": false,
              "skipped": false
            },
            {
              "title": "Should have correct Row total upon adding discount",
              "fullTitle": "New Estimate module Should have correct Row total upon adding discount",
              "timedOut": null,
              "duration": 86233,
              "state": "failed",
              "speed": null,
              "pass": false,
              "fail": true,
              "pending": false,
              "context": null,
              "code": "_Dashboard.default.clickEstimatesTab();\n_EstimatesPage.default.clickAddNew();\ncy.wait(4000);\n_EstimatesPage.default.selectCustomer('Genius Giant Game Inc.');\n_EstimatesPage.default.inventorySelect('Air Filter');\ncy.wait(4000);\n_EstimatesPage.default.inventorySelect('Inventory Item 1');\ncy.wait(4000);\n_EstimatesPage.default.inventorySelect('Gaming Chair');\ncy.wait(4000);\n_EstimatesPage.default.addDiscountInRow(0, 30, '%', 3);\n_EstimatesPage.default.checkInvoiceSubtotal();\n_EstimatesPage.default.addDiscountInRow(0, 25, '$', 3);\n_EstimatesPage.default.checkInvoiceSubtotal();\n_EstimatesPage.default.saveEstimate();\ncy.wait(4000);\n_EstimatesPage.default.checkRowsTotal();",
              "err": {
                "message": "AssertionError: 000004 - Air filter: Unit Cost($150) + Profit(0.6667000000000001): expected '250.01' to equal '250.00'",
                "estack": "AssertionError: 000004 - Air filter: Unit Cost($150) + Profit(0.6667000000000001): expected '250.01' to equal '250.00'\n    at Context.checkCalc (https://onetrack.industrack.com/__cypress/tests?p=cypress\\e2e\\newEstimate.cy.js:891:9)",
                "diff": "- '250.01'\n+ '250.00'\n"
              },
              "uuid": "a144daf9-6696-49f4-bdf7-e3a7eaf1f025",
              "parentUUID": "e1d6d198-35da-401a-8a3d-c4934a42c6b4",
              "isHook": false,
              "skipped": false
            },
            {
              "title": "Should change input values and have correct calculations after save",
              "fullTitle": "New Estimate module Should change input values and have correct calculations after save",
              "timedOut": null,
              "duration": 111595,
              "state": "failed",
              "speed": null,
              "pass": false,
              "fail": true,
              "pending": false,
              "context": null,
              "code": "_Dashboard.default.clickEstimatesTab();\n_EstimatesPage.default.clickAddNew();\ncy.wait(4000);\n_EstimatesPage.default.selectCustomer('Genius Giant Game Inc.');\n_EstimatesPage.default.inventorySelect('Air Filter');\ncy.wait(4000);\n_EstimatesPage.default.inventorySelect('Inventory Item 1');\ncy.wait(4000);\n_EstimatesPage.default.inventorySelect('Gaming Chair');\ncy.wait(4000);\n_EstimatesPage.default.addDiscountInRow(0, 30, '%', 3);\n_EstimatesPage.default.addDiscountInRow(0, 25, '$', 3);\ncy.wait(4000);\n_EstimatesPage.default.changeTableValues();\n_EstimatesPage.default.addInvoiceDiscount();\n_EstimatesPage.default.checkInvoiceTotal();\n_EstimatesPage.default.saveEstimate();\n_EstimatesPage.default.checkRowsTotal();",
              "err": {
                "message": "AssertionError: Invoice Subtotal($4484.25) less invoice discount($554.23): expected 4484.25 to equal 4792.77",
                "estack": "AssertionError: Invoice Subtotal($4484.25) less invoice discount($554.23): expected 4484.25 to equal 4792.77\n    at Context.eval (https://onetrack.industrack.com/__cypress/tests?p=cypress\\e2e\\newEstimate.cy.js:945:9)",
                "diff": "- 4484.25\n+ 4792.77\n"
              },
              "uuid": "dca19475-9259-43ba-a6cc-3bc9d103994f",
              "parentUUID": "e1d6d198-35da-401a-8a3d-c4934a42c6b4",
              "isHook": false,
              "skipped": false
            }
          ],
          "suites": [],
          "passes": [
            "41b799f4-0e79-4455-9804-cf268a9204ba",
            "5c88620d-9b91-4f32-8ffe-08418a4fcade",
            "3918816b-ece4-4871-a520-a32550e26011",
            "1f207610-0308-4f52-973d-cdd4e2066b27",
            "f225a364-99f1-41a5-9867-98e9ee165bab",
            "e1b3559b-557b-493f-a2a5-0fbe3267e568"
          ],
          "failures": [
            "f16265ea-5cf4-47b2-8406-dd49af9c6917",
            "a144daf9-6696-49f4-bdf7-e3a7eaf1f025",
            "dca19475-9259-43ba-a6cc-3bc9d103994f"
          ],
          "pending": [],
          "skipped": [],
          "duration": 427760,
          "root": false,
          "rootEmpty": false,
          "_timeout": 2000
        }
      ],
      "passes": [],
      "failures": [],
      "pending": [],
      "skipped": [],
      "duration": 0,
      "root": true,
      "rootEmpty": true,
      "_timeout": 2000
    }
  ],
  "meta": {
    "mocha": {
      "version": "7.0.1"
    },
    "mochawesome": {
      "options": {
        "quiet": false,
        "reportFilename": "[status]_[datetime]-[name]-report",
        "saveHtml": false,
        "saveJson": true,
        "consoleReporter": "spec",
        "useInlineDiffs": false,
        "code": true
      },
      "version": "7.1.3"
    },
    "marge": {
      "options": {
        "reportDir": "cypress/report/mochawesome-report",
        "reportFilename": "[status]_[datetime]-[name]-report",
        "title": "[status]_[datetime]-[name]-report",
        "timestamp": "longDate",
        "charts": true,
        "html": false,
        "json": true,
        "embeddedScreenshots": true,
        "overwrite": false,
        "inlineAssets": true,
        "enableCharts": true
      },
      "version": "6.2.0"
    }
  }
}