{
  "stats": {
    "suites": 1,
    "tests": 9,
    "passes": 6,
    "pending": 0,
    "failures": 3,
    "start": "2022-09-09T09:18:26.168Z",
    "end": "2022-09-09T09:24:54.909Z",
    "duration": 388741,
    "testsRegistered": 9,
    "passPercent": 66.66666666666666,
    "pendingPercent": 0,
    "other": 0,
    "hasOther": false,
    "skipped": 0,
    "hasSkipped": false
  },
  "results": [
    {
      "uuid": "9cff9f2e-1a9f-4cc4-a641-d26371984c1f",
      "title": "",
      "fullFile": "cypress\\e2e\\newEstimate.cy.js",
      "file": "cypress\\e2e\\newEstimate.cy.js",
      "beforeHooks": [],
      "afterHooks": [],
      "tests": [],
      "suites": [
        {
          "uuid": "0af061b0-3239-42da-a6ea-8fe3e14b5829",
          "title": "New Estimate module",
          "fullFile": "",
          "file": "",
          "beforeHooks": [],
          "afterHooks": [],
          "tests": [
            {
              "title": "New customer, New Inventory, New Estimate e2e",
              "fullTitle": "New Estimate module New customer, New Inventory, New Estimate e2e",
              "timedOut": null,
              "duration": 12525,
              "state": "failed",
              "speed": null,
              "pass": false,
              "fail": true,
              "pending": false,
              "context": null,
              "code": "/*new customer */\n// Dashboard.clickCustomerTab()\ncy.visit('/estimatesTab/list');\n_Dashboard.default.clickAddCustomerButton();\n_AddCustomerPage.default.fillData();\ncy.wait(2500);\n_AddCustomerPage.default.elements.saveButton().should('not.be.disabled');\n_AddCustomerPage.default.elements.saveButton().click();\n_AddCustomerPage.default.confirmValidityYes();\n/*new inventory */\n\ncy.wait(3500);\n_inventory.InventoryListPage.gotoAddNewInventory();\n_AddNewInventoryPage.default.fillData();\n_AddNewInventoryPage.default.clickSaveButton();\n_AddNewInventoryPage.default.checkSaveSuccess();\n/*newEstimate*/\n// Dashboard.clickEstimatesTab()\n\ncy.visit('/estimatesTab/list');\n_EstimatesPage.default.clickAddNew();\ncy.wait(4000);\n_EstimatesPage.default.selectCustomer('Genius Giant Inc.');\n_EstimatesPage.default.inventorySelect('Inventory Item 1');\n_EstimatesPage.default.saveAndCloseEstimate();",
              "err": {
                "message": "TypeError: Cannot read properties of undefined (reading 'customerNumber')",
                "estack": "TypeError: Cannot read properties of undefined (reading 'customerNumber')\n    at AddCustomerPage.eval [as fillData] (https://onetrack.industrack.com/__cypress/tests?p=cypress\\e2e\\newEstimate.cy.js:483:41)\n    at Context.eval (https://onetrack.industrack.com/__cypress/tests?p=cypress\\e2e\\newEstimate.cy.js:141:30)",
                "diff": null
              },
              "uuid": "41eece7e-3da9-491f-8e97-f7dbbb324eba",
              "parentUUID": "0af061b0-3239-42da-a6ea-8fe3e14b5829",
              "isHook": false,
              "skipped": false
            },
            {
              "title": "Should have status Won",
              "fullTitle": "New Estimate module Should have status Won",
              "timedOut": null,
              "duration": 31840,
              "state": "passed",
              "speed": "slow",
              "pass": true,
              "fail": false,
              "pending": false,
              "context": null,
              "code": "// Dashboard.clickEstimatesTab()\ncy.visit('/estimatesTab/list');\n_EstimatesPage.default.clickAddNew();\ncy.wait(4000);\n_EstimatesPage.default.selectCustomer('Genius Giant Inc.');\n_EstimatesPage.default.inventorySelect('Inventory Item 1');\n_EstimatesPage.default.saveEstimate();\ncy.wait(3000);\n_EstimatesPage.default.markAsWon();\ncy.wait(3000);\n_EstimatesPage.default.confirmYes();\n_EstimatesPage.default.checkEstimateStatus('Won');",
              "err": {},
              "uuid": "da6fae5a-c037-4dcd-af44-66aeab6e414f",
              "parentUUID": "0af061b0-3239-42da-a6ea-8fe3e14b5829",
              "isHook": false,
              "skipped": false
            },
            {
              "title": "Should have status Lost",
              "fullTitle": "New Estimate module Should have status Lost",
              "timedOut": null,
              "duration": 31007,
              "state": "passed",
              "speed": "slow",
              "pass": true,
              "fail": false,
              "pending": false,
              "context": null,
              "code": "// Dashboard.clickEstimatesTab()\ncy.visit('/estimatesTab/list');\n_EstimatesPage.default.clickAddNew();\ncy.wait(4000);\n_EstimatesPage.default.selectCustomer('Genius Giant Inc.');\n_EstimatesPage.default.inventorySelect('Inventory Item 1');\n_EstimatesPage.default.saveEstimate();\ncy.wait(3000);\n_EstimatesPage.default.markAslost();\ncy.wait(3000);\n_EstimatesPage.default.confirmYes();\n_EstimatesPage.default.checkEstimateStatus('Lost');",
              "err": {},
              "uuid": "51a1e93e-39b9-4d17-bfc0-0c48c19f09a4",
              "parentUUID": "0af061b0-3239-42da-a6ea-8fe3e14b5829",
              "isHook": false,
              "skipped": false
            },
            {
              "title": "Should proceed to Add New Job Screen after converting to Job",
              "fullTitle": "New Estimate module Should proceed to Add New Job Screen after converting to Job",
              "timedOut": null,
              "duration": 38781,
              "state": "passed",
              "speed": "slow",
              "pass": true,
              "fail": false,
              "pending": false,
              "context": null,
              "code": "// Dashboard.clickEstimatesTab()\ncy.visit('/estimatesTab/list');\n_EstimatesPage.default.clickAddNew();\ncy.wait(4000);\n_EstimatesPage.default.selectCustomer('Genius Giant Game Inc.');\n_EstimatesPage.default.inventorySelect('Inventory Item 1');\n_EstimatesPage.default.saveEstimate();\ncy.wait(3000);\n_EstimatesPage.default.convertToJob();\ncy.wait(3000);\n_EstimatesPage.default.confirmYes();\ncy.wait(5500);\n_EstimatesPage.default.checkAddNewJobModalTitle();",
              "err": {},
              "uuid": "cbfdd3f2-c5a6-4440-ae2d-bbd2933b39e4",
              "parentUUID": "0af061b0-3239-42da-a6ea-8fe3e14b5829",
              "isHook": false,
              "skipped": false
            },
            {
              "title": "Should successfully convert estimate to invoice",
              "fullTitle": "New Estimate module Should successfully convert estimate to invoice",
              "timedOut": null,
              "duration": 32552,
              "state": "passed",
              "speed": "slow",
              "pass": true,
              "fail": false,
              "pending": false,
              "context": null,
              "code": "// Dashboard.clickEstimatesTab()\ncy.visit('/estimatesTab/list');\n_EstimatesPage.default.clickAddNew();\ncy.wait(4000);\n_EstimatesPage.default.selectCustomer('Genius Giant Game Inc.');\n_EstimatesPage.default.inventorySelect('Inventory Item 1');\n_EstimatesPage.default.saveEstimate();\ncy.wait(3000);\n_EstimatesPage.default.convertToInvoice();\ncy.wait(3000);\n_EstimatesPage.default.confirmYes();\n_EstimatesPage.default.checkConvertedToInvoiceSuccess();\ncy.wait(1500);\n_InvoiceOverviewPage.default.checkInvoiceStatus();",
              "err": {},
              "uuid": "74b09f5a-ad02-418d-b8e3-706584d6b231",
              "parentUUID": "0af061b0-3239-42da-a6ea-8fe3e14b5829",
              "isHook": false,
              "skipped": false
            },
            {
              "title": "Should change Customer",
              "fullTitle": "New Estimate module Should change Customer",
              "timedOut": null,
              "duration": 41240,
              "state": "passed",
              "speed": "slow",
              "pass": true,
              "fail": false,
              "pending": false,
              "context": null,
              "code": "// Dashboard.clickEstimatesTab()\ncy.visit('/estimatesTab/list');\n_EstimatesPage.default.clickAddNew();\ncy.wait(4000);\n_EstimatesPage.default.selectCustomer('Genius Giant Game Inc.');\n_EstimatesPage.default.inventorySelect('Inventory Item 1');\n_EstimatesPage.default.saveEstimate();\ncy.wait(4000);\n_EstimatesPage.default.changeCustomer('Change to this customer');\ncy.wait(4000);\n_EstimatesPage.default.saveEstimate();\ncy.wait(2500);\n_EstimatesPage.default.checkBillToCustomerName('Change to this customer');",
              "err": {},
              "uuid": "17e15f0c-10f4-429a-bc16-b771ac8bf0cf",
              "parentUUID": "0af061b0-3239-42da-a6ea-8fe3e14b5829",
              "isHook": false,
              "skipped": false
            },
            {
              "title": "Should send estimate as email",
              "fullTitle": "New Estimate module Should send estimate as email",
              "timedOut": null,
              "duration": 31483,
              "state": "passed",
              "speed": "slow",
              "pass": true,
              "fail": false,
              "pending": false,
              "context": null,
              "code": "// Dashboard.clickEstimatesTab()\ncy.visit('/estimatesTab/list');\n_EstimatesPage.default.clickAddNew();\ncy.wait(4000);\n_EstimatesPage.default.selectCustomer('Genius Giant Game Inc.');\n_EstimatesPage.default.inventorySelect('Inventory Item 1');\n_EstimatesPage.default.saveEstimate();\ncy.wait(4000);\n_EstimatesPage.default.sendToEmail();",
              "err": {},
              "uuid": "bb63ca81-01ef-4ab6-b07a-b00f54241b5d",
              "parentUUID": "0af061b0-3239-42da-a6ea-8fe3e14b5829",
              "isHook": false,
              "skipped": false
            },
            {
              "title": "Should have correct Row total upon adding discount",
              "fullTitle": "New Estimate module Should have correct Row total upon adding discount",
              "timedOut": null,
              "duration": 76128,
              "state": "failed",
              "speed": null,
              "pass": false,
              "fail": true,
              "pending": false,
              "context": null,
              "code": "// Dashboard.clickEstimatesTab()\ncy.visit('/estimatesTab/list');\n_EstimatesPage.default.clickAddNew();\ncy.wait(4000);\n_EstimatesPage.default.selectCustomer('Genius Giant Game Inc.');\n_EstimatesPage.default.inventorySelect('Air Filter');\ncy.wait(4000);\n_EstimatesPage.default.inventorySelect('Inventory Item 1');\ncy.wait(4000);\n_EstimatesPage.default.inventorySelect('Gaming Chair');\ncy.wait(4000);\n_EstimatesPage.default.addDiscountInRow(0, 30, '%', 3);\n_EstimatesPage.default.checkInvoiceSubtotal();\n_EstimatesPage.default.addDiscountInRow(0, 25, '$', 3);\n_EstimatesPage.default.checkInvoiceSubtotal();\n_EstimatesPage.default.saveEstimate();\ncy.wait(4000);\n_EstimatesPage.default.checkRowsTotal();",
              "err": {
                "message": "AssertionError: 000004 - Air filter: Unit Cost($150) + Profit(0.6667000000000001): expected '250.01' to equal '250.00'",
                "estack": "AssertionError: 000004 - Air filter: Unit Cost($150) + Profit(0.6667000000000001): expected '250.01' to equal '250.00'\n    at Context.checkCalc (https://onetrack.industrack.com/__cypress/tests?p=cypress\\e2e\\newEstimate.cy.js:902:9)",
                "diff": "- '250.01'\n+ '250.00'\n"
              },
              "uuid": "53c4bb9e-c5a0-4d19-aec3-3c0c99c4c2b8",
              "parentUUID": "0af061b0-3239-42da-a6ea-8fe3e14b5829",
              "isHook": false,
              "skipped": false
            },
            {
              "title": "Should change input values and have correct calculations after save",
              "fullTitle": "New Estimate module Should change input values and have correct calculations after save",
              "timedOut": null,
              "duration": 92558,
              "state": "failed",
              "speed": null,
              "pass": false,
              "fail": true,
              "pending": false,
              "context": null,
              "code": "// Dashboard.clickEstimatesTab()\ncy.visit('/estimatesTab/list');\n_EstimatesPage.default.clickAddNew();\ncy.wait(4000);\n_EstimatesPage.default.selectCustomer('Genius Giant Game Inc.');\n_EstimatesPage.default.inventorySelect('Air Filter');\ncy.wait(4000);\n_EstimatesPage.default.inventorySelect('Inventory Item 1');\ncy.wait(4000);\n_EstimatesPage.default.inventorySelect('Gaming Chair');\ncy.wait(4000);\n_EstimatesPage.default.addDiscountInRow(0, 30, '%', 3);\n_EstimatesPage.default.addDiscountInRow(0, 25, '$', 3);\ncy.wait(4000);\n_EstimatesPage.default.changeTableValues();\n_EstimatesPage.default.addRandomInvoiceDiscount();\n_EstimatesPage.default.checkInvoiceTotal();\n_EstimatesPage.default.saveEstimate();\n_EstimatesPage.default.checkRowsTotal();",
              "err": {
                "message": "AssertionError: Invoice Subtotal($9435.41) less invoice discount($95.31): expected 9435.41 to equal 10084.57",
                "estack": "AssertionError: Invoice Subtotal($9435.41) less invoice discount($95.31): expected 9435.41 to equal 10084.57\n    at Context.eval (https://onetrack.industrack.com/__cypress/tests?p=cypress\\e2e\\newEstimate.cy.js:956:9)",
                "diff": "- 9435.41\n+ 10084.57\n"
              },
              "uuid": "23da3118-c37d-40cd-9384-b864a4d09403",
              "parentUUID": "0af061b0-3239-42da-a6ea-8fe3e14b5829",
              "isHook": false,
              "skipped": false
            }
          ],
          "suites": [],
          "passes": [
            "da6fae5a-c037-4dcd-af44-66aeab6e414f",
            "51a1e93e-39b9-4d17-bfc0-0c48c19f09a4",
            "cbfdd3f2-c5a6-4440-ae2d-bbd2933b39e4",
            "74b09f5a-ad02-418d-b8e3-706584d6b231",
            "17e15f0c-10f4-429a-bc16-b771ac8bf0cf",
            "bb63ca81-01ef-4ab6-b07a-b00f54241b5d"
          ],
          "failures": [
            "41eece7e-3da9-491f-8e97-f7dbbb324eba",
            "53c4bb9e-c5a0-4d19-aec3-3c0c99c4c2b8",
            "23da3118-c37d-40cd-9384-b864a4d09403"
          ],
          "pending": [],
          "skipped": [],
          "duration": 388114,
          "root": false,
          "rootEmpty": false,
          "_timeout": 2000
        }
      ],
      "passes": [],
      "failures": [],
      "pending": [],
      "skipped": [],
      "duration": 0,
      "root": true,
      "rootEmpty": true,
      "_timeout": 2000
    }
  ],
  "meta": {
    "mocha": {
      "version": "7.0.1"
    },
    "mochawesome": {
      "options": {
        "quiet": false,
        "reportFilename": "[status]_[datetime]-[name]-report",
        "saveHtml": false,
        "saveJson": true,
        "consoleReporter": "spec",
        "useInlineDiffs": false,
        "code": true
      },
      "version": "7.1.3"
    },
    "marge": {
      "options": {
        "reportDir": "cypress/report/mochawesome-report",
        "reportFilename": "[status]_[datetime]-[name]-report",
        "title": "[status]_[datetime]-[name]-report",
        "timestamp": "longDate",
        "charts": true,
        "html": false,
        "json": true,
        "embeddedScreenshots": true,
        "overwrite": false,
        "inlineAssets": true,
        "enableCharts": true
      },
      "version": "6.2.0"
    }
  }
}