{
  "stats": {
    "suites": 1,
    "tests": 1,
    "passes": 0,
    "pending": 0,
    "failures": 1,
    "start": "2022-09-09T12:31:49.905Z",
    "end": "2022-09-09T12:32:20.854Z",
    "duration": 30949,
    "testsRegistered": 1,
    "passPercent": 0,
    "pendingPercent": 0,
    "other": 0,
    "hasOther": false,
    "skipped": 0,
    "hasSkipped": false
  },
  "results": [
    {
      "uuid": "64c129bd-0ea5-4053-b028-8a4bf0ffc248",
      "title": "",
      "fullFile": "cypress\\e2e\\newPurchaseOrder.cy.js",
      "file": "cypress\\e2e\\newPurchaseOrder.cy.js",
      "beforeHooks": [],
      "afterHooks": [],
      "tests": [],
      "suites": [
        {
          "uuid": "48a337be-0322-4af8-8e18-9d7ba0099fd8",
          "title": "New Purchase Order Module",
          "fullFile": "",
          "file": "",
          "beforeHooks": [],
          "afterHooks": [],
          "tests": [
            {
              "title": "Basic new purchase order",
              "fullTitle": "New Purchase Order Module Basic new purchase order",
              "timedOut": null,
              "duration": 30830,
              "state": "failed",
              "speed": null,
              "pass": false,
              "fail": true,
              "pending": false,
              "context": null,
              "code": "_PurchaseOrderPage.default.clickAddNewPurchaseOrder();\n_PurchaseOrderPage.default.addPurchaseOrderModal.selectVendor('GG');\n_PurchaseOrderPage.default.addPurchaseOrderModal.enterInvoiceNumber('1234567890');\n_PurchaseOrderPage.default.addPurchaseOrderModal.enterJobNumber('123456789');\n_PurchaseOrderPage.default.addPurchaseOrderModal.enterShippingAddress('Sample Shipping Address, 4400');\n_PurchaseOrderPage.default.addPurchaseOrderModal.selectShipVia('UPS');\n_PurchaseOrderPage.default.addPurchaseOrderModal.enterInventory();\n_PurchaseOrderPage.default.addPurchaseOrderModal.savePurchaseOrder();",
              "err": {
                "message": "AssertionError: Timed out retrying after 8000ms: Expected to find element: `purchase-order-edit-dialog input#mat-input-3`, but never found it.",
                "estack": "AssertionError: Timed out retrying after 8000ms: Expected to find element: `purchase-order-edit-dialog input#mat-input-3`, but never found it.\n    at Object.selectVendorField (https://onetrack.industrack.com/__cypress/tests?p=cypress\\e2e\\newPurchaseOrder.cy.js:322:37)\n    at Object.selectVendor (https://onetrack.industrack.com/__cypress/tests?p=cypress\\e2e\\newPurchaseOrder.cy.js:344:45)\n    at Context.eval (https://onetrack.industrack.com/__cypress/tests?p=cypress\\e2e\\newPurchaseOrder.cy.js:132:54)",
                "diff": null
              },
              "uuid": "8f67ea2e-660a-4156-b4ce-f6fe85e736d1",
              "parentUUID": "48a337be-0322-4af8-8e18-9d7ba0099fd8",
              "isHook": false,
              "skipped": false
            }
          ],
          "suites": [],
          "passes": [],
          "failures": [
            "8f67ea2e-660a-4156-b4ce-f6fe85e736d1"
          ],
          "pending": [],
          "skipped": [],
          "duration": 30830,
          "root": false,
          "rootEmpty": false,
          "_timeout": 2000
        }
      ],
      "passes": [],
      "failures": [],
      "pending": [],
      "skipped": [],
      "duration": 0,
      "root": true,
      "rootEmpty": true,
      "_timeout": 2000
    }
  ],
  "meta": {
    "mocha": {
      "version": "7.0.1"
    },
    "mochawesome": {
      "options": {
        "quiet": false,
        "reportFilename": "[status]_[datetime]-[name]-report",
        "saveHtml": false,
        "saveJson": true,
        "consoleReporter": "spec",
        "useInlineDiffs": false,
        "code": true
      },
      "version": "7.1.3"
    },
    "marge": {
      "options": {
        "reportDir": "cypress/report/mochawesome-report",
        "reportFilename": "[status]_[datetime]-[name]-report",
        "title": "[status]_[datetime]-[name]-report",
        "timestamp": "longDate",
        "charts": true,
        "html": false,
        "json": true,
        "embeddedScreenshots": true,
        "overwrite": false,
        "inlineAssets": true,
        "enableCharts": true
      },
      "version": "6.2.0"
    }
  }
}