{
  "stats": {
    "suites": 1,
    "tests": 6,
    "passes": 5,
    "pending": 0,
    "failures": 1,
    "start": "2022-09-08T12:05:28.348Z",
    "end": "2022-09-08T12:09:03.512Z",
    "duration": 215164,
    "testsRegistered": 6,
    "passPercent": 83.33333333333334,
    "pendingPercent": 0,
    "other": 0,
    "hasOther": false,
    "skipped": 0,
    "hasSkipped": false
  },
  "results": [
    {
      "uuid": "e9e0b17f-3194-4dba-97e0-e8ad82dbbdb4",
      "title": "",
      "fullFile": "cypress\\e2e\\customerModule.cy.js",
      "file": "cypress\\e2e\\customerModule.cy.js",
      "beforeHooks": [],
      "afterHooks": [],
      "tests": [],
      "suites": [
        {
          "uuid": "f54632fb-446f-489f-ae5b-457ce6ee5aaf",
          "title": "Add Customer",
          "fullFile": "",
          "file": "",
          "beforeHooks": [],
          "afterHooks": [],
          "tests": [
            {
              "title": "Successfully create a customer",
              "fullTitle": "Add Customer Successfully create a customer",
              "timedOut": null,
              "duration": 37026,
              "state": "passed",
              "speed": "slow",
              "pass": true,
              "fail": false,
              "pending": false,
              "context": null,
              "code": "const customerInfo = {};\n_AddCustomerPage.default.fillData(customerInfo);\ncy.wait(2500);\n_AddCustomerPage.default.elements.saveButton().should('not.be.disabled');\n_AddCustomerPage.default.elements.saveButton().click();",
              "err": {},
              "uuid": "69336f81-4be3-49e3-9233-8a03d50c2605",
              "parentUUID": "f54632fb-446f-489f-ae5b-457ce6ee5aaf",
              "isHook": false,
              "skipped": false
            },
            {
              "title": "Should disable save if required fields are not filled",
              "fullTitle": "Add Customer Should disable save if required fields are not filled",
              "timedOut": null,
              "duration": 17239,
              "state": "failed",
              "speed": null,
              "pass": false,
              "fail": true,
              "pending": false,
              "context": null,
              "code": "_AddCustomerPage.default.fillData();\n_AddCustomerPage.default.elements.streetAddressTextBox().clear();\n_AddCustomerPage.default.elements.cityTextBox().clear();\n_AddCustomerPage.default.elements.stateTextBox().clear();\n_AddCustomerPage.default.elements.postCodeTextBox().clear();\ncy.wait(3000);\n_AddCustomerPage.default.elements.sameAsCompanyCheckbox().click();\n_AddCustomerPage.default.elements.saveButton().click({\n  force: true\n}).should('be.disabled');\n/* Check textboxes to be in red(invalid entries) */\n\n_AddCustomerPage.default.elements.streetAddressTextBox().should('have.class', 'ng-invalid');\n_AddCustomerPage.default.elements.cityTextBox().should('have.class', 'ng-invalid');\n_AddCustomerPage.default.elements.stateTextBox().should('have.class', 'ng-invalid');\n_AddCustomerPage.default.elements.postCodeTextBox().should('have.class', 'ng-invalid'); // AddCustomerPage.elements.billingStreetAddressTextbox().should('have.class', 'ng-invalid')\n// AddCustomerPage.elements.billingCityTextbox().should('have.class', 'ng-invalid')\n// AddCustomerPage.elements.billingStateProvinceTextbox().should('have.class', 'ng-invalid')\n// AddCustomerPage.elements.billingPostCodeTextBox().should('have.class', 'ng-invalid')",
              "err": {
                "message": "TypeError: Cannot read properties of undefined (reading 'customerNumber')",
                "estack": "TypeError: Cannot read properties of undefined (reading 'customerNumber')\n    at AddCustomerPage.eval [as fillData] (https://onetrack.industrack.com/__cypress/tests?p=cypress\\e2e\\customerModule.cy.js:315:41)\n    at Context.eval (https://onetrack.industrack.com/__cypress/tests?p=cypress\\e2e\\customerModule.cy.js:147:30)",
                "diff": null
              },
              "uuid": "0f54c06c-5c40-4065-bf57-c608f98e3fa1",
              "parentUUID": "f54632fb-446f-489f-ae5b-457ce6ee5aaf",
              "isHook": false,
              "skipped": false
            },
            {
              "title": "Shows warning when saving unvalidated address",
              "fullTitle": "Add Customer Shows warning when saving unvalidated address",
              "timedOut": null,
              "duration": 32597,
              "state": "passed",
              "speed": "slow",
              "pass": true,
              "fail": false,
              "pending": false,
              "context": null,
              "code": "const customerInfo = {};\n_AddCustomerPage.default.fillData(customerInfo);\ncy.wait(2500);\n_AddCustomerPage.default.elements.saveButton().should('not.be.disabled');\n_AddCustomerPage.default.elements.saveButton().click();\n_AddCustomerPage.default.checkWarningDialog('This address book doesn\\'t have valid coordinates and may not be visible in the mobile app. Do you want to save without validating the address?');",
              "err": {},
              "uuid": "71abe6e6-0a24-4680-84c9-816a251174a9",
              "parentUUID": "f54632fb-446f-489f-ae5b-457ce6ee5aaf",
              "isHook": false,
              "skipped": false
            },
            {
              "title": "Disable save if email is invalid",
              "fullTitle": "Add Customer Disable save if email is invalid",
              "timedOut": null,
              "duration": 31378,
              "state": "passed",
              "speed": "slow",
              "pass": true,
              "fail": false,
              "pending": false,
              "context": null,
              "code": "const customerInfo = {\n  email: 'dina.schill@'\n};\n_AddCustomerPage.default.fillData(customerInfo);\n_AddCustomerPage.default.checkEmailErrorMessage('Incorrect email'); // AddCustomerPage.clickSaveButton()\n\n_AddCustomerPage.default.checkSaveButtonDisabled();",
              "err": {},
              "uuid": "3da787c3-f533-4ac2-b453-73fa2afb73df",
              "parentUUID": "f54632fb-446f-489f-ae5b-457ce6ee5aaf",
              "isHook": false,
              "skipped": false
            },
            {
              "title": "Add Service Location to a newly created Customer - Added Location has no selected tax rate",
              "fullTitle": "Add Customer Add Service Location to a newly created Customer - Added Location has no selected tax rate",
              "timedOut": null,
              "duration": 51898,
              "state": "passed",
              "speed": "slow",
              "pass": true,
              "fail": false,
              "pending": false,
              "context": null,
              "code": "const customerInfo = {\n  customerNumber: '192379182739812',\n  companyName: 'Add service location to this customer'\n};\n_AddCustomerPage.default.fillData(customerInfo);\n_AddCustomerPage.default.clickSaveButton();\n_AddCustomerPage.default.confirmValidityYes();\n_CustomerPage.default.clickAddNewServiceLocation();\nconst serviceLocationInfo = {};\n_CustomerPage.default.addNewServiceLocationModal.fillServiceLocationData(serviceLocationInfo);\n_CustomerPage.default.addNewServiceLocationModal.clickSaveButton(); // cy.wait(5000)\n// Dashboard.clickCustomerTab()\n// CustomerPage.searchCustomer(customerInfo.companyName)",
              "err": {},
              "uuid": "b5764a4f-bc85-4bc4-b019-970a53ccb72b",
              "parentUUID": "f54632fb-446f-489f-ae5b-457ce6ee5aaf",
              "isHook": false,
              "skipped": false
            },
            {
              "title": "Add Service Location to a newly created Customer - Tax Rate Added to Added Location",
              "fullTitle": "Add Customer Add Service Location to a newly created Customer - Tax Rate Added to Added Location",
              "timedOut": null,
              "duration": 44478,
              "state": "passed",
              "speed": "slow",
              "pass": true,
              "fail": false,
              "pending": false,
              "context": null,
              "code": "const customerInfo = {\n  customerNumber: '192379182739812',\n  companyName: 'Add service location to this customer'\n};\n_AddCustomerPage.default.fillData(customerInfo);\n_AddCustomerPage.default.clickSaveButton();\n_AddCustomerPage.default.confirmValidityYes();\n_CustomerPage.default.clickAddNewServiceLocation();\nconst serviceLocationInfo = {\n  selectATaxRate: 'New Tax'\n};\n_CustomerPage.default.addNewServiceLocationModal.fillServiceLocationData(serviceLocationInfo);\n_CustomerPage.default.addNewServiceLocationModal.clickSaveButton(); // cy.wait(5000)\n// Dashboard.clickCustomerTab()\n// CustomerPage.searchCustomer(customerInfo.companyName)",
              "err": {},
              "uuid": "dde305ec-0f1c-4771-8717-ac45c424e1a6",
              "parentUUID": "f54632fb-446f-489f-ae5b-457ce6ee5aaf",
              "isHook": false,
              "skipped": false
            }
          ],
          "suites": [],
          "passes": [
            "69336f81-4be3-49e3-9233-8a03d50c2605",
            "71abe6e6-0a24-4680-84c9-816a251174a9",
            "3da787c3-f533-4ac2-b453-73fa2afb73df",
            "b5764a4f-bc85-4bc4-b019-970a53ccb72b",
            "dde305ec-0f1c-4771-8717-ac45c424e1a6"
          ],
          "failures": [
            "0f54c06c-5c40-4065-bf57-c608f98e3fa1"
          ],
          "pending": [],
          "skipped": [],
          "duration": 214616,
          "root": false,
          "rootEmpty": false,
          "_timeout": 2000
        }
      ],
      "passes": [],
      "failures": [],
      "pending": [],
      "skipped": [],
      "duration": 0,
      "root": true,
      "rootEmpty": true,
      "_timeout": 2000
    }
  ],
  "meta": {
    "mocha": {
      "version": "7.0.1"
    },
    "mochawesome": {
      "options": {
        "quiet": false,
        "reportFilename": "[status]_[datetime]-[name]-report",
        "saveHtml": false,
        "saveJson": true,
        "consoleReporter": "spec",
        "useInlineDiffs": false,
        "code": true
      },
      "version": "7.1.3"
    },
    "marge": {
      "options": {
        "reportDir": "cypress/report/mochawesome-report",
        "reportFilename": "[status]_[datetime]-[name]-report",
        "title": "[status]_[datetime]-[name]-report",
        "timestamp": "longDate",
        "charts": true,
        "html": false,
        "json": true,
        "embeddedScreenshots": true,
        "overwrite": false,
        "inlineAssets": true,
        "enableCharts": true
      },
      "version": "6.2.0"
    }
  }
}