{
  "stats": {
    "suites": 1,
    "tests": 4,
    "passes": 2,
    "pending": 0,
    "failures": 2,
    "start": "2022-09-12T08:08:51.055Z",
    "end": "2022-09-12T08:11:42.025Z",
    "duration": 170970,
    "testsRegistered": 4,
    "passPercent": 50,
    "pendingPercent": 0,
    "other": 0,
    "hasOther": false,
    "skipped": 0,
    "hasSkipped": false
  },
  "results": [
    {
      "uuid": "4b1f0035-4f82-460b-8141-fb5b62564a85",
      "title": "",
      "fullFile": "cypress\\e2e\\invoicesModule.cy.js",
      "file": "cypress\\e2e\\invoicesModule.cy.js",
      "beforeHooks": [],
      "afterHooks": [],
      "tests": [],
      "suites": [
        {
          "uuid": "3cac9731-8cb5-452c-ae61-c9ea26d86b66",
          "title": "Invoices Module",
          "fullFile": "",
          "file": "",
          "beforeHooks": [],
          "afterHooks": [],
          "tests": [
            {
              "title": "Add an invoice - 1 Inventory Item(Taxable with no Serial #) -  No Description - No Terms Selected - No Invoice Discount - No Tax",
              "fullTitle": "Invoices Module Add an invoice - 1 Inventory Item(Taxable with no Serial #) -  No Description - No Terms Selected - No Invoice Discount - No Tax",
              "timedOut": null,
              "duration": 43665,
              "state": "passed",
              "speed": "slow",
              "pass": true,
              "fail": false,
              "pending": false,
              "context": null,
              "code": "const invoiceInfo = {\n  customer: 'Ace Hardware',\n  inventoriesToAdd: ['Add Inventory - Taxable no SN'],\n  description: 'Test Description',\n  tax: 'None',\n  term: 'Not Selected'\n};\n_InvoicesPage.default.addNewInvoice(invoiceInfo);\n_InvoicesPage.default.addInvoiceDiscount('0');\n_InvoicesPage.default.saveInvoice();",
              "err": {},
              "uuid": "07bb21bd-aaf1-46dd-978d-05c58bef15e0",
              "parentUUID": "3cac9731-8cb5-452c-ae61-c9ea26d86b66",
              "isHook": false,
              "skipped": false
            },
            {
              "title": "Add an invoice - 1 Inventory Item(Taxable with no Serial #) -  No Description - 1 Term Selected - No Invoice Discount - No Tax",
              "fullTitle": "Invoices Module Add an invoice - 1 Inventory Item(Taxable with no Serial #) -  No Description - 1 Term Selected - No Invoice Discount - No Tax",
              "timedOut": null,
              "duration": 39681,
              "state": "failed",
              "speed": null,
              "pass": false,
              "fail": true,
              "pending": false,
              "context": null,
              "code": "const invoiceInfo = {\n  customer: 'Ace Hardware',\n  inventoriesToAdd: ['Add Inventory - Taxable no SN'],\n  description: 'Test Description',\n  tax: 'None',\n  term: 'New Term'\n};\n_InvoicesPage.default.addNewInvoice(invoiceInfo);\n_InvoicesPage.default.addInvoiceDiscount('0');\n_InvoicesPage.default.saveInvoice();",
              "err": {
                "message": "CypressError: Timed out retrying after 8000ms: `cy.select()` matched more than one `option` by value or text: `New Term`\n\nhttps://on.cypress.io/select",
                "estack": "CypressError: Timed out retrying after 8000ms: `cy.select()` matched more than one `option` by value or text: `New Term`\n\nhttps://on.cypress.io/select\n    at getOptions (https://onetrack.industrack.com/__cypress/runner/cypress_runner.js:136365:80)\n    at tryCatcher (https://onetrack.industrack.com/__cypress/runner/cypress_runner.js:11318:23)\n    at Promise.attempt.Promise.try (https://onetrack.industrack.com/__cypress/runner/cypress_runner.js:8592:29)\n    at retryOptions (https://onetrack.industrack.com/__cypress/runner/cypress_runner.js:136411:67)\n    at tryCatcher (https://onetrack.industrack.com/__cypress/runner/cypress_runner.js:11318:23)\n    at Promise.attempt.Promise.try (https://onetrack.industrack.com/__cypress/runner/cypress_runner.js:8592:29)\n    at whenStable (https://onetrack.industrack.com/__cypress/runner/cypress_runner.js:152467:65)\n    at https://onetrack.industrack.com/__cypress/runner/cypress_runner.js:151921:14\n    at tryCatcher (https://onetrack.industrack.com/__cypress/runner/cypress_runner.js:11318:23)\n    at Promise._settlePromiseFromHandler (https://onetrack.industrack.com/__cypress/runner/cypress_runner.js:9253:31)\n    at Promise._settlePromise (https://onetrack.industrack.com/__cypress/runner/cypress_runner.js:9310:18)\n    at Promise._settlePromise0 (https://onetrack.industrack.com/__cypress/runner/cypress_runner.js:9355:10)\n    at Promise._settlePromises (https://onetrack.industrack.com/__cypress/runner/cypress_runner.js:9435:18)\n    at Promise._fulfill (https://onetrack.industrack.com/__cypress/runner/cypress_runner.js:9379:18)\n    at https://onetrack.industrack.com/__cypress/runner/cypress_runner.js:10993:46\nFrom Your Spec Code:\n    at InvoicesPage.eval [as addNewInvoice] (https://onetrack.industrack.com/__cypress/tests?p=cypress\\e2e\\invoicesModule.cy.js:435:56)\n    at Context.eval (https://onetrack.industrack.com/__cypress/tests?p=cypress\\e2e\\invoicesModule.cy.js:158:27)",
                "diff": null
              },
              "uuid": "83597cc7-79f2-4117-a323-84e8f1d61336",
              "parentUUID": "3cac9731-8cb5-452c-ae61-c9ea26d86b66",
              "isHook": false,
              "skipped": false
            },
            {
              "title": "Add an invoice - 1 Inventory Item(Taxable with no Serial #) -  No Description - No Term Selected - No Invoice Discount - 1 Tax Selected",
              "fullTitle": "Invoices Module Add an invoice - 1 Inventory Item(Taxable with no Serial #) -  No Description - No Term Selected - No Invoice Discount - 1 Tax Selected",
              "timedOut": null,
              "duration": 43254,
              "state": "failed",
              "speed": null,
              "pass": false,
              "fail": true,
              "pending": false,
              "context": null,
              "code": "const invoiceInfo = {\n  customer: 'Ace Hardware',\n  inventoriesToAdd: ['Add Inventory - Taxable no SN'],\n  description: 'Test Description',\n  tax: 'New Tax',\n  term: 'Not Selected'\n};\n_InvoicesPage.default.addNewInvoice(invoiceInfo);\n_InvoicesPage.default.addInvoiceDiscount('0');\n_InvoicesPage.default.saveInvoice();",
              "err": {
                "message": "AssertionError: Timed out retrying after 8000ms: Expected to find content: 'New Tax' within the element: <mat-option#mat-option-4.mat-option.mat-focus-indicator> but never did.",
                "estack": "AssertionError: Timed out retrying after 8000ms: Expected to find content: 'New Tax' within the element: <mat-option#mat-option-4.mat-option.mat-focus-indicator> but never did.\n    at InvoicesPage.eval [as addNewInvoice] (https://onetrack.industrack.com/__cypress/tests?p=cypress\\e2e\\invoicesModule.cy.js:439:63)\n    at Context.eval (https://onetrack.industrack.com/__cypress/tests?p=cypress\\e2e\\invoicesModule.cy.js:173:27)",
                "diff": null
              },
              "uuid": "5522eb52-4fdc-4639-9c5f-efe5089636b2",
              "parentUUID": "3cac9731-8cb5-452c-ae61-c9ea26d86b66",
              "isHook": false,
              "skipped": false
            },
            {
              "title": "Add an invoice - 1 Inventory Item(none Taxable with 1 Serial #) -  No Description - No Terms Selected - No Invoice Discount - No Tax",
              "fullTitle": "Invoices Module Add an invoice - 1 Inventory Item(none Taxable with 1 Serial #) -  No Description - No Terms Selected - No Invoice Discount - No Tax",
              "timedOut": null,
              "duration": 44024,
              "state": "passed",
              "speed": "slow",
              "pass": true,
              "fail": false,
              "pending": false,
              "context": null,
              "code": "const invoiceInfo = {\n  customer: 'Ace Hardware',\n  inventoriesToAdd: ['Add Inventory - SN used'],\n  description: 'Test Description',\n  tax: 'None',\n  term: 'Not Selected'\n};\n_InvoicesPage.default.addNewInvoice(invoiceInfo);\n_InvoicesPage.default.selectOneSerialNumber();\n_InvoicesPage.default.addInvoiceDiscount('0');\n_InvoicesPage.default.saveInvoice(); // cy.get('.topheader span').first().then($el=> {\n//     const status = $el.innerText\n//     expect(status).equal('Unpaid')\n// })",
              "err": {},
              "uuid": "2b7c39d9-a94f-4a0e-8e84-56d7f2f37083",
              "parentUUID": "3cac9731-8cb5-452c-ae61-c9ea26d86b66",
              "isHook": false,
              "skipped": false
            }
          ],
          "suites": [],
          "passes": [
            "07bb21bd-aaf1-46dd-978d-05c58bef15e0",
            "2b7c39d9-a94f-4a0e-8e84-56d7f2f37083"
          ],
          "failures": [
            "83597cc7-79f2-4117-a323-84e8f1d61336",
            "5522eb52-4fdc-4639-9c5f-efe5089636b2"
          ],
          "pending": [],
          "skipped": [],
          "duration": 170624,
          "root": false,
          "rootEmpty": false,
          "_timeout": 2000
        }
      ],
      "passes": [],
      "failures": [],
      "pending": [],
      "skipped": [],
      "duration": 0,
      "root": true,
      "rootEmpty": true,
      "_timeout": 2000
    }
  ],
  "meta": {
    "mocha": {
      "version": "7.0.1"
    },
    "mochawesome": {
      "options": {
        "quiet": false,
        "reportFilename": "[status]_[datetime]-[name]-report",
        "saveHtml": false,
        "saveJson": true,
        "consoleReporter": "spec",
        "useInlineDiffs": false,
        "code": true
      },
      "version": "7.1.3"
    },
    "marge": {
      "options": {
        "reportDir": "cypress/report/mochawesome-report",
        "reportFilename": "[status]_[datetime]-[name]-report",
        "title": "[status]_[datetime]-[name]-report",
        "timestamp": "longDate",
        "charts": true,
        "html": false,
        "json": true,
        "embeddedScreenshots": true,
        "overwrite": true,
        "inlineAssets": true,
        "enableCharts": true
      },
      "version": "6.2.0"
    }
  }
}