{
  "stats": {
    "suites": 1,
    "tests": 4,
    "passes": 1,
    "pending": 0,
    "failures": 3,
    "start": "2022-09-12T05:02:35.690Z",
    "end": "2022-09-12T05:05:36.019Z",
    "duration": 180329,
    "testsRegistered": 4,
    "passPercent": 25,
    "pendingPercent": 0,
    "other": 0,
    "hasOther": false,
    "skipped": 0,
    "hasSkipped": false
  },
  "results": [
    {
      "uuid": "4175d395-10e7-4b37-a9ad-a6f6b5147b37",
      "title": "",
      "fullFile": "cypress\\e2e\\invoicesModule.cy.js",
      "file": "cypress\\e2e\\invoicesModule.cy.js",
      "beforeHooks": [],
      "afterHooks": [],
      "tests": [],
      "suites": [
        {
          "uuid": "07cd1160-d3aa-436c-8972-003bada1d2b2",
          "title": "Invoices Module",
          "fullFile": "",
          "file": "",
          "beforeHooks": [],
          "afterHooks": [],
          "tests": [
            {
              "title": "Add an invoice - 1 Inventory Item(Taxable with no Serial #) -  No Description - No Terms Selected - No Invoice Discount - No Tax",
              "fullTitle": "Invoices Module Add an invoice - 1 Inventory Item(Taxable with no Serial #) -  No Description - No Terms Selected - No Invoice Discount - No Tax",
              "timedOut": null,
              "duration": 46625,
              "state": "passed",
              "speed": "slow",
              "pass": true,
              "fail": false,
              "pending": false,
              "context": null,
              "code": "const invoiceInfo = {\n  customer: 'Ace Hardware',\n  inventoriesToAdd: ['Add Inventory - Taxable no SN'],\n  description: 'Test Description',\n  tax: 'None',\n  term: 'Not Selected'\n};\n_InvoicesPage.default.addNewInvoice(invoiceInfo);\n_InvoicesPage.default.addInvoiceDiscount('0');\n_InvoicesPage.default.saveInvoice();",
              "err": {},
              "uuid": "0664dfcd-90cb-4bcd-aad7-ebc5374ee1bb",
              "parentUUID": "07cd1160-d3aa-436c-8972-003bada1d2b2",
              "isHook": false,
              "skipped": false
            },
            {
              "title": "Add an invoice - 1 Inventory Item(Taxable with no Serial #) -  No Description - 1 Term Selected - No Invoice Discount - No Tax",
              "fullTitle": "Invoices Module Add an invoice - 1 Inventory Item(Taxable with no Serial #) -  No Description - 1 Term Selected - No Invoice Discount - No Tax",
              "timedOut": null,
              "duration": 38913,
              "state": "failed",
              "speed": null,
              "pass": false,
              "fail": true,
              "pending": false,
              "context": null,
              "code": "const invoiceInfo = {\n  customer: 'Ace Hardware',\n  inventoriesToAdd: ['Add Inventory - Taxable no SN'],\n  description: 'Test Description',\n  tax: 'None',\n  term: 'New Term'\n};\n_InvoicesPage.default.addNewInvoice(invoiceInfo);\n_InvoicesPage.default.addInvoiceDiscount('0');\n_InvoicesPage.default.saveInvoice();",
              "err": {
                "message": "CypressError: Timed out retrying after 8000ms: `cy.select()` matched more than one `option` by value or text: `New Term`\n\nhttps://on.cypress.io/select",
                "estack": "CypressError: Timed out retrying after 8000ms: `cy.select()` matched more than one `option` by value or text: `New Term`\n\nhttps://on.cypress.io/select\n    at getOptions (https://onetrack.industrack.com/__cypress/runner/cypress_runner.js:136365:80)\n    at tryCatcher (https://onetrack.industrack.com/__cypress/runner/cypress_runner.js:11318:23)\n    at Promise.attempt.Promise.try (https://onetrack.industrack.com/__cypress/runner/cypress_runner.js:8592:29)\n    at retryOptions (https://onetrack.industrack.com/__cypress/runner/cypress_runner.js:136411:67)\n    at tryCatcher (https://onetrack.industrack.com/__cypress/runner/cypress_runner.js:11318:23)\n    at Promise.attempt.Promise.try (https://onetrack.industrack.com/__cypress/runner/cypress_runner.js:8592:29)\n    at whenStable (https://onetrack.industrack.com/__cypress/runner/cypress_runner.js:152467:65)\n    at https://onetrack.industrack.com/__cypress/runner/cypress_runner.js:151921:14\n    at tryCatcher (https://onetrack.industrack.com/__cypress/runner/cypress_runner.js:11318:23)\n    at Promise._settlePromiseFromHandler (https://onetrack.industrack.com/__cypress/runner/cypress_runner.js:9253:31)\n    at Promise._settlePromise (https://onetrack.industrack.com/__cypress/runner/cypress_runner.js:9310:18)\n    at Promise._settlePromise0 (https://onetrack.industrack.com/__cypress/runner/cypress_runner.js:9355:10)\n    at Promise._settlePromises (https://onetrack.industrack.com/__cypress/runner/cypress_runner.js:9435:18)\n    at Promise._fulfill (https://onetrack.industrack.com/__cypress/runner/cypress_runner.js:9379:18)\n    at https://onetrack.industrack.com/__cypress/runner/cypress_runner.js:10993:46\nFrom Your Spec Code:\n    at InvoicesPage.eval [as addNewInvoice] (https://onetrack.industrack.com/__cypress/tests?p=cypress\\e2e\\invoicesModule.cy.js:435:56)\n    at Context.eval (https://onetrack.industrack.com/__cypress/tests?p=cypress\\e2e\\invoicesModule.cy.js:158:27)",
                "diff": null
              },
              "uuid": "ca5773c4-6a9f-4837-9de2-6f07b8cbdcfc",
              "parentUUID": "07cd1160-d3aa-436c-8972-003bada1d2b2",
              "isHook": false,
              "skipped": false
            },
            {
              "title": "Add an invoice - 1 Inventory Item(Taxable with no Serial #) -  No Description - No Term Selected - No Invoice Discount - 1 Tax Selected",
              "fullTitle": "Invoices Module Add an invoice - 1 Inventory Item(Taxable with no Serial #) -  No Description - No Term Selected - No Invoice Discount - 1 Tax Selected",
              "timedOut": null,
              "duration": 43684,
              "state": "failed",
              "speed": null,
              "pass": false,
              "fail": true,
              "pending": false,
              "context": null,
              "code": "const invoiceInfo = {\n  customer: 'Ace Hardware',\n  inventoriesToAdd: ['Add Inventory - Taxable no SN'],\n  description: 'Test Description',\n  tax: 'New Tax',\n  term: 'Not Selected'\n};\n_InvoicesPage.default.addNewInvoice(invoiceInfo);\n_InvoicesPage.default.addInvoiceDiscount('0');\n_InvoicesPage.default.saveInvoice();",
              "err": {
                "message": "AssertionError: Timed out retrying after 8000ms: Expected to find content: 'New Tax' within the element: <mat-option#mat-option-4.mat-option.mat-focus-indicator> but never did.",
                "estack": "AssertionError: Timed out retrying after 8000ms: Expected to find content: 'New Tax' within the element: <mat-option#mat-option-4.mat-option.mat-focus-indicator> but never did.\n    at InvoicesPage.eval [as addNewInvoice] (https://onetrack.industrack.com/__cypress/tests?p=cypress\\e2e\\invoicesModule.cy.js:439:63)\n    at Context.eval (https://onetrack.industrack.com/__cypress/tests?p=cypress\\e2e\\invoicesModule.cy.js:173:27)",
                "diff": null
              },
              "uuid": "f49e7b8f-d43a-4463-90f0-9f01ce43d73a",
              "parentUUID": "07cd1160-d3aa-436c-8972-003bada1d2b2",
              "isHook": false,
              "skipped": false
            },
            {
              "title": "Add an invoice - 1 Inventory Item(none Taxable with 1 Serial #) -  No Description - No Terms Selected - No Invoice Discount - No Tax",
              "fullTitle": "Invoices Module Add an invoice - 1 Inventory Item(none Taxable with 1 Serial #) -  No Description - No Terms Selected - No Invoice Discount - No Tax",
              "timedOut": null,
              "duration": 50712,
              "state": "failed",
              "speed": null,
              "pass": false,
              "fail": true,
              "pending": false,
              "context": null,
              "code": "const invoiceInfo = {\n  customer: 'Ace Hardware',\n  inventoriesToAdd: ['Add Inventory - SN used'],\n  description: 'Test Description',\n  tax: 'None',\n  term: 'Not Selected'\n};\n_InvoicesPage.default.addNewInvoice(invoiceInfo);\n_InvoicesPage.default.selectOneSerialNumber();\n_InvoicesPage.default.addInvoiceDiscount('0');\n_InvoicesPage.default.saveInvoice(); // cy.get('.topheader span').first().then($el=> {\n//     const status = $el.innerText\n//     expect(status).equal('Unpaid')\n// })",
              "err": {
                "message": "CypressError: Timed out retrying after 8050ms: `cy.click()` failed because this element:\n\n`<a style=\"cursor: pointer;\" class=\"ng-star-inserted\">$0</a>`\n\nis being covered by another element:\n\n`<div class=\"cdk-overlay-backdrop cdk-overlay-dark-backdrop cdk-overlay-backdrop-showing\"></div>`\n\nFix this problem, or use {force: true} to disable error checking.\n\nhttps://on.cypress.io/element-cannot-be-interacted-with",
                "estack": "CypressError: Timed out retrying after 8050ms: `cy.click()` failed because this element:\n\n`<a style=\"cursor: pointer;\" class=\"ng-star-inserted\">$0</a>`\n\nis being covered by another element:\n\n`<div class=\"cdk-overlay-backdrop cdk-overlay-dark-backdrop cdk-overlay-backdrop-showing\"></div>`\n\nFix this problem, or use {force: true} to disable error checking.\n\nhttps://on.cypress.io/element-cannot-be-interacted-with\n    at $Cy.ensureDescendents (https://onetrack.industrack.com/__cypress/runner/cypress_runner.js:147488:78)\n    at ensureDescendents (https://onetrack.industrack.com/__cypress/runner/cypress_runner.js:132946:8)\n    at ensureDescendentsAndScroll (https://onetrack.industrack.com/__cypress/runner/cypress_runner.js:132953:14)\n    at ensureElIsNotCovered (https://onetrack.industrack.com/__cypress/runner/cypress_runner.js:133085:5)\n    at runAllChecks (https://onetrack.industrack.com/__cypress/runner/cypress_runner.js:133275:52)\n    at retryActionability (https://onetrack.industrack.com/__cypress/runner/cypress_runner.js:133299:16)\n    at tryCatcher (https://onetrack.industrack.com/__cypress/runner/cypress_runner.js:11318:23)\n    at Promise.attempt.Promise.try (https://onetrack.industrack.com/__cypress/runner/cypress_runner.js:8592:29)\n    at whenStable (https://onetrack.industrack.com/__cypress/runner/cypress_runner.js:152467:65)\n    at https://onetrack.industrack.com/__cypress/runner/cypress_runner.js:151921:14\n    at tryCatcher (https://onetrack.industrack.com/__cypress/runner/cypress_runner.js:11318:23)\n    at Promise._settlePromiseFromHandler (https://onetrack.industrack.com/__cypress/runner/cypress_runner.js:9253:31)\n    at Promise._settlePromise (https://onetrack.industrack.com/__cypress/runner/cypress_runner.js:9310:18)\n    at Promise._settlePromise0 (https://onetrack.industrack.com/__cypress/runner/cypress_runner.js:9355:10)\n    at Promise._settlePromises (https://onetrack.industrack.com/__cypress/runner/cypress_runner.js:9435:18)\n    at Promise._fulfill (https://onetrack.industrack.com/__cypress/runner/cypress_runner.js:9379:18)\n    at https://onetrack.industrack.com/__cypress/runner/cypress_runner.js:10993:46\nFrom Your Spec Code:\n    at InvoicesPage.eval [as addInvoiceDiscount] (https://onetrack.industrack.com/__cypress/tests?p=cypress\\e2e\\invoicesModule.cy.js:446:70)\n    at Context.eval (https://onetrack.industrack.com/__cypress/tests?p=cypress\\e2e\\invoicesModule.cy.js:192:27)",
                "diff": null
              },
              "uuid": "70e90101-0366-4728-995f-34faec6e0d56",
              "parentUUID": "07cd1160-d3aa-436c-8972-003bada1d2b2",
              "isHook": false,
              "skipped": false
            }
          ],
          "suites": [],
          "passes": [
            "0664dfcd-90cb-4bcd-aad7-ebc5374ee1bb"
          ],
          "failures": [
            "ca5773c4-6a9f-4837-9de2-6f07b8cbdcfc",
            "f49e7b8f-d43a-4463-90f0-9f01ce43d73a",
            "70e90101-0366-4728-995f-34faec6e0d56"
          ],
          "pending": [],
          "skipped": [],
          "duration": 179934,
          "root": false,
          "rootEmpty": false,
          "_timeout": 2000
        }
      ],
      "passes": [],
      "failures": [],
      "pending": [],
      "skipped": [],
      "duration": 0,
      "root": true,
      "rootEmpty": true,
      "_timeout": 2000
    }
  ],
  "meta": {
    "mocha": {
      "version": "7.0.1"
    },
    "mochawesome": {
      "options": {
        "quiet": false,
        "reportFilename": "[status]_[datetime]-[name]-report",
        "saveHtml": false,
        "saveJson": true,
        "consoleReporter": "spec",
        "useInlineDiffs": false,
        "code": true
      },
      "version": "7.1.3"
    },
    "marge": {
      "options": {
        "reportDir": "cypress/report/mochawesome-report",
        "reportFilename": "[status]_[datetime]-[name]-report",
        "title": "[status]_[datetime]-[name]-report",
        "timestamp": "longDate",
        "charts": true,
        "html": false,
        "json": true,
        "embeddedScreenshots": true,
        "overwrite": false,
        "inlineAssets": true,
        "enableCharts": true
      },
      "version": "6.2.0"
    }
  }
}