{
  "stats": {
    "suites": 1,
    "tests": 7,
    "passes": 7,
    "pending": 0,
    "failures": 0,
    "start": "2022-09-15T15:42:26.201Z",
    "end": "2022-09-15T15:46:18.869Z",
    "duration": 232668,
    "testsRegistered": 7,
    "passPercent": 100,
    "pendingPercent": 0,
    "other": 0,
    "hasOther": false,
    "skipped": 0,
    "hasSkipped": false
  },
  "results": [
    {
      "uuid": "8828a7d8-f7c7-4918-8d94-7fe88bb63427",
      "title": "",
      "fullFile": "cypress\\e2e\\customerModule.cy.js",
      "file": "cypress\\e2e\\customerModule.cy.js",
      "beforeHooks": [],
      "afterHooks": [],
      "tests": [],
      "suites": [
        {
          "uuid": "57fbb8ae-d5d5-491f-86ad-fee31adbe54d",
          "title": "Add Customer",
          "fullFile": "",
          "file": "",
          "beforeHooks": [],
          "afterHooks": [],
          "tests": [
            {
              "title": "Successfully create a customer",
              "fullTitle": "Add Customer Successfully create a customer",
              "timedOut": null,
              "duration": 34816,
              "state": "passed",
              "speed": "slow",
              "pass": true,
              "fail": false,
              "pending": false,
              "context": null,
              "code": "const customerInfo = {};\n_AddCustomerPage.default.fillData(customerInfo);\ncy.wait(2500);\n_AddCustomerPage.default.elements.saveButton().should('not.be.disabled');\n_AddCustomerPage.default.elements.saveButton().click();",
              "err": {},
              "uuid": "57b3441a-10a0-4a42-a05a-71b3aecc51d7",
              "parentUUID": "57fbb8ae-d5d5-491f-86ad-fee31adbe54d",
              "isHook": false,
              "skipped": false
            },
            {
              "title": "Should disable save if required fields are not filled",
              "fullTitle": "Add Customer Should disable save if required fields are not filled",
              "timedOut": null,
              "duration": 31321,
              "state": "passed",
              "speed": "slow",
              "pass": true,
              "fail": false,
              "pending": false,
              "context": null,
              "code": "const customerInfo = {};\n_AddCustomerPage.default.fillData(customerInfo);\n_AddCustomerPage.default.elements.streetAddressTextBox().clear();\n_AddCustomerPage.default.elements.cityTextBox().clear();\n_AddCustomerPage.default.elements.stateTextBox().clear();\n_AddCustomerPage.default.elements.postCodeTextBox().clear();\ncy.wait(3000);\n_AddCustomerPage.default.elements.sameAsCompanyCheckbox().click();\n_AddCustomerPage.default.elements.saveButton().click({\n  force: true\n}).should('be.disabled');\n/* Check textboxes to be in red(invalid entries) */\n\n_AddCustomerPage.default.elements.streetAddressTextBox().should('have.class', 'ng-invalid');\n_AddCustomerPage.default.elements.cityTextBox().should('have.class', 'ng-invalid');\n_AddCustomerPage.default.elements.stateTextBox().should('have.class', 'ng-invalid');\n_AddCustomerPage.default.elements.postCodeTextBox().should('have.class', 'ng-invalid');",
              "err": {},
              "uuid": "9cef04c3-3df9-4fc1-bf69-f706f1eb0ae4",
              "parentUUID": "57fbb8ae-d5d5-491f-86ad-fee31adbe54d",
              "isHook": false,
              "skipped": false
            },
            {
              "title": "Shows warning when saving unvalidated address",
              "fullTitle": "Add Customer Shows warning when saving unvalidated address",
              "timedOut": null,
              "duration": 30248,
              "state": "passed",
              "speed": "slow",
              "pass": true,
              "fail": false,
              "pending": false,
              "context": null,
              "code": "const customerInfo = {};\n_AddCustomerPage.default.fillData(customerInfo);\ncy.wait(2500);\n_AddCustomerPage.default.elements.saveButton().should('not.be.disabled');\n_AddCustomerPage.default.elements.saveButton().click();\n_AddCustomerPage.default.checkWarningDialog('This address book doesn\\'t have valid coordinates and may not be visible in the mobile app. Do you want to save without validating the address?');",
              "err": {},
              "uuid": "1654c940-0d11-4f93-a9fe-e752d9845ef1",
              "parentUUID": "57fbb8ae-d5d5-491f-86ad-fee31adbe54d",
              "isHook": false,
              "skipped": false
            },
            {
              "title": "Disable save if email is invalid",
              "fullTitle": "Add Customer Disable save if email is invalid",
              "timedOut": null,
              "duration": 24729,
              "state": "passed",
              "speed": "slow",
              "pass": true,
              "fail": false,
              "pending": false,
              "context": null,
              "code": "const customerInfo = {\n  email: 'dina.schill@'\n};\n_AddCustomerPage.default.fillData(customerInfo);\n_AddCustomerPage.default.checkEmailErrorMessage('Incorrect email'); // AddCustomerPage.clickSaveButton()\n\n_AddCustomerPage.default.checkSaveButtonDisabled();",
              "err": {},
              "uuid": "66a4659e-d320-42ff-bb0c-19ff62842bb0",
              "parentUUID": "57fbb8ae-d5d5-491f-86ad-fee31adbe54d",
              "isHook": false,
              "skipped": false
            },
            {
              "title": "Add Service Location to a newly created Customer - Added Location has no selected tax rate",
              "fullTitle": "Add Customer Add Service Location to a newly created Customer - Added Location has no selected tax rate",
              "timedOut": null,
              "duration": 39889,
              "state": "passed",
              "speed": "slow",
              "pass": true,
              "fail": false,
              "pending": false,
              "context": null,
              "code": "const customerInfo = {\n  customerNumber: `CN-${(0, _uuid.v4)()}`,\n  companyName: 'Add service location to this customer'\n};\n_AddCustomerPage.default.fillData(customerInfo);\n_AddCustomerPage.default.clickSaveButton();\n_AddCustomerPage.default.confirmValidityYes();\n_CustomerPage.default.clickAddNewServiceLocation();\nconst serviceLocationInfo = {};\n_CustomerPage.default.addNewServiceLocationModal.fillServiceLocationData(serviceLocationInfo);\n_CustomerPage.default.addNewServiceLocationModal.clickSaveButton(); // cy.wait(5000)\n// Dashboard.clickCustomerTab()\n// CustomerPage.searchCustomer(customerInfo.companyName)",
              "err": {},
              "uuid": "80a8358d-f95f-4065-8cfb-0fd3be627e40",
              "parentUUID": "57fbb8ae-d5d5-491f-86ad-fee31adbe54d",
              "isHook": false,
              "skipped": false
            },
            {
              "title": "Add Service Location to a newly created Customer - Tax Rate Added to Added Location",
              "fullTitle": "Add Customer Add Service Location to a newly created Customer - Tax Rate Added to Added Location",
              "timedOut": null,
              "duration": 33454,
              "state": "passed",
              "speed": "slow",
              "pass": true,
              "fail": false,
              "pending": false,
              "context": null,
              "code": "const customerInfo = {\n  customerNumber: `CN-${(0, _uuid.v4)()}`,\n  companyName: 'Add service location to this customer'\n};\n_AddCustomerPage.default.fillData(customerInfo);\n_AddCustomerPage.default.clickSaveButton();\n_AddCustomerPage.default.confirmValidityYes();\n_CustomerPage.default.clickAddNewServiceLocation();\nconst serviceLocationInfo = {\n  selectATaxRate: 'New Tax'\n};\n_CustomerPage.default.addNewServiceLocationModal.fillServiceLocationData(serviceLocationInfo);\n_CustomerPage.default.addNewServiceLocationModal.clickSaveButton();",
              "err": {},
              "uuid": "a9bb2ef5-2f81-427a-8b7a-0f9cfdccbf8b",
              "parentUUID": "57fbb8ae-d5d5-491f-86ad-fee31adbe54d",
              "isHook": false,
              "skipped": false
            },
            {
              "title": "Test with one tag and verify that tags are assigned to customer",
              "fullTitle": "Add Customer Test with one tag and verify that tags are assigned to customer",
              "timedOut": null,
              "duration": 37613,
              "state": "passed",
              "speed": "slow",
              "pass": true,
              "fail": false,
              "pending": false,
              "context": null,
              "code": "_Dashboard.default.preventNotificationCard();\nconst customerInfo = {\n  customerNumber: `CN-${(0, _uuid.v4)()}`,\n  companyName: 'Add Tag to this customer'\n};\n_AddCustomerPage.default.fillData(customerInfo);\n_Dashboard.default.preventNotificationCard();\n_AddCustomerPage.default.validateAddress(); // AddCustomerPage.elements.customerNumberTextBox().then($el => {\n//   cn = $el.text().toString()\n// })\n// AddCustomerPage.elements.customerNumberTextBox().invoke('val').as('cn')\n\n_AddCustomerPage.default.clickSaveButton();\nconst tags = ['Tag 1', 'Tag 2', 'Tag 3'];\n_AddCustomerPage.default.addTags(tags);\n_AddCustomerPage.default.clickBackButton(); // CustomerPage.searchAndVerifyTags(tags) -> modify this",
              "err": {},
              "uuid": "7a23281c-d530-43a9-adf6-1b1b0bd35053",
              "parentUUID": "57fbb8ae-d5d5-491f-86ad-fee31adbe54d",
              "isHook": false,
              "skipped": false
            }
          ],
          "suites": [],
          "passes": [
            "57b3441a-10a0-4a42-a05a-71b3aecc51d7",
            "9cef04c3-3df9-4fc1-bf69-f706f1eb0ae4",
            "1654c940-0d11-4f93-a9fe-e752d9845ef1",
            "66a4659e-d320-42ff-bb0c-19ff62842bb0",
            "80a8358d-f95f-4065-8cfb-0fd3be627e40",
            "a9bb2ef5-2f81-427a-8b7a-0f9cfdccbf8b",
            "7a23281c-d530-43a9-adf6-1b1b0bd35053"
          ],
          "failures": [],
          "pending": [],
          "skipped": [],
          "duration": 232070,
          "root": false,
          "rootEmpty": false,
          "_timeout": 2000
        }
      ],
      "passes": [],
      "failures": [],
      "pending": [],
      "skipped": [],
      "duration": 0,
      "root": true,
      "rootEmpty": true,
      "_timeout": 2000
    }
  ],
  "meta": {
    "mocha": {
      "version": "7.0.1"
    },
    "mochawesome": {
      "options": {
        "quiet": false,
        "reportFilename": "[status]_[datetime]-[name]-report",
        "saveHtml": false,
        "saveJson": true,
        "consoleReporter": "spec",
        "useInlineDiffs": false,
        "code": true
      },
      "version": "7.1.3"
    },
    "marge": {
      "options": {
        "reportDir": "cypress/report/mochawesome-report",
        "reportFilename": "[status]_[datetime]-[name]-report",
        "title": "[status]_[datetime]-[name]-report",
        "timestamp": "longDate",
        "charts": true,
        "html": false,
        "json": true,
        "embeddedScreenshots": true,
        "overwrite": true,
        "inlineAssets": true,
        "enableCharts": true
      },
      "version": "6.2.0"
    }
  }
}