{
  "stats": {
    "suites": 1,
    "tests": 6,
    "passes": 6,
    "pending": 0,
    "failures": 0,
    "start": "2022-09-20T15:37:41.992Z",
    "end": "2022-09-20T15:41:05.467Z",
    "duration": 203475,
    "testsRegistered": 6,
    "passPercent": 100,
    "pendingPercent": 0,
    "other": 0,
    "hasOther": false,
    "skipped": 0,
    "hasSkipped": false
  },
  "results": [
    {
      "uuid": "aa074afc-4417-41be-a78f-6ac77d6c5305",
      "title": "",
      "fullFile": "cypress\\e2e\\settings_inventoryModule.cy.js",
      "file": "cypress\\e2e\\settings_inventoryModule.cy.js",
      "beforeHooks": [],
      "afterHooks": [],
      "tests": [],
      "suites": [
        {
          "uuid": "c322b7bb-1d59-4efb-b3a7-312ddbb82f0d",
          "title": "Add Inventory",
          "fullFile": "",
          "file": "",
          "beforeHooks": [],
          "afterHooks": [],
          "tests": [
            {
              "title": "Successfully add an Inventory - Not using serial #s, None Taxable",
              "fullTitle": "Add Inventory Successfully add an Inventory - Not using serial #s, None Taxable",
              "timedOut": null,
              "duration": 34758,
              "state": "passed",
              "speed": "slow",
              "pass": true,
              "fail": false,
              "pending": false,
              "context": null,
              "code": "_inventory.InventoryListPage.gotoAddNewInventory();\nconst inventoryInfo = {\n  name: 'Add Inventory - Taxable no SN',\n  useSerialNumbers: false,\n  nonTaxable: true\n};\n_AddNewInventoryPage.default.fillData(inventoryInfo);\n_AddNewInventoryPage.default.clickSaveButton();\n_AddNewInventoryPage.default.checkSaveSuccess();",
              "err": {},
              "uuid": "74e246be-cbe7-4256-83b4-94aca6e2f602",
              "parentUUID": "c322b7bb-1d59-4efb-b3a7-312ddbb82f0d",
              "isHook": false,
              "skipped": false
            },
            {
              "title": "Successfully add an Inventory - Not using serial #s, Taxable",
              "fullTitle": "Add Inventory Successfully add an Inventory - Not using serial #s, Taxable",
              "timedOut": null,
              "duration": 31926,
              "state": "passed",
              "speed": "slow",
              "pass": true,
              "fail": false,
              "pending": false,
              "context": null,
              "code": "_inventory.InventoryListPage.gotoAddNewInventory();\nconst inventoryInfo = {\n  name: 'Add Inventory - Taxable no SN',\n  useSerialNumbers: false,\n  nonTaxable: false\n};\n_AddNewInventoryPage.default.fillData(inventoryInfo);\n_AddNewInventoryPage.default.clickSaveButton();\n_AddNewInventoryPage.default.checkSaveSuccess();",
              "err": {},
              "uuid": "343248c0-843b-41de-95a5-6da799632794",
              "parentUUID": "c322b7bb-1d59-4efb-b3a7-312ddbb82f0d",
              "isHook": false,
              "skipped": false
            },
            {
              "title": "(Negative) Save unsuccessful when you click save after leaving required fields blank",
              "fullTitle": "Add Inventory (Negative) Save unsuccessful when you click save after leaving required fields blank",
              "timedOut": null,
              "duration": 32312,
              "state": "passed",
              "speed": "slow",
              "pass": true,
              "fail": false,
              "pending": false,
              "context": null,
              "code": "_inventory.InventoryListPage.gotoAddNewInventory();\nconst inventoryInfo = {\n  name: ''\n};\n_AddNewInventoryPage.default.elements.nameTextBox().click().clear().type('{backspace}');\n_AddNewInventoryPage.default.fillData(inventoryInfo); // AddNewInventoryPage.clickSaveButton()\n// AddNewInventoryPage.checkNameError()",
              "err": {},
              "uuid": "41692ff6-7663-4f26-9a8d-a6a274eea317",
              "parentUUID": "c322b7bb-1d59-4efb-b3a7-312ddbb82f0d",
              "isHook": false,
              "skipped": false
            },
            {
              "title": "Add an inventory that is set to non taxable - quantity on hand: 1, Reorder Point: 1",
              "fullTitle": "Add Inventory Add an inventory that is set to non taxable - quantity on hand: 1, Reorder Point: 1",
              "timedOut": null,
              "duration": 31133,
              "state": "passed",
              "speed": "slow",
              "pass": true,
              "fail": false,
              "pending": false,
              "context": null,
              "code": "_inventory.InventoryListPage.gotoAddNewInventory();\nconst inventoryInfo = {\n  name: 'NonTaxable',\n  nonTaxable: true\n};\n_AddNewInventoryPage.default.fillData(inventoryInfo);\n_AddNewInventoryPage.default.clickSaveButton();",
              "err": {},
              "uuid": "c300b1b3-0a05-490f-bf66-89b44fa3d50d",
              "parentUUID": "c322b7bb-1d59-4efb-b3a7-312ddbb82f0d",
              "isHook": false,
              "skipped": false
            },
            {
              "title": "Add an inventory that is set to non taxable - Use Serial #'s and serial numbers by batch to increase quantity on hand",
              "fullTitle": "Add Inventory Add an inventory that is set to non taxable - Use Serial #'s and serial numbers by batch to increase quantity on hand",
              "timedOut": null,
              "duration": 36238,
              "state": "passed",
              "speed": "slow",
              "pass": true,
              "fail": false,
              "pending": false,
              "context": null,
              "code": "_inventory.InventoryListPage.gotoAddNewInventory(); // it('test', () => {\n//     const uuid = () => Cypress._.random(0, 1e20)\n//     const id = uuid()\n// })\n// let randomId = () => {\n//   const uuid = () => Cypress._.random(0, 500)\n//   const id = uuid()\n//   return id.toString()\n// }\n\nconst inventoryInfo = {\n  sku: `SKU${(0, _uuid.v4)()}`,\n  name: 'serialNumbers Added',\n  nonTaxable: true,\n  useSerialNumbers: true,\n  serialNumbers: [`SN${(0, _uuid.v4)()}`, `SN${(0, _uuid.v4)()}`, `SN${(0, _uuid.v4)()}`]\n};\n_AddNewInventoryPage.default.fillData(inventoryInfo);\n_AddNewInventoryPage.default.clickSaveButton();",
              "err": {},
              "uuid": "f95ec25a-7095-4539-9448-16b75be71b6a",
              "parentUUID": "c322b7bb-1d59-4efb-b3a7-312ddbb82f0d",
              "isHook": false,
              "skipped": false
            },
            {
              "title": "Add an inventory (taxable) - Use Serial #'s and serial numbers by batch to increase quantity on hand",
              "fullTitle": "Add Inventory Add an inventory (taxable) - Use Serial #'s and serial numbers by batch to increase quantity on hand",
              "timedOut": null,
              "duration": 36601,
              "state": "passed",
              "speed": "slow",
              "pass": true,
              "fail": false,
              "pending": false,
              "context": null,
              "code": "_inventory.InventoryListPage.gotoAddNewInventory();\nconst inventoryInfo = {\n  sku: `SKU${(0, _uuid.v4)()}`,\n  name: 'Add Inventory - SN Used',\n  useSerialNumbers: true,\n  serialNumbers: [`SN${(0, _uuid.v4)()}`, `SN${(0, _uuid.v4)()}`, `SN${(0, _uuid.v4)()}`]\n};\n_AddNewInventoryPage.default.fillData(inventoryInfo);\n_AddNewInventoryPage.default.clickSaveButton();",
              "err": {},
              "uuid": "43cc962a-c1c3-4cdf-bdd3-d9c3f923fb10",
              "parentUUID": "c322b7bb-1d59-4efb-b3a7-312ddbb82f0d",
              "isHook": false,
              "skipped": false
            }
          ],
          "suites": [],
          "passes": [
            "74e246be-cbe7-4256-83b4-94aca6e2f602",
            "343248c0-843b-41de-95a5-6da799632794",
            "41692ff6-7663-4f26-9a8d-a6a274eea317",
            "c300b1b3-0a05-490f-bf66-89b44fa3d50d",
            "f95ec25a-7095-4539-9448-16b75be71b6a",
            "43cc962a-c1c3-4cdf-bdd3-d9c3f923fb10"
          ],
          "failures": [],
          "pending": [],
          "skipped": [],
          "duration": 202968,
          "root": false,
          "rootEmpty": false,
          "_timeout": 2000
        }
      ],
      "passes": [],
      "failures": [],
      "pending": [],
      "skipped": [],
      "duration": 0,
      "root": true,
      "rootEmpty": true,
      "_timeout": 2000
    }
  ],
  "meta": {
    "mocha": {
      "version": "7.0.1"
    },
    "mochawesome": {
      "options": {
        "quiet": false,
        "reportFilename": "[status]_[datetime]-[name]-report",
        "saveHtml": false,
        "saveJson": true,
        "consoleReporter": "spec",
        "useInlineDiffs": false,
        "code": true
      },
      "version": "7.1.3"
    },
    "marge": {
      "options": {
        "reportDir": "cypress/report/mochawesome-report",
        "reportFilename": "[status]_[datetime]-[name]-report",
        "title": "[status]_[datetime]-[name]-report",
        "timestamp": "longDate",
        "charts": true,
        "html": false,
        "json": true,
        "embeddedScreenshots": true,
        "overwrite": true,
        "inlineAssets": true,
        "enableCharts": true
      },
      "version": "6.2.0"
    }
  }
}