{
  "stats": {
    "suites": 1,
    "tests": 6,
    "passes": 6,
    "pending": 0,
    "failures": 0,
    "start": "2022-09-12T07:35:28.855Z",
    "end": "2022-09-12T07:40:46.303Z",
    "duration": 317448,
    "testsRegistered": 6,
    "passPercent": 100,
    "pendingPercent": 0,
    "other": 0,
    "hasOther": false,
    "skipped": 0,
    "hasSkipped": false
  },
  "results": [
    {
      "uuid": "2e385a46-6d7a-4e28-aba3-0b161025557b",
      "title": "",
      "fullFile": "cypress\\e2e\\scheduleModule.cy.js",
      "file": "cypress\\e2e\\scheduleModule.cy.js",
      "beforeHooks": [],
      "afterHooks": [],
      "tests": [],
      "suites": [
        {
          "uuid": "ae12ec4c-5528-40cf-a176-fff5bb40b6ad",
          "title": "Schedule Module",
          "fullFile": "",
          "file": "",
          "beforeHooks": [],
          "afterHooks": [],
          "tests": [
            {
              "title": "Should be able to save a job (required fields filled)",
              "fullTitle": "Schedule Module Should be able to save a job (required fields filled)",
              "timedOut": null,
              "duration": 28521,
              "state": "passed",
              "speed": "slow",
              "pass": true,
              "fail": false,
              "pending": false,
              "context": null,
              "code": "_SchedulePage.default.gotoAddNewJob();\n_SchedulePage.default.fillData();\n_SchedulePage.default.saveJob();",
              "err": {},
              "uuid": "a3507468-8722-4032-8a41-d1382ab61fe8",
              "parentUUID": "ae12ec4c-5528-40cf-a176-fff5bb40b6ad",
              "isHook": false,
              "skipped": false
            },
            {
              "title": "Should be able to dispatch a job - with 1 employee added",
              "fullTitle": "Schedule Module Should be able to dispatch a job - with 1 employee added",
              "timedOut": null,
              "duration": 28327,
              "state": "passed",
              "speed": "slow",
              "pass": true,
              "fail": false,
              "pending": false,
              "context": null,
              "code": "_SchedulePage.default.gotoAddNewJob();\nconst employee = {\n  employeeName: 'Employee One',\n  duration: {\n    hrs: 0,\n    min: 0\n  }\n};\n_SchedulePage.default.addJobEmployee(employee);\n_SchedulePage.default.elements.addNewJobModal.jobsInfoTabButton().click();\n_SchedulePage.default.fillData();\n_SchedulePage.default.dispatchJob();",
              "err": {},
              "uuid": "3fe6849a-f31f-4e08-afe2-4bd7109824de",
              "parentUUID": "ae12ec4c-5528-40cf-a176-fff5bb40b6ad",
              "isHook": false,
              "skipped": false
            },
            {
              "title": "Should be able to dispatch a job - with employee added - 0hrs 0mins duration",
              "fullTitle": "Schedule Module Should be able to dispatch a job - with employee added - 0hrs 0mins duration",
              "timedOut": null,
              "duration": 27456,
              "state": "passed",
              "speed": "slow",
              "pass": true,
              "fail": false,
              "pending": false,
              "context": null,
              "code": "_SchedulePage.default.gotoAddNewJob();\nconst employee = {\n  employeeName: 'Employee One',\n  duration: {\n    hrs: 0,\n    min: 0\n  }\n};\n_SchedulePage.default.addJobEmployee(employee);\n_SchedulePage.default.elements.addNewJobModal.jobsInfoTabButton().click();\n_SchedulePage.default.fillData();\n_SchedulePage.default.dispatchJob();",
              "err": {},
              "uuid": "3c86e907-4c80-414a-a7e2-a8d8b8cd90c8",
              "parentUUID": "ae12ec4c-5528-40cf-a176-fff5bb40b6ad",
              "isHook": false,
              "skipped": false
            },
            {
              "title": "Should be able to dispatch a job - with employee added (with 8 hrs duration)",
              "fullTitle": "Schedule Module Should be able to dispatch a job - with employee added (with 8 hrs duration)",
              "timedOut": null,
              "duration": 27922,
              "state": "passed",
              "speed": "slow",
              "pass": true,
              "fail": false,
              "pending": false,
              "context": null,
              "code": "_SchedulePage.default.gotoAddNewJob();\nconst employee = {\n  employeeName: 'Employee One',\n  duration: {\n    hrs: 8,\n    min: 0\n  }\n};\n_SchedulePage.default.addJobEmployee(employee);\n_SchedulePage.default.elements.addNewJobModal.jobsInfoTabButton().click();\n_SchedulePage.default.fillData();\n_SchedulePage.default.dispatchJob();",
              "err": {},
              "uuid": "cdbf38bf-5cc6-4193-8b27-f357d576e2a6",
              "parentUUID": "ae12ec4c-5528-40cf-a176-fff5bb40b6ad",
              "isHook": false,
              "skipped": false
            },
            {
              "title": "Should be able to dispatch a job - with Job Template added",
              "fullTitle": "Schedule Module Should be able to dispatch a job - with Job Template added",
              "timedOut": null,
              "duration": 38366,
              "state": "passed",
              "speed": "slow",
              "pass": true,
              "fail": false,
              "pending": false,
              "context": null,
              "code": "cy.log('Add template');\n_Dashboard.default.gotoJobTemplates();\n_SchedulePage.default.gotoAddNewJob();\nconst employee = {\n  employeeName: 'Employee One',\n  duration: {\n    hrs: 0,\n    min: 0\n  }\n};\n_SchedulePage.default.addJobEmployee(employee);\n_SchedulePage.default.elements.addNewJobModal.jobsInfoTabButton().click();\n_SchedulePage.default.fillData();\nconst templateName = 'Snow blowing';\n_SchedulePage.default.addJobTemplate(templateName);\n_SchedulePage.default.dispatchJob();",
              "err": {},
              "uuid": "a8ae096f-dfdb-4354-aa39-970ec7ca163d",
              "parentUUID": "ae12ec4c-5528-40cf-a176-fff5bb40b6ad",
              "isHook": false,
              "skipped": false
            },
            {
              "title": "Should be able to dispatch a job - with employee added - with Task added (Task Name only)",
              "fullTitle": "Schedule Module Should be able to dispatch a job - with employee added - with Task added (Task Name only)",
              "timedOut": null,
              "duration": 28911,
              "state": "passed",
              "speed": "slow",
              "pass": true,
              "fail": false,
              "pending": false,
              "context": null,
              "code": "_SchedulePage.default.gotoAddNewJob();\nconst employee = {\n  employeeName: 'Employee One',\n  duration: {\n    hrs: 0,\n    min: 0\n  }\n};\n_SchedulePage.default.addJobEmployee(employee);\n_SchedulePage.default.clickTasksTab();\nconst task = {\n  taskName: 'New Task'\n};\n_SchedulePage.default.createNewTask(task);\n_SchedulePage.default.elements.addNewJobModal.jobsInfoTabButton().click();\n_SchedulePage.default.fillData();\n_SchedulePage.default.dispatchJob();",
              "err": {},
              "uuid": "4d487e7d-d21e-4d2f-8c92-1c87bc174cff",
              "parentUUID": "ae12ec4c-5528-40cf-a176-fff5bb40b6ad",
              "isHook": false,
              "skipped": false
            }
          ],
          "suites": [],
          "passes": [
            "a3507468-8722-4032-8a41-d1382ab61fe8",
            "3fe6849a-f31f-4e08-afe2-4bd7109824de",
            "3c86e907-4c80-414a-a7e2-a8d8b8cd90c8",
            "cdbf38bf-5cc6-4193-8b27-f357d576e2a6",
            "a8ae096f-dfdb-4354-aa39-970ec7ca163d",
            "4d487e7d-d21e-4d2f-8c92-1c87bc174cff"
          ],
          "failures": [],
          "pending": [],
          "skipped": [],
          "duration": 179503,
          "root": false,
          "rootEmpty": false,
          "_timeout": 2000
        }
      ],
      "passes": [],
      "failures": [],
      "pending": [],
      "skipped": [],
      "duration": 0,
      "root": true,
      "rootEmpty": true,
      "_timeout": 2000
    }
  ],
  "meta": {
    "mocha": {
      "version": "7.0.1"
    },
    "mochawesome": {
      "options": {
        "quiet": false,
        "reportFilename": "[status]_[datetime]-[name]-report",
        "saveHtml": false,
        "saveJson": true,
        "consoleReporter": "spec",
        "useInlineDiffs": false,
        "code": true
      },
      "version": "7.1.3"
    },
    "marge": {
      "options": {
        "reportDir": "cypress/report/mochawesome-report",
        "reportFilename": "[status]_[datetime]-[name]-report",
        "title": "[status]_[datetime]-[name]-report",
        "timestamp": "longDate",
        "charts": true,
        "html": false,
        "json": true,
        "embeddedScreenshots": true,
        "overwrite": true,
        "inlineAssets": true,
        "enableCharts": true
      },
      "version": "6.2.0"
    }
  }
}