{
  "stats": {
    "suites": 1,
    "tests": 1,
    "passes": 1,
    "pending": 0,
    "failures": 0,
    "start": "2022-09-08T12:23:32.080Z",
    "end": "2022-09-08T12:23:51.894Z",
    "duration": 19814,
    "testsRegistered": 1,
    "passPercent": 100,
    "pendingPercent": 0,
    "other": 0,
    "hasOther": false,
    "skipped": 0,
    "hasSkipped": false
  },
  "results": [
    {
      "uuid": "a2cdd522-7f2f-48ce-a950-b67e34211f8e",
      "title": "",
      "fullFile": "cypress\\e2e\\newPurchaseOrder.cy.js",
      "file": "cypress\\e2e\\newPurchaseOrder.cy.js",
      "beforeHooks": [],
      "afterHooks": [],
      "tests": [],
      "suites": [
        {
          "uuid": "75bb8d04-839b-4bb2-bd84-000b3514635c",
          "title": "New Purchase Order Module",
          "fullFile": "",
          "file": "",
          "beforeHooks": [],
          "afterHooks": [],
          "tests": [
            {
              "title": "Basic new purchase order",
              "fullTitle": "New Purchase Order Module Basic new purchase order",
              "timedOut": null,
              "duration": 19646,
              "state": "passed",
              "speed": "slow",
              "pass": true,
              "fail": false,
              "pending": false,
              "context": null,
              "code": "_PurchaseOrderPage.default.clickAddNewPurchaseOrder();\n_PurchaseOrderPage.default.addPurchaseOrderModal.selectVendor('GG');\n_PurchaseOrderPage.default.addPurchaseOrderModal.enterInvoiceNumber('1234567890');\n_PurchaseOrderPage.default.addPurchaseOrderModal.enterJobNumber('123456789');\n_PurchaseOrderPage.default.addPurchaseOrderModal.enterShippingAddress('Sample Shipping Address, 4400');\n_PurchaseOrderPage.default.addPurchaseOrderModal.selectShipVia('UPS');\n_PurchaseOrderPage.default.addPurchaseOrderModal.enterInventory();\n_PurchaseOrderPage.default.addPurchaseOrderModal.savePurchaseOrder();",
              "err": {},
              "uuid": "cf361886-ea29-4a4a-8c86-eaaf01ed9b03",
              "parentUUID": "75bb8d04-839b-4bb2-bd84-000b3514635c",
              "isHook": false,
              "skipped": false
            }
          ],
          "suites": [],
          "passes": [
            "cf361886-ea29-4a4a-8c86-eaaf01ed9b03"
          ],
          "failures": [],
          "pending": [],
          "skipped": [],
          "duration": 19646,
          "root": false,
          "rootEmpty": false,
          "_timeout": 2000
        }
      ],
      "passes": [],
      "failures": [],
      "pending": [],
      "skipped": [],
      "duration": 0,
      "root": true,
      "rootEmpty": true,
      "_timeout": 2000
    }
  ],
  "meta": {
    "mocha": {
      "version": "7.0.1"
    },
    "mochawesome": {
      "options": {
        "quiet": false,
        "reportFilename": "[status]_[datetime]-[name]-report",
        "saveHtml": false,
        "saveJson": true,
        "consoleReporter": "spec",
        "useInlineDiffs": false,
        "code": true
      },
      "version": "7.1.3"
    },
    "marge": {
      "options": {
        "reportDir": "cypress/report/mochawesome-report",
        "reportFilename": "[status]_[datetime]-[name]-report",
        "title": "[status]_[datetime]-[name]-report",
        "timestamp": "longDate",
        "charts": true,
        "html": false,
        "json": true,
        "embeddedScreenshots": true,
        "overwrite": false,
        "inlineAssets": true,
        "enableCharts": true
      },
      "version": "6.2.0"
    }
  }
}