{
  "stats": {
    "suites": 1,
    "tests": 6,
    "passes": 6,
    "pending": 0,
    "failures": 0,
    "start": "2022-09-22T08:24:54.992Z",
    "end": "2022-09-22T08:27:16.082Z",
    "duration": 141090,
    "testsRegistered": 6,
    "passPercent": 100,
    "pendingPercent": 0,
    "other": 0,
    "hasOther": false,
    "skipped": 0,
    "hasSkipped": false
  },
  "results": [
    {
      "uuid": "57c4ee67-5ab4-4335-8116-f3802c5c2022",
      "title": "",
      "fullFile": "cypress\\e2e\\scheduleModule.cy.js",
      "file": "cypress\\e2e\\scheduleModule.cy.js",
      "beforeHooks": [],
      "afterHooks": [],
      "tests": [],
      "suites": [
        {
          "uuid": "5d520f7e-fbb1-4b5a-b277-5722870e7a0f",
          "title": "Schedule Module",
          "fullFile": "",
          "file": "",
          "beforeHooks": [],
          "afterHooks": [],
          "tests": [
            {
              "title": "Should be able to save a job (required fields filled)",
              "fullTitle": "Schedule Module Should be able to save a job (required fields filled)",
              "timedOut": null,
              "duration": 21994,
              "state": "passed",
              "speed": "slow",
              "pass": true,
              "fail": false,
              "pending": false,
              "context": null,
              "code": "_SchedulePage.default.gotoAddNewJob();\n_SchedulePage.default.fillData();\n_SchedulePage.default.saveJob();",
              "err": {},
              "uuid": "dbe143a0-4ef6-4919-8f12-dd6ccf693961",
              "parentUUID": "5d520f7e-fbb1-4b5a-b277-5722870e7a0f",
              "isHook": false,
              "skipped": false
            },
            {
              "title": "Should be able to dispatch a job - with 1 employee added",
              "fullTitle": "Schedule Module Should be able to dispatch a job - with 1 employee added",
              "timedOut": null,
              "duration": 21907,
              "state": "passed",
              "speed": "slow",
              "pass": true,
              "fail": false,
              "pending": false,
              "context": null,
              "code": "_SchedulePage.default.gotoAddNewJob();\nconst employee = {\n  employeeName: 'Employee One',\n  duration: {\n    hrs: 0,\n    min: 0\n  }\n};\n_SchedulePage.default.addJobEmployee(employee);\n_SchedulePage.default.elements.addNewJobModal.jobsInfoTabButton().click();\n_SchedulePage.default.fillData();\n_SchedulePage.default.dispatchJob();",
              "err": {},
              "uuid": "1e6e788e-87ed-4587-999a-3cbe866b0558",
              "parentUUID": "5d520f7e-fbb1-4b5a-b277-5722870e7a0f",
              "isHook": false,
              "skipped": false
            },
            {
              "title": "Should be able to dispatch a job - with employee added - 0hrs 0mins duration",
              "fullTitle": "Schedule Module Should be able to dispatch a job - with employee added - 0hrs 0mins duration",
              "timedOut": null,
              "duration": 20647,
              "state": "passed",
              "speed": "slow",
              "pass": true,
              "fail": false,
              "pending": false,
              "context": null,
              "code": "_SchedulePage.default.gotoAddNewJob();\nconst employee = {\n  employeeName: 'Employee One',\n  duration: {\n    hrs: 0,\n    min: 0\n  }\n};\n_SchedulePage.default.addJobEmployee(employee);\n_SchedulePage.default.elements.addNewJobModal.jobsInfoTabButton().click();\n_SchedulePage.default.fillData();\n_SchedulePage.default.dispatchJob();",
              "err": {},
              "uuid": "a8be9f0b-594b-42a8-8ab7-4661b616a3ae",
              "parentUUID": "5d520f7e-fbb1-4b5a-b277-5722870e7a0f",
              "isHook": false,
              "skipped": false
            },
            {
              "title": "Should be able to dispatch a job - with employee added (with 8 hrs duration)",
              "fullTitle": "Schedule Module Should be able to dispatch a job - with employee added (with 8 hrs duration)",
              "timedOut": null,
              "duration": 21735,
              "state": "passed",
              "speed": "slow",
              "pass": true,
              "fail": false,
              "pending": false,
              "context": null,
              "code": "_SchedulePage.default.gotoAddNewJob();\nconst employee = {\n  employeeName: 'Employee One',\n  duration: {\n    hrs: 8,\n    min: 0\n  }\n};\n_SchedulePage.default.addJobEmployee(employee);\n_SchedulePage.default.elements.addNewJobModal.jobsInfoTabButton().click();\n_SchedulePage.default.fillData();\n_SchedulePage.default.dispatchJob();",
              "err": {},
              "uuid": "be43d570-78ca-4458-9f27-a1ae78bdd4ac",
              "parentUUID": "5d520f7e-fbb1-4b5a-b277-5722870e7a0f",
              "isHook": false,
              "skipped": false
            },
            {
              "title": "Should be able to dispatch a job - with Job Template added",
              "fullTitle": "Schedule Module Should be able to dispatch a job - with Job Template added",
              "timedOut": null,
              "duration": 31564,
              "state": "passed",
              "speed": "slow",
              "pass": true,
              "fail": false,
              "pending": false,
              "context": null,
              "code": "cy.log('Add template');\n_Dashboard.default.gotoJobTemplates();\n_SchedulePage.default.gotoAddNewJob();\nconst employee = {\n  employeeName: 'Employee One',\n  duration: {\n    hrs: 0,\n    min: 0\n  }\n};\n_SchedulePage.default.addJobEmployee(employee);\n_SchedulePage.default.elements.addNewJobModal.jobsInfoTabButton().click();\n_SchedulePage.default.fillData();\nconst templateName = 'Snow blowing';\n_SchedulePage.default.addJobTemplate(templateName);\n_SchedulePage.default.dispatchJob();",
              "err": {},
              "uuid": "14517502-7a59-43f4-abaf-539e55066697",
              "parentUUID": "5d520f7e-fbb1-4b5a-b277-5722870e7a0f",
              "isHook": false,
              "skipped": false
            },
            {
              "title": "Should be able to dispatch a job - with employee added - with Task added (Task Name only)",
              "fullTitle": "Schedule Module Should be able to dispatch a job - with employee added - with Task added (Task Name only)",
              "timedOut": null,
              "duration": 22995,
              "state": "passed",
              "speed": "slow",
              "pass": true,
              "fail": false,
              "pending": false,
              "context": null,
              "code": "_SchedulePage.default.gotoAddNewJob();\nconst employee = {\n  employeeName: 'Employee One',\n  duration: {\n    hrs: 0,\n    min: 0\n  }\n};\n_SchedulePage.default.addJobEmployee(employee);\n_SchedulePage.default.clickTasksTab();\nconst task = {\n  taskName: 'New Task'\n};\n_SchedulePage.default.createNewTask(task);\n_SchedulePage.default.elements.addNewJobModal.jobsInfoTabButton().click();\n_SchedulePage.default.fillData();\n_SchedulePage.default.dispatchJob();",
              "err": {},
              "uuid": "03e3b7e8-cc33-4f10-89ea-db8051e2e9d3",
              "parentUUID": "5d520f7e-fbb1-4b5a-b277-5722870e7a0f",
              "isHook": false,
              "skipped": false
            }
          ],
          "suites": [],
          "passes": [
            "dbe143a0-4ef6-4919-8f12-dd6ccf693961",
            "1e6e788e-87ed-4587-999a-3cbe866b0558",
            "a8be9f0b-594b-42a8-8ab7-4661b616a3ae",
            "be43d570-78ca-4458-9f27-a1ae78bdd4ac",
            "14517502-7a59-43f4-abaf-539e55066697",
            "03e3b7e8-cc33-4f10-89ea-db8051e2e9d3"
          ],
          "failures": [],
          "pending": [],
          "skipped": [],
          "duration": 140842,
          "root": false,
          "rootEmpty": false,
          "_timeout": 2000
        }
      ],
      "passes": [],
      "failures": [],
      "pending": [],
      "skipped": [],
      "duration": 0,
      "root": true,
      "rootEmpty": true,
      "_timeout": 2000
    }
  ],
  "meta": {
    "mocha": {
      "version": "7.0.1"
    },
    "mochawesome": {
      "options": {
        "quiet": false,
        "reportFilename": "[status]_[datetime]-[name]-report",
        "saveHtml": false,
        "saveJson": true,
        "consoleReporter": "spec",
        "useInlineDiffs": false,
        "code": true
      },
      "version": "7.1.3"
    },
    "marge": {
      "options": {
        "reportDir": "cypress/report/mochawesome-report",
        "reportFilename": "[status]_[datetime]-[name]-report",
        "title": "[status]_[datetime]-[name]-report",
        "timestamp": "longDate",
        "charts": true,
        "html": false,
        "json": true,
        "embeddedScreenshots": true,
        "overwrite": true,
        "inlineAssets": true,
        "enableCharts": true
      },
      "version": "6.2.0"
    }
  }
}