{
  "stats": {
    "suites": 1,
    "tests": 2,
    "passes": 2,
    "pending": 0,
    "failures": 0,
    "start": "2022-09-09T12:40:27.638Z",
    "end": "2022-09-09T12:41:17.020Z",
    "duration": 49382,
    "testsRegistered": 2,
    "passPercent": 100,
    "pendingPercent": 0,
    "other": 0,
    "hasOther": false,
    "skipped": 0,
    "hasSkipped": false
  },
  "results": [
    {
      "uuid": "62a27366-9aaf-4d1c-a980-961d95241268",
      "title": "",
      "fullFile": "cypress\\e2e\\settings_newTaxAndTerms.cy.js",
      "file": "cypress\\e2e\\settings_newTaxAndTerms.cy.js",
      "beforeHooks": [],
      "afterHooks": [],
      "tests": [],
      "suites": [
        {
          "uuid": "01e2d512-50d5-4b38-be0a-35fc113e477c",
          "title": "New Tax and Terms Module",
          "fullFile": "",
          "file": "",
          "beforeHooks": [],
          "afterHooks": [],
          "tests": [
            {
              "title": "Basic Add new tax function",
              "fullTitle": "New Tax and Terms Module Basic Add new tax function",
              "timedOut": null,
              "duration": 27142,
              "state": "passed",
              "speed": "slow",
              "pass": true,
              "fail": false,
              "pending": false,
              "context": null,
              "code": "_company_settings.TaxAndTermsPage.addNewTax();\n_company_settings.TaxAndTermsPage.fillAddNewTaxForm('New Tax', 3);\n_company_settings.TaxAndTermsPage.saveAddNewTaxForm();",
              "err": {},
              "uuid": "c06e2745-1eac-4ff8-b5c0-a3d7e34a6c0f",
              "parentUUID": "01e2d512-50d5-4b38-be0a-35fc113e477c",
              "isHook": false,
              "skipped": false
            },
            {
              "title": "Basic Add new term function",
              "fullTitle": "New Tax and Terms Module Basic Add new term function",
              "timedOut": null,
              "duration": 21932,
              "state": "passed",
              "speed": "slow",
              "pass": true,
              "fail": false,
              "pending": false,
              "context": null,
              "code": "_company_settings.TaxAndTermsPage.gotoTermsTab();\n_company_settings.TaxAndTermsPage.addNewTerm();\n_company_settings.TaxAndTermsPage.fillAddNewTermForm('New Term');\n_company_settings.TaxAndTermsPage.saveAddNewTermForm();",
              "err": {},
              "uuid": "50a2fe0d-19fb-497c-8d86-d21b2e11c264",
              "parentUUID": "01e2d512-50d5-4b38-be0a-35fc113e477c",
              "isHook": false,
              "skipped": false
            }
          ],
          "suites": [],
          "passes": [
            "c06e2745-1eac-4ff8-b5c0-a3d7e34a6c0f",
            "50a2fe0d-19fb-497c-8d86-d21b2e11c264"
          ],
          "failures": [],
          "pending": [],
          "skipped": [],
          "duration": 49074,
          "root": false,
          "rootEmpty": false,
          "_timeout": 2000
        }
      ],
      "passes": [],
      "failures": [],
      "pending": [],
      "skipped": [],
      "duration": 0,
      "root": true,
      "rootEmpty": true,
      "_timeout": 2000
    }
  ],
  "meta": {
    "mocha": {
      "version": "7.0.1"
    },
    "mochawesome": {
      "options": {
        "quiet": false,
        "reportFilename": "[status]_[datetime]-[name]-report",
        "saveHtml": false,
        "saveJson": true,
        "consoleReporter": "spec",
        "useInlineDiffs": false,
        "code": true
      },
      "version": "7.1.3"
    },
    "marge": {
      "options": {
        "reportDir": "cypress/report/mochawesome-report",
        "reportFilename": "[status]_[datetime]-[name]-report",
        "title": "[status]_[datetime]-[name]-report",
        "timestamp": "longDate",
        "charts": true,
        "html": false,
        "json": true,
        "embeddedScreenshots": true,
        "overwrite": false,
        "inlineAssets": true,
        "enableCharts": true
      },
      "version": "6.2.0"
    }
  }
}