{
  "stats": {
    "suites": 1,
    "tests": 6,
    "passes": 6,
    "pending": 0,
    "failures": 0,
    "start": "2022-09-15T15:50:08.573Z",
    "end": "2022-09-15T15:52:36.789Z",
    "duration": 148216,
    "testsRegistered": 6,
    "passPercent": 100,
    "pendingPercent": 0,
    "other": 0,
    "hasOther": false,
    "skipped": 0,
    "hasSkipped": false
  },
  "results": [
    {
      "uuid": "6b4e17cd-249c-408f-bf7c-20ad5136220e",
      "title": "",
      "fullFile": "cypress\\e2e\\scheduleModule.cy.js",
      "file": "cypress\\e2e\\scheduleModule.cy.js",
      "beforeHooks": [],
      "afterHooks": [],
      "tests": [],
      "suites": [
        {
          "uuid": "a86be857-7b56-4c2a-9771-5588806a4520",
          "title": "Schedule Module",
          "fullFile": "",
          "file": "",
          "beforeHooks": [],
          "afterHooks": [],
          "tests": [
            {
              "title": "Should be able to save a job (required fields filled)",
              "fullTitle": "Schedule Module Should be able to save a job (required fields filled)",
              "timedOut": null,
              "duration": 24598,
              "state": "passed",
              "speed": "slow",
              "pass": true,
              "fail": false,
              "pending": false,
              "context": null,
              "code": "_SchedulePage.default.gotoAddNewJob();\n_SchedulePage.default.fillData();\n_SchedulePage.default.saveJob();",
              "err": {},
              "uuid": "20261b1f-73c6-47cf-ac1b-a6438bd0b29d",
              "parentUUID": "a86be857-7b56-4c2a-9771-5588806a4520",
              "isHook": false,
              "skipped": false
            },
            {
              "title": "Should be able to dispatch a job - with 1 employee added",
              "fullTitle": "Schedule Module Should be able to dispatch a job - with 1 employee added",
              "timedOut": null,
              "duration": 24572,
              "state": "passed",
              "speed": "slow",
              "pass": true,
              "fail": false,
              "pending": false,
              "context": null,
              "code": "_SchedulePage.default.gotoAddNewJob();\nconst employee = {\n  employeeName: 'Employee One',\n  duration: {\n    hrs: 0,\n    min: 0\n  }\n};\n_SchedulePage.default.addJobEmployee(employee);\n_SchedulePage.default.elements.addNewJobModal.jobsInfoTabButton().click();\n_SchedulePage.default.fillData();\n_SchedulePage.default.dispatchJob();",
              "err": {},
              "uuid": "1832ad85-b69b-453b-8868-5a24d2d6ebb8",
              "parentUUID": "a86be857-7b56-4c2a-9771-5588806a4520",
              "isHook": false,
              "skipped": false
            },
            {
              "title": "Should be able to dispatch a job - with employee added - 0hrs 0mins duration",
              "fullTitle": "Schedule Module Should be able to dispatch a job - with employee added - 0hrs 0mins duration",
              "timedOut": null,
              "duration": 24125,
              "state": "passed",
              "speed": "slow",
              "pass": true,
              "fail": false,
              "pending": false,
              "context": null,
              "code": "_SchedulePage.default.gotoAddNewJob();\nconst employee = {\n  employeeName: 'Employee One',\n  duration: {\n    hrs: 0,\n    min: 0\n  }\n};\n_SchedulePage.default.addJobEmployee(employee);\n_SchedulePage.default.elements.addNewJobModal.jobsInfoTabButton().click();\n_SchedulePage.default.fillData();\n_SchedulePage.default.dispatchJob();",
              "err": {},
              "uuid": "2a8d42a6-959c-4233-8f7d-e5b2fe7a2562",
              "parentUUID": "a86be857-7b56-4c2a-9771-5588806a4520",
              "isHook": false,
              "skipped": false
            },
            {
              "title": "Should be able to dispatch a job - with employee added (with 8 hrs duration)",
              "fullTitle": "Schedule Module Should be able to dispatch a job - with employee added (with 8 hrs duration)",
              "timedOut": null,
              "duration": 22157,
              "state": "passed",
              "speed": "slow",
              "pass": true,
              "fail": false,
              "pending": false,
              "context": null,
              "code": "_SchedulePage.default.gotoAddNewJob();\nconst employee = {\n  employeeName: 'Employee One',\n  duration: {\n    hrs: 8,\n    min: 0\n  }\n};\n_SchedulePage.default.addJobEmployee(employee);\n_SchedulePage.default.elements.addNewJobModal.jobsInfoTabButton().click();\n_SchedulePage.default.fillData();\n_SchedulePage.default.dispatchJob();",
              "err": {},
              "uuid": "fd9cb119-13ff-49c6-8017-ea3a20bf8a44",
              "parentUUID": "a86be857-7b56-4c2a-9771-5588806a4520",
              "isHook": false,
              "skipped": false
            },
            {
              "title": "Should be able to dispatch a job - with Job Template added",
              "fullTitle": "Schedule Module Should be able to dispatch a job - with Job Template added",
              "timedOut": null,
              "duration": 30335,
              "state": "passed",
              "speed": "slow",
              "pass": true,
              "fail": false,
              "pending": false,
              "context": null,
              "code": "cy.log('Add template');\n_Dashboard.default.gotoJobTemplates();\n_SchedulePage.default.gotoAddNewJob();\nconst employee = {\n  employeeName: 'Employee One',\n  duration: {\n    hrs: 0,\n    min: 0\n  }\n};\n_SchedulePage.default.addJobEmployee(employee);\n_SchedulePage.default.elements.addNewJobModal.jobsInfoTabButton().click();\n_SchedulePage.default.fillData();\nconst templateName = 'Snow blowing';\n_SchedulePage.default.addJobTemplate(templateName);\n_SchedulePage.default.dispatchJob();",
              "err": {},
              "uuid": "5d331932-2aa4-4e14-bcb5-5ba951c373e4",
              "parentUUID": "a86be857-7b56-4c2a-9771-5588806a4520",
              "isHook": false,
              "skipped": false
            },
            {
              "title": "Should be able to dispatch a job - with employee added - with Task added (Task Name only)",
              "fullTitle": "Schedule Module Should be able to dispatch a job - with employee added - with Task added (Task Name only)",
              "timedOut": null,
              "duration": 22183,
              "state": "passed",
              "speed": "slow",
              "pass": true,
              "fail": false,
              "pending": false,
              "context": null,
              "code": "_SchedulePage.default.gotoAddNewJob();\nconst employee = {\n  employeeName: 'Employee One',\n  duration: {\n    hrs: 0,\n    min: 0\n  }\n};\n_SchedulePage.default.addJobEmployee(employee);\n_SchedulePage.default.clickTasksTab();\nconst task = {\n  taskName: 'New Task'\n};\n_SchedulePage.default.createNewTask(task);\n_SchedulePage.default.elements.addNewJobModal.jobsInfoTabButton().click();\n_SchedulePage.default.fillData();\n_SchedulePage.default.dispatchJob();",
              "err": {},
              "uuid": "ca16caa4-6aa6-4e05-b138-3ca7db9d6df3",
              "parentUUID": "a86be857-7b56-4c2a-9771-5588806a4520",
              "isHook": false,
              "skipped": false
            }
          ],
          "suites": [],
          "passes": [
            "20261b1f-73c6-47cf-ac1b-a6438bd0b29d",
            "1832ad85-b69b-453b-8868-5a24d2d6ebb8",
            "2a8d42a6-959c-4233-8f7d-e5b2fe7a2562",
            "fd9cb119-13ff-49c6-8017-ea3a20bf8a44",
            "5d331932-2aa4-4e14-bcb5-5ba951c373e4",
            "ca16caa4-6aa6-4e05-b138-3ca7db9d6df3"
          ],
          "failures": [],
          "pending": [],
          "skipped": [],
          "duration": 147970,
          "root": false,
          "rootEmpty": false,
          "_timeout": 2000
        }
      ],
      "passes": [],
      "failures": [],
      "pending": [],
      "skipped": [],
      "duration": 0,
      "root": true,
      "rootEmpty": true,
      "_timeout": 2000
    }
  ],
  "meta": {
    "mocha": {
      "version": "7.0.1"
    },
    "mochawesome": {
      "options": {
        "quiet": false,
        "reportFilename": "[status]_[datetime]-[name]-report",
        "saveHtml": false,
        "saveJson": true,
        "consoleReporter": "spec",
        "useInlineDiffs": false,
        "code": true
      },
      "version": "7.1.3"
    },
    "marge": {
      "options": {
        "reportDir": "cypress/report/mochawesome-report",
        "reportFilename": "[status]_[datetime]-[name]-report",
        "title": "[status]_[datetime]-[name]-report",
        "timestamp": "longDate",
        "charts": true,
        "html": false,
        "json": true,
        "embeddedScreenshots": true,
        "overwrite": true,
        "inlineAssets": true,
        "enableCharts": true
      },
      "version": "6.2.0"
    }
  }
}