{
  "stats": {
    "suites": 1,
    "tests": 6,
    "passes": 6,
    "pending": 0,
    "failures": 0,
    "start": "2022-09-16T15:58:43.433Z",
    "end": "2022-09-16T16:01:03.767Z",
    "duration": 140334,
    "testsRegistered": 6,
    "passPercent": 100,
    "pendingPercent": 0,
    "other": 0,
    "hasOther": false,
    "skipped": 0,
    "hasSkipped": false
  },
  "results": [
    {
      "uuid": "5833ada7-adb9-4d85-9950-fbaca6a4b2c7",
      "title": "",
      "fullFile": "cypress\\e2e\\scheduleModule.cy.js",
      "file": "cypress\\e2e\\scheduleModule.cy.js",
      "beforeHooks": [],
      "afterHooks": [],
      "tests": [],
      "suites": [
        {
          "uuid": "7349e380-059f-4952-a061-4b8c7140027e",
          "title": "Schedule Module",
          "fullFile": "",
          "file": "",
          "beforeHooks": [],
          "afterHooks": [],
          "tests": [
            {
              "title": "Should be able to save a job (required fields filled)",
              "fullTitle": "Schedule Module Should be able to save a job (required fields filled)",
              "timedOut": null,
              "duration": 21527,
              "state": "passed",
              "speed": "slow",
              "pass": true,
              "fail": false,
              "pending": false,
              "context": null,
              "code": "_SchedulePage.default.gotoAddNewJob();\n_SchedulePage.default.fillData();\n_SchedulePage.default.saveJob();",
              "err": {},
              "uuid": "af4d1bd5-8d58-4a8c-94ee-726be0ded6fd",
              "parentUUID": "7349e380-059f-4952-a061-4b8c7140027e",
              "isHook": false,
              "skipped": false
            },
            {
              "title": "Should be able to dispatch a job - with 1 employee added",
              "fullTitle": "Schedule Module Should be able to dispatch a job - with 1 employee added",
              "timedOut": null,
              "duration": 21564,
              "state": "passed",
              "speed": "slow",
              "pass": true,
              "fail": false,
              "pending": false,
              "context": null,
              "code": "_SchedulePage.default.gotoAddNewJob();\nconst employee = {\n  employeeName: 'Employee One',\n  duration: {\n    hrs: 0,\n    min: 0\n  }\n};\n_SchedulePage.default.addJobEmployee(employee);\n_SchedulePage.default.elements.addNewJobModal.jobsInfoTabButton().click();\n_SchedulePage.default.fillData();\n_SchedulePage.default.dispatchJob();",
              "err": {},
              "uuid": "09598066-80d5-46d8-bd67-fa101d8b72a5",
              "parentUUID": "7349e380-059f-4952-a061-4b8c7140027e",
              "isHook": false,
              "skipped": false
            },
            {
              "title": "Should be able to dispatch a job - with employee added - 0hrs 0mins duration",
              "fullTitle": "Schedule Module Should be able to dispatch a job - with employee added - 0hrs 0mins duration",
              "timedOut": null,
              "duration": 20874,
              "state": "passed",
              "speed": "slow",
              "pass": true,
              "fail": false,
              "pending": false,
              "context": null,
              "code": "_SchedulePage.default.gotoAddNewJob();\nconst employee = {\n  employeeName: 'Employee One',\n  duration: {\n    hrs: 0,\n    min: 0\n  }\n};\n_SchedulePage.default.addJobEmployee(employee);\n_SchedulePage.default.elements.addNewJobModal.jobsInfoTabButton().click();\n_SchedulePage.default.fillData();\n_SchedulePage.default.dispatchJob();",
              "err": {},
              "uuid": "ff6feca2-33c2-45f6-b076-6db836405d69",
              "parentUUID": "7349e380-059f-4952-a061-4b8c7140027e",
              "isHook": false,
              "skipped": false
            },
            {
              "title": "Should be able to dispatch a job - with employee added (with 8 hrs duration)",
              "fullTitle": "Schedule Module Should be able to dispatch a job - with employee added (with 8 hrs duration)",
              "timedOut": null,
              "duration": 21269,
              "state": "passed",
              "speed": "slow",
              "pass": true,
              "fail": false,
              "pending": false,
              "context": null,
              "code": "_SchedulePage.default.gotoAddNewJob();\nconst employee = {\n  employeeName: 'Employee One',\n  duration: {\n    hrs: 8,\n    min: 0\n  }\n};\n_SchedulePage.default.addJobEmployee(employee);\n_SchedulePage.default.elements.addNewJobModal.jobsInfoTabButton().click();\n_SchedulePage.default.fillData();\n_SchedulePage.default.dispatchJob();",
              "err": {},
              "uuid": "70b1329b-8baa-4f56-93a9-a0c7283101d2",
              "parentUUID": "7349e380-059f-4952-a061-4b8c7140027e",
              "isHook": false,
              "skipped": false
            },
            {
              "title": "Should be able to dispatch a job - with Job Template added",
              "fullTitle": "Schedule Module Should be able to dispatch a job - with Job Template added",
              "timedOut": null,
              "duration": 31229,
              "state": "passed",
              "speed": "slow",
              "pass": true,
              "fail": false,
              "pending": false,
              "context": null,
              "code": "cy.log('Add template');\n_Dashboard.default.gotoJobTemplates();\n_SchedulePage.default.gotoAddNewJob();\nconst employee = {\n  employeeName: 'Employee One',\n  duration: {\n    hrs: 0,\n    min: 0\n  }\n};\n_SchedulePage.default.addJobEmployee(employee);\n_SchedulePage.default.elements.addNewJobModal.jobsInfoTabButton().click();\n_SchedulePage.default.fillData();\nconst templateName = 'Snow blowing';\n_SchedulePage.default.addJobTemplate(templateName);\n_SchedulePage.default.dispatchJob();",
              "err": {},
              "uuid": "f3d28f56-3e55-45a5-8819-1690eb15a8b5",
              "parentUUID": "7349e380-059f-4952-a061-4b8c7140027e",
              "isHook": false,
              "skipped": false
            },
            {
              "title": "Should be able to dispatch a job - with employee added - with Task added (Task Name only)",
              "fullTitle": "Schedule Module Should be able to dispatch a job - with employee added - with Task added (Task Name only)",
              "timedOut": null,
              "duration": 23658,
              "state": "passed",
              "speed": "slow",
              "pass": true,
              "fail": false,
              "pending": false,
              "context": null,
              "code": "_SchedulePage.default.gotoAddNewJob();\nconst employee = {\n  employeeName: 'Employee One',\n  duration: {\n    hrs: 0,\n    min: 0\n  }\n};\n_SchedulePage.default.addJobEmployee(employee);\n_SchedulePage.default.clickTasksTab();\nconst task = {\n  taskName: 'New Task'\n};\n_SchedulePage.default.createNewTask(task);\n_SchedulePage.default.elements.addNewJobModal.jobsInfoTabButton().click();\n_SchedulePage.default.fillData();\n_SchedulePage.default.dispatchJob();",
              "err": {},
              "uuid": "b146c769-0555-4cc2-a216-8d01b24063d0",
              "parentUUID": "7349e380-059f-4952-a061-4b8c7140027e",
              "isHook": false,
              "skipped": false
            }
          ],
          "suites": [],
          "passes": [
            "af4d1bd5-8d58-4a8c-94ee-726be0ded6fd",
            "09598066-80d5-46d8-bd67-fa101d8b72a5",
            "ff6feca2-33c2-45f6-b076-6db836405d69",
            "70b1329b-8baa-4f56-93a9-a0c7283101d2",
            "f3d28f56-3e55-45a5-8819-1690eb15a8b5",
            "b146c769-0555-4cc2-a216-8d01b24063d0"
          ],
          "failures": [],
          "pending": [],
          "skipped": [],
          "duration": 140121,
          "root": false,
          "rootEmpty": false,
          "_timeout": 2000
        }
      ],
      "passes": [],
      "failures": [],
      "pending": [],
      "skipped": [],
      "duration": 0,
      "root": true,
      "rootEmpty": true,
      "_timeout": 2000
    }
  ],
  "meta": {
    "mocha": {
      "version": "7.0.1"
    },
    "mochawesome": {
      "options": {
        "quiet": false,
        "reportFilename": "[status]_[datetime]-[name]-report",
        "saveHtml": false,
        "saveJson": true,
        "consoleReporter": "spec",
        "useInlineDiffs": false,
        "code": true
      },
      "version": "7.1.3"
    },
    "marge": {
      "options": {
        "reportDir": "cypress/report/mochawesome-report",
        "reportFilename": "[status]_[datetime]-[name]-report",
        "title": "[status]_[datetime]-[name]-report",
        "timestamp": "longDate",
        "charts": true,
        "html": false,
        "json": true,
        "embeddedScreenshots": true,
        "overwrite": true,
        "inlineAssets": true,
        "enableCharts": true
      },
      "version": "6.2.0"
    }
  }
}