{
  "stats": {
    "suites": 1,
    "tests": 2,
    "passes": 2,
    "pending": 0,
    "failures": 0,
    "start": "2022-09-21T12:33:33.457Z",
    "end": "2022-09-21T12:34:07.185Z",
    "duration": 33728,
    "testsRegistered": 2,
    "passPercent": 100,
    "pendingPercent": 0,
    "other": 0,
    "hasOther": false,
    "skipped": 0,
    "hasSkipped": false
  },
  "results": [
    {
      "uuid": "44625aff-7120-409e-9751-318316178cba",
      "title": "",
      "fullFile": "cypress\\e2e\\settings_newTaxAndTerms.cy.js",
      "file": "cypress\\e2e\\settings_newTaxAndTerms.cy.js",
      "beforeHooks": [],
      "afterHooks": [],
      "tests": [],
      "suites": [
        {
          "uuid": "79a06195-0f6a-4d2a-8498-87cdc8ae2d47",
          "title": "New Tax and Terms Module",
          "fullFile": "",
          "file": "",
          "beforeHooks": [],
          "afterHooks": [],
          "tests": [
            {
              "title": "Basic Add new tax function",
              "fullTitle": "New Tax and Terms Module Basic Add new tax function",
              "timedOut": null,
              "duration": 18569,
              "state": "passed",
              "speed": "slow",
              "pass": true,
              "fail": false,
              "pending": false,
              "context": null,
              "code": "_company_settings.TaxAndTermsPage.addNewTax();\n_company_settings.TaxAndTermsPage.fillAddNewTaxForm('New Tax', 3);\n_company_settings.TaxAndTermsPage.saveAddNewTaxForm();",
              "err": {},
              "uuid": "021ece51-c623-44c0-b3fe-0d1f7e181af0",
              "parentUUID": "79a06195-0f6a-4d2a-8498-87cdc8ae2d47",
              "isHook": false,
              "skipped": false
            },
            {
              "title": "Basic Add new term function",
              "fullTitle": "New Tax and Terms Module Basic Add new term function",
              "timedOut": null,
              "duration": 15054,
              "state": "passed",
              "speed": "slow",
              "pass": true,
              "fail": false,
              "pending": false,
              "context": null,
              "code": "_company_settings.TaxAndTermsPage.gotoTermsTab();\n_company_settings.TaxAndTermsPage.addNewTerm();\n_company_settings.TaxAndTermsPage.fillAddNewTermForm('New Term');\n_company_settings.TaxAndTermsPage.saveAddNewTermForm();",
              "err": {},
              "uuid": "2c78a4b9-ae3d-41f6-b97b-935681639997",
              "parentUUID": "79a06195-0f6a-4d2a-8498-87cdc8ae2d47",
              "isHook": false,
              "skipped": false
            }
          ],
          "suites": [],
          "passes": [
            "021ece51-c623-44c0-b3fe-0d1f7e181af0",
            "2c78a4b9-ae3d-41f6-b97b-935681639997"
          ],
          "failures": [],
          "pending": [],
          "skipped": [],
          "duration": 33623,
          "root": false,
          "rootEmpty": false,
          "_timeout": 2000
        }
      ],
      "passes": [],
      "failures": [],
      "pending": [],
      "skipped": [],
      "duration": 0,
      "root": true,
      "rootEmpty": true,
      "_timeout": 2000
    }
  ],
  "meta": {
    "mocha": {
      "version": "7.0.1"
    },
    "mochawesome": {
      "options": {
        "quiet": false,
        "reportFilename": "[status]_[datetime]-[name]-report",
        "saveHtml": false,
        "saveJson": true,
        "consoleReporter": "spec",
        "useInlineDiffs": false,
        "code": true
      },
      "version": "7.1.3"
    },
    "marge": {
      "options": {
        "reportDir": "cypress/report/mochawesome-report",
        "reportFilename": "[status]_[datetime]-[name]-report",
        "title": "[status]_[datetime]-[name]-report",
        "timestamp": "longDate",
        "charts": true,
        "html": false,
        "json": true,
        "embeddedScreenshots": true,
        "overwrite": true,
        "inlineAssets": true,
        "enableCharts": true
      },
      "version": "6.2.0"
    }
  }
}