{
  "stats": {
    "suites": 1,
    "tests": 1,
    "passes": 1,
    "pending": 0,
    "failures": 0,
    "start": "2022-09-08T12:14:03.589Z",
    "end": "2022-09-08T12:14:32.950Z",
    "duration": 29361,
    "testsRegistered": 1,
    "passPercent": 100,
    "pendingPercent": 0,
    "other": 0,
    "hasOther": false,
    "skipped": 0,
    "hasSkipped": false
  },
  "results": [
    {
      "uuid": "d68dc53d-2811-4842-a9e9-e3d58bfb2f5a",
      "title": "",
      "fullFile": "cypress\\e2e\\invoicesModule.cy.js",
      "file": "cypress\\e2e\\invoicesModule.cy.js",
      "beforeHooks": [],
      "afterHooks": [],
      "tests": [],
      "suites": [
        {
          "uuid": "52f63c62-7eed-411b-ae1e-ff30de29ce52",
          "title": "Invoices Module",
          "fullFile": "",
          "file": "",
          "beforeHooks": [],
          "afterHooks": [],
          "tests": [
            {
              "title": "Add an invoice - 1 Inventory(Item(s) with no Serial #) -  No Description - No Terms Selected - No Discount - No Tax",
              "fullTitle": "Invoices Module Add an invoice - 1 Inventory(Item(s) with no Serial #) -  No Description - No Terms Selected - No Discount - No Tax",
              "timedOut": null,
              "duration": 29249,
              "state": "passed",
              "speed": "slow",
              "pass": true,
              "fail": false,
              "pending": false,
              "context": null,
              "code": "const invoiceInfo = {\n  customer: 'Ace Hardware',\n  inventoriesToAdd: ['Inventory Item 1'],\n  description: 'Test Description',\n  tax: 'None',\n  term: 'Not Selected'\n};\n_InvoicesPage.default.addNewInvoice(invoiceInfo);",
              "err": {},
              "uuid": "b0150cb6-2f2a-4818-ab8f-b95d912fbb0d",
              "parentUUID": "52f63c62-7eed-411b-ae1e-ff30de29ce52",
              "isHook": false,
              "skipped": false
            }
          ],
          "suites": [],
          "passes": [
            "b0150cb6-2f2a-4818-ab8f-b95d912fbb0d"
          ],
          "failures": [],
          "pending": [],
          "skipped": [],
          "duration": 29249,
          "root": false,
          "rootEmpty": false,
          "_timeout": 2000
        }
      ],
      "passes": [],
      "failures": [],
      "pending": [],
      "skipped": [],
      "duration": 0,
      "root": true,
      "rootEmpty": true,
      "_timeout": 2000
    }
  ],
  "meta": {
    "mocha": {
      "version": "7.0.1"
    },
    "mochawesome": {
      "options": {
        "quiet": false,
        "reportFilename": "[status]_[datetime]-[name]-report",
        "saveHtml": false,
        "saveJson": true,
        "consoleReporter": "spec",
        "useInlineDiffs": false,
        "code": true
      },
      "version": "7.1.3"
    },
    "marge": {
      "options": {
        "reportDir": "cypress/report/mochawesome-report",
        "reportFilename": "[status]_[datetime]-[name]-report",
        "title": "[status]_[datetime]-[name]-report",
        "timestamp": "longDate",
        "charts": true,
        "html": false,
        "json": true,
        "embeddedScreenshots": true,
        "overwrite": false,
        "inlineAssets": true,
        "enableCharts": true
      },
      "version": "6.2.0"
    }
  }
}