{
  "stats": {
    "suites": 1,
    "tests": 6,
    "passes": 6,
    "pending": 0,
    "failures": 0,
    "start": "2022-09-12T07:42:07.380Z",
    "end": "2022-09-12T07:45:58.805Z",
    "duration": 231425,
    "testsRegistered": 6,
    "passPercent": 100,
    "pendingPercent": 0,
    "other": 0,
    "hasOther": false,
    "skipped": 0,
    "hasSkipped": false
  },
  "results": [
    {
      "uuid": "1a6a650d-9f7b-465d-ae39-01aec13215c1",
      "title": "",
      "fullFile": "cypress\\e2e\\settings_inventoryModule.cy.js",
      "file": "cypress\\e2e\\settings_inventoryModule.cy.js",
      "beforeHooks": [],
      "afterHooks": [],
      "tests": [],
      "suites": [
        {
          "uuid": "6344157c-5bd1-4f9e-b54c-0dd5c659a57d",
          "title": "Add Inventory",
          "fullFile": "",
          "file": "",
          "beforeHooks": [],
          "afterHooks": [],
          "tests": [
            {
              "title": "Successfully add an Inventory - Not using serial #s, None Taxable",
              "fullTitle": "Add Inventory Successfully add an Inventory - Not using serial #s, None Taxable",
              "timedOut": null,
              "duration": 39206,
              "state": "passed",
              "speed": "slow",
              "pass": true,
              "fail": false,
              "pending": false,
              "context": null,
              "code": "_inventory.InventoryListPage.gotoAddNewInventory();\nconst inventoryInfo = {\n  name: 'Add Inventory - Taxable no SN',\n  useSerialNumbers: false,\n  nonTaxable: true\n};\n_AddNewInventoryPage.default.fillData(inventoryInfo);\n_AddNewInventoryPage.default.clickSaveButton();\n_AddNewInventoryPage.default.checkSaveSuccess();",
              "err": {},
              "uuid": "ca498f4d-d0ae-4a51-9a76-367bcc26d3b4",
              "parentUUID": "6344157c-5bd1-4f9e-b54c-0dd5c659a57d",
              "isHook": false,
              "skipped": false
            },
            {
              "title": "Successfully add an Inventory - Not using serial #s, Taxable",
              "fullTitle": "Add Inventory Successfully add an Inventory - Not using serial #s, Taxable",
              "timedOut": null,
              "duration": 39003,
              "state": "passed",
              "speed": "slow",
              "pass": true,
              "fail": false,
              "pending": false,
              "context": null,
              "code": "_inventory.InventoryListPage.gotoAddNewInventory();\nconst inventoryInfo = {\n  name: 'Add Inventory - Taxable no SN',\n  useSerialNumbers: false,\n  nonTaxable: false\n};\n_AddNewInventoryPage.default.fillData(inventoryInfo);\n_AddNewInventoryPage.default.clickSaveButton();\n_AddNewInventoryPage.default.checkSaveSuccess();",
              "err": {},
              "uuid": "78b847bf-8204-4038-871d-c68c161da1c8",
              "parentUUID": "6344157c-5bd1-4f9e-b54c-0dd5c659a57d",
              "isHook": false,
              "skipped": false
            },
            {
              "title": "(Negative) Save unsuccessful when you click save after leaving required fields blank",
              "fullTitle": "Add Inventory (Negative) Save unsuccessful when you click save after leaving required fields blank",
              "timedOut": null,
              "duration": 36246,
              "state": "passed",
              "speed": "slow",
              "pass": true,
              "fail": false,
              "pending": false,
              "context": null,
              "code": "_inventory.InventoryListPage.gotoAddNewInventory();\nconst inventoryInfo = {\n  name: ''\n};\n_AddNewInventoryPage.default.elements.nameTextBox().click().clear().type('{backspace}');\n_AddNewInventoryPage.default.fillData(inventoryInfo); // AddNewInventoryPage.clickSaveButton()\n// AddNewInventoryPage.checkNameError()",
              "err": {},
              "uuid": "d42d3b19-67fc-476c-b4b6-74a48c916131",
              "parentUUID": "6344157c-5bd1-4f9e-b54c-0dd5c659a57d",
              "isHook": false,
              "skipped": false
            },
            {
              "title": "Add an inventory that is set to non taxable - quantity on hand: 1, Reorder Point: 1",
              "fullTitle": "Add Inventory Add an inventory that is set to non taxable - quantity on hand: 1, Reorder Point: 1",
              "timedOut": null,
              "duration": 36246,
              "state": "passed",
              "speed": "slow",
              "pass": true,
              "fail": false,
              "pending": false,
              "context": null,
              "code": "_inventory.InventoryListPage.gotoAddNewInventory();\nconst inventoryInfo = {\n  name: 'NonTaxable',\n  nonTaxable: true\n};\n_AddNewInventoryPage.default.fillData(inventoryInfo);\n_AddNewInventoryPage.default.clickSaveButton();",
              "err": {},
              "uuid": "90efcea6-f6d3-4528-b47b-f75444e74d12",
              "parentUUID": "6344157c-5bd1-4f9e-b54c-0dd5c659a57d",
              "isHook": false,
              "skipped": false
            },
            {
              "title": "Add an inventory that is set to non taxable - Use Serial #'s and serial numbers by batch to increase quantity on hand",
              "fullTitle": "Add Inventory Add an inventory that is set to non taxable - Use Serial #'s and serial numbers by batch to increase quantity on hand",
              "timedOut": null,
              "duration": 42137,
              "state": "passed",
              "speed": "slow",
              "pass": true,
              "fail": false,
              "pending": false,
              "context": null,
              "code": "_inventory.InventoryListPage.gotoAddNewInventory(); // it('test', () => {\n//     const uuid = () => Cypress._.random(0, 1e20)\n//     const id = uuid()\n// })\n// let randomId = () => {\n//   const uuid = () => Cypress._.random(0, 500)\n//   const id = uuid()\n//   return id.toString()\n// }\n\nconst inventoryInfo = {\n  sku: `SKU${(0, _uuid.v4)()}`,\n  name: 'serialNumbers Added',\n  nonTaxable: true,\n  useSerialNumbers: true,\n  serialNumbers: [`SN${(0, _uuid.v4)()}`, `SN${(0, _uuid.v4)()}`, `SN${(0, _uuid.v4)()}`]\n};\n_AddNewInventoryPage.default.fillData(inventoryInfo);\n_AddNewInventoryPage.default.clickSaveButton();",
              "err": {},
              "uuid": "d790c26a-9b64-4f3a-9b4d-6b38cc86767c",
              "parentUUID": "6344157c-5bd1-4f9e-b54c-0dd5c659a57d",
              "isHook": false,
              "skipped": false
            },
            {
              "title": "Add an inventory (taxable) - Use Serial #'s and serial numbers by batch to increase quantity on hand",
              "fullTitle": "Add Inventory Add an inventory (taxable) - Use Serial #'s and serial numbers by batch to increase quantity on hand",
              "timedOut": null,
              "duration": 38262,
              "state": "passed",
              "speed": "slow",
              "pass": true,
              "fail": false,
              "pending": false,
              "context": null,
              "code": "_inventory.InventoryListPage.gotoAddNewInventory();\nconst inventoryInfo = {\n  sku: `SKU${(0, _uuid.v4)()}`,\n  name: 'Add Inventory - SN Used',\n  useSerialNumbers: true,\n  serialNumbers: [`SN${(0, _uuid.v4)()}`, `SN${(0, _uuid.v4)()}`, `SN${(0, _uuid.v4)()}`]\n};\n_AddNewInventoryPage.default.fillData(inventoryInfo);\n_AddNewInventoryPage.default.clickSaveButton();",
              "err": {},
              "uuid": "d1d84bb7-0f39-4199-bac9-e099c0cb089e",
              "parentUUID": "6344157c-5bd1-4f9e-b54c-0dd5c659a57d",
              "isHook": false,
              "skipped": false
            }
          ],
          "suites": [],
          "passes": [
            "ca498f4d-d0ae-4a51-9a76-367bcc26d3b4",
            "78b847bf-8204-4038-871d-c68c161da1c8",
            "d42d3b19-67fc-476c-b4b6-74a48c916131",
            "90efcea6-f6d3-4528-b47b-f75444e74d12",
            "d790c26a-9b64-4f3a-9b4d-6b38cc86767c",
            "d1d84bb7-0f39-4199-bac9-e099c0cb089e"
          ],
          "failures": [],
          "pending": [],
          "skipped": [],
          "duration": 231100,
          "root": false,
          "rootEmpty": false,
          "_timeout": 2000
        }
      ],
      "passes": [],
      "failures": [],
      "pending": [],
      "skipped": [],
      "duration": 0,
      "root": true,
      "rootEmpty": true,
      "_timeout": 2000
    }
  ],
  "meta": {
    "mocha": {
      "version": "7.0.1"
    },
    "mochawesome": {
      "options": {
        "quiet": false,
        "reportFilename": "[status]_[datetime]-[name]-report",
        "saveHtml": false,
        "saveJson": true,
        "consoleReporter": "spec",
        "useInlineDiffs": false,
        "code": true
      },
      "version": "7.1.3"
    },
    "marge": {
      "options": {
        "reportDir": "cypress/report/mochawesome-report",
        "reportFilename": "[status]_[datetime]-[name]-report",
        "title": "[status]_[datetime]-[name]-report",
        "timestamp": "longDate",
        "charts": true,
        "html": false,
        "json": true,
        "embeddedScreenshots": true,
        "overwrite": true,
        "inlineAssets": true,
        "enableCharts": true
      },
      "version": "6.2.0"
    }
  }
}