{
  "stats": {
    "suites": 1,
    "tests": 6,
    "passes": 6,
    "pending": 0,
    "failures": 0,
    "start": "2022-09-12T17:51:04.288Z",
    "end": "2022-09-12T17:54:33.768Z",
    "duration": 209480,
    "testsRegistered": 6,
    "passPercent": 100,
    "pendingPercent": 0,
    "other": 0,
    "hasOther": false,
    "skipped": 0,
    "hasSkipped": false
  },
  "results": [
    {
      "uuid": "84a292f7-8ef9-432e-9483-eac551776751",
      "title": "",
      "fullFile": "cypress\\e2e\\settings_inventoryModule.cy.js",
      "file": "cypress\\e2e\\settings_inventoryModule.cy.js",
      "beforeHooks": [],
      "afterHooks": [],
      "tests": [],
      "suites": [
        {
          "uuid": "a828cf2e-f335-40fb-84d1-8e72427b67cc",
          "title": "Add Inventory",
          "fullFile": "",
          "file": "",
          "beforeHooks": [],
          "afterHooks": [],
          "tests": [
            {
              "title": "Successfully add an Inventory - Not using serial #s, None Taxable",
              "fullTitle": "Add Inventory Successfully add an Inventory - Not using serial #s, None Taxable",
              "timedOut": null,
              "duration": 37477,
              "state": "passed",
              "speed": "slow",
              "pass": true,
              "fail": false,
              "pending": false,
              "context": null,
              "code": "_inventory.InventoryListPage.gotoAddNewInventory();\nconst inventoryInfo = {\n  name: 'Add Inventory - Taxable no SN',\n  useSerialNumbers: false,\n  nonTaxable: true\n};\n_AddNewInventoryPage.default.fillData(inventoryInfo);\n_AddNewInventoryPage.default.clickSaveButton();\n_AddNewInventoryPage.default.checkSaveSuccess();",
              "err": {},
              "uuid": "4584e74b-8be3-4deb-91b3-4aed81012287",
              "parentUUID": "a828cf2e-f335-40fb-84d1-8e72427b67cc",
              "isHook": false,
              "skipped": false
            },
            {
              "title": "Successfully add an Inventory - Not using serial #s, Taxable",
              "fullTitle": "Add Inventory Successfully add an Inventory - Not using serial #s, Taxable",
              "timedOut": null,
              "duration": 34201,
              "state": "passed",
              "speed": "slow",
              "pass": true,
              "fail": false,
              "pending": false,
              "context": null,
              "code": "_inventory.InventoryListPage.gotoAddNewInventory();\nconst inventoryInfo = {\n  name: 'Add Inventory - Taxable no SN',\n  useSerialNumbers: false,\n  nonTaxable: false\n};\n_AddNewInventoryPage.default.fillData(inventoryInfo);\n_AddNewInventoryPage.default.clickSaveButton();\n_AddNewInventoryPage.default.checkSaveSuccess();",
              "err": {},
              "uuid": "4926e98e-0454-4ed3-8a84-b34974ff6161",
              "parentUUID": "a828cf2e-f335-40fb-84d1-8e72427b67cc",
              "isHook": false,
              "skipped": false
            },
            {
              "title": "(Negative) Save unsuccessful when you click save after leaving required fields blank",
              "fullTitle": "Add Inventory (Negative) Save unsuccessful when you click save after leaving required fields blank",
              "timedOut": null,
              "duration": 32528,
              "state": "passed",
              "speed": "slow",
              "pass": true,
              "fail": false,
              "pending": false,
              "context": null,
              "code": "_inventory.InventoryListPage.gotoAddNewInventory();\nconst inventoryInfo = {\n  name: ''\n};\n_AddNewInventoryPage.default.elements.nameTextBox().click().clear().type('{backspace}');\n_AddNewInventoryPage.default.fillData(inventoryInfo); // AddNewInventoryPage.clickSaveButton()\n// AddNewInventoryPage.checkNameError()",
              "err": {},
              "uuid": "7ebea8bb-6a6e-4cf4-b414-4082be2e5939",
              "parentUUID": "a828cf2e-f335-40fb-84d1-8e72427b67cc",
              "isHook": false,
              "skipped": false
            },
            {
              "title": "Add an inventory that is set to non taxable - quantity on hand: 1, Reorder Point: 1",
              "fullTitle": "Add Inventory Add an inventory that is set to non taxable - quantity on hand: 1, Reorder Point: 1",
              "timedOut": null,
              "duration": 31676,
              "state": "passed",
              "speed": "slow",
              "pass": true,
              "fail": false,
              "pending": false,
              "context": null,
              "code": "_inventory.InventoryListPage.gotoAddNewInventory();\nconst inventoryInfo = {\n  name: 'NonTaxable',\n  nonTaxable: true\n};\n_AddNewInventoryPage.default.fillData(inventoryInfo);\n_AddNewInventoryPage.default.clickSaveButton();",
              "err": {},
              "uuid": "4e80cf8d-45c2-4afa-9191-ffc7e7e83e3e",
              "parentUUID": "a828cf2e-f335-40fb-84d1-8e72427b67cc",
              "isHook": false,
              "skipped": false
            },
            {
              "title": "Add an inventory that is set to non taxable - Use Serial #'s and serial numbers by batch to increase quantity on hand",
              "fullTitle": "Add Inventory Add an inventory that is set to non taxable - Use Serial #'s and serial numbers by batch to increase quantity on hand",
              "timedOut": null,
              "duration": 37941,
              "state": "passed",
              "speed": "slow",
              "pass": true,
              "fail": false,
              "pending": false,
              "context": null,
              "code": "_inventory.InventoryListPage.gotoAddNewInventory(); // it('test', () => {\n//     const uuid = () => Cypress._.random(0, 1e20)\n//     const id = uuid()\n// })\n// let randomId = () => {\n//   const uuid = () => Cypress._.random(0, 500)\n//   const id = uuid()\n//   return id.toString()\n// }\n\nconst inventoryInfo = {\n  sku: `SKU${(0, _uuid.v4)()}`,\n  name: 'serialNumbers Added',\n  nonTaxable: true,\n  useSerialNumbers: true,\n  serialNumbers: [`SN${(0, _uuid.v4)()}`, `SN${(0, _uuid.v4)()}`, `SN${(0, _uuid.v4)()}`]\n};\n_AddNewInventoryPage.default.fillData(inventoryInfo);\n_AddNewInventoryPage.default.clickSaveButton();",
              "err": {},
              "uuid": "fd997da3-a157-441e-83cc-32e99c5bbc6f",
              "parentUUID": "a828cf2e-f335-40fb-84d1-8e72427b67cc",
              "isHook": false,
              "skipped": false
            },
            {
              "title": "Add an inventory (taxable) - Use Serial #'s and serial numbers by batch to increase quantity on hand",
              "fullTitle": "Add Inventory Add an inventory (taxable) - Use Serial #'s and serial numbers by batch to increase quantity on hand",
              "timedOut": null,
              "duration": 35191,
              "state": "passed",
              "speed": "slow",
              "pass": true,
              "fail": false,
              "pending": false,
              "context": null,
              "code": "_inventory.InventoryListPage.gotoAddNewInventory();\nconst inventoryInfo = {\n  sku: `SKU${(0, _uuid.v4)()}`,\n  name: 'Add Inventory - SN Used',\n  useSerialNumbers: true,\n  serialNumbers: [`SN${(0, _uuid.v4)()}`, `SN${(0, _uuid.v4)()}`, `SN${(0, _uuid.v4)()}`]\n};\n_AddNewInventoryPage.default.fillData(inventoryInfo);\n_AddNewInventoryPage.default.clickSaveButton();",
              "err": {},
              "uuid": "422e338b-a072-4e0e-a0b2-b619f83e76c6",
              "parentUUID": "a828cf2e-f335-40fb-84d1-8e72427b67cc",
              "isHook": false,
              "skipped": false
            }
          ],
          "suites": [],
          "passes": [
            "4584e74b-8be3-4deb-91b3-4aed81012287",
            "4926e98e-0454-4ed3-8a84-b34974ff6161",
            "7ebea8bb-6a6e-4cf4-b414-4082be2e5939",
            "4e80cf8d-45c2-4afa-9191-ffc7e7e83e3e",
            "fd997da3-a157-441e-83cc-32e99c5bbc6f",
            "422e338b-a072-4e0e-a0b2-b619f83e76c6"
          ],
          "failures": [],
          "pending": [],
          "skipped": [],
          "duration": 209014,
          "root": false,
          "rootEmpty": false,
          "_timeout": 2000
        }
      ],
      "passes": [],
      "failures": [],
      "pending": [],
      "skipped": [],
      "duration": 0,
      "root": true,
      "rootEmpty": true,
      "_timeout": 2000
    }
  ],
  "meta": {
    "mocha": {
      "version": "7.0.1"
    },
    "mochawesome": {
      "options": {
        "quiet": false,
        "reportFilename": "[status]_[datetime]-[name]-report",
        "saveHtml": false,
        "saveJson": true,
        "consoleReporter": "spec",
        "useInlineDiffs": false,
        "code": true
      },
      "version": "7.1.3"
    },
    "marge": {
      "options": {
        "reportDir": "cypress/report/mochawesome-report",
        "reportFilename": "[status]_[datetime]-[name]-report",
        "title": "[status]_[datetime]-[name]-report",
        "timestamp": "longDate",
        "charts": true,
        "html": false,
        "json": true,
        "embeddedScreenshots": true,
        "overwrite": true,
        "inlineAssets": true,
        "enableCharts": true
      },
      "version": "6.2.0"
    }
  }
}