{
  "stats": {
    "suites": 3,
    "tests": 6,
    "passes": 6,
    "pending": 0,
    "failures": 0,
    "start": "2022-08-31T06:14:32.765Z",
    "end": "2022-08-31T06:17:50.767Z",
    "duration": 106994,
    "testsRegistered": 6,
    "passPercent": 100,
    "pendingPercent": 0,
    "other": 0,
    "hasOther": false,
    "skipped": 0,
    "hasSkipped": false
  },
  "results": [
    {
      "uuid": "2a2f51a9-ea40-4771-8a4a-3dff3ce4351c",
      "title": "",
      "fullFile": "cypress/e2e/newTaxAndTerms.cy.js",
      "file": "cypress/e2e/newTaxAndTerms.cy.js",
      "beforeHooks": [],
      "afterHooks": [],
      "tests": [],
      "suites": [
        {
          "uuid": "2e88700a-0d15-4240-b0a4-917f6c635980",
          "title": "New Taxt and Terms Module",
          "fullFile": "",
          "file": "",
          "beforeHooks": [],
          "afterHooks": [],
          "tests": [
            {
              "title": "Basic Add new tax function",
              "fullTitle": "New Taxt and Terms Module Basic Add new tax function",
              "timedOut": null,
              "duration": 21301,
              "state": "passed",
              "speed": "slow",
              "pass": true,
              "fail": false,
              "pending": false,
              "context": null,
              "code": "_company_settings.TaxAndTermsPage.addNewTax();\n_company_settings.TaxAndTermsPage.fillAddNewTaxForm('New Tax', 3);\n_company_settings.TaxAndTermsPage.saveAddNewTaxForm();",
              "err": {},
              "uuid": "03145e47-ba30-4559-8e71-89283c92faa5",
              "parentUUID": "2e88700a-0d15-4240-b0a4-917f6c635980",
              "isHook": false,
              "skipped": false
            },
            {
              "title": "Basic Add new term function",
              "fullTitle": "New Taxt and Terms Module Basic Add new term function",
              "timedOut": null,
              "duration": 15708,
              "state": "passed",
              "speed": "slow",
              "pass": true,
              "fail": false,
              "pending": false,
              "context": null,
              "code": "_company_settings.TaxAndTermsPage.gotoTermsTab();\n_company_settings.TaxAndTermsPage.addNewTerm();\n_company_settings.TaxAndTermsPage.fillAddNewTermForm('New Term');\n_company_settings.TaxAndTermsPage.saveAddNewTermForm();",
              "err": {},
              "uuid": "c0a58c92-1981-4b56-9175-03d95383c19f",
              "parentUUID": "2e88700a-0d15-4240-b0a4-917f6c635980",
              "isHook": false,
              "skipped": false
            }
          ],
          "suites": [],
          "passes": [
            "03145e47-ba30-4559-8e71-89283c92faa5",
            "c0a58c92-1981-4b56-9175-03d95383c19f"
          ],
          "failures": [],
          "pending": [],
          "skipped": [],
          "duration": 37009,
          "root": false,
          "rootEmpty": false,
          "_timeout": 2000
        }
      ],
      "passes": [],
      "failures": [],
      "pending": [],
      "skipped": [],
      "duration": 0,
      "root": true,
      "rootEmpty": true,
      "_timeout": 2000
    },
    {
      "uuid": "259c71a3-87af-489a-a12b-6a49807bbe50",
      "title": "",
      "fullFile": "cypress/e2e/newTaxAndTerms.cy.js",
      "file": "cypress/e2e/newTaxAndTerms.cy.js",
      "beforeHooks": [],
      "afterHooks": [],
      "tests": [],
      "suites": [
        {
          "uuid": "98fbc42a-580d-42b3-b398-d4203f164cae",
          "title": "New Taxt and Terms Module",
          "fullFile": "",
          "file": "",
          "beforeHooks": [],
          "afterHooks": [],
          "tests": [
            {
              "title": "Basic Add new tax function",
              "fullTitle": "New Taxt and Terms Module Basic Add new tax function",
              "timedOut": null,
              "duration": 18705,
              "state": "passed",
              "speed": "slow",
              "pass": true,
              "fail": false,
              "pending": false,
              "context": null,
              "code": "_company_settings.TaxAndTermsPage.addNewTax();\n_company_settings.TaxAndTermsPage.fillAddNewTaxForm('New Tax', 3);\n_company_settings.TaxAndTermsPage.saveAddNewTaxForm();",
              "err": {},
              "uuid": "2d28f631-675a-4ba9-bad9-8f9f4f141150",
              "parentUUID": "98fbc42a-580d-42b3-b398-d4203f164cae",
              "isHook": false,
              "skipped": false
            },
            {
              "title": "Basic Add new term function",
              "fullTitle": "New Taxt and Terms Module Basic Add new term function",
              "timedOut": null,
              "duration": 17472,
              "state": "passed",
              "speed": "slow",
              "pass": true,
              "fail": false,
              "pending": false,
              "context": null,
              "code": "_company_settings.TaxAndTermsPage.gotoTermsTab();\n_company_settings.TaxAndTermsPage.addNewTerm();\n_company_settings.TaxAndTermsPage.fillAddNewTermForm('New Term');\n_company_settings.TaxAndTermsPage.saveAddNewTermForm();",
              "err": {},
              "uuid": "749ba6c1-7cfc-46c1-a214-06ead3ad2a7e",
              "parentUUID": "98fbc42a-580d-42b3-b398-d4203f164cae",
              "isHook": false,
              "skipped": false
            }
          ],
          "suites": [],
          "passes": [
            "2d28f631-675a-4ba9-bad9-8f9f4f141150",
            "749ba6c1-7cfc-46c1-a214-06ead3ad2a7e"
          ],
          "failures": [],
          "pending": [],
          "skipped": [],
          "duration": 36177,
          "root": false,
          "rootEmpty": false,
          "_timeout": 2000
        }
      ],
      "passes": [],
      "failures": [],
      "pending": [],
      "skipped": [],
      "duration": 0,
      "root": true,
      "rootEmpty": true,
      "_timeout": 2000
    },
    {
      "uuid": "d890a2d4-582f-4a03-835e-3284b9a4d555",
      "title": "",
      "fullFile": "cypress/e2e/newTaxAndTerms.cy.js",
      "file": "cypress/e2e/newTaxAndTerms.cy.js",
      "beforeHooks": [],
      "afterHooks": [],
      "tests": [],
      "suites": [
        {
          "uuid": "a8de1627-7f2a-42eb-9e8f-441d4b2d644e",
          "title": "New Taxt and Terms Module",
          "fullFile": "",
          "file": "",
          "beforeHooks": [],
          "afterHooks": [],
          "tests": [
            {
              "title": "Basic Add new tax function",
              "fullTitle": "New Taxt and Terms Module Basic Add new tax function",
              "timedOut": null,
              "duration": 18436,
              "state": "passed",
              "speed": "slow",
              "pass": true,
              "fail": false,
              "pending": false,
              "context": null,
              "code": "_company_settings.TaxAndTermsPage.addNewTax();\n_company_settings.TaxAndTermsPage.fillAddNewTaxForm('New Tax', 3);\n_company_settings.TaxAndTermsPage.saveAddNewTaxForm();",
              "err": {},
              "uuid": "6c644f60-c0be-4c35-b9ac-4d033f8f70da",
              "parentUUID": "a8de1627-7f2a-42eb-9e8f-441d4b2d644e",
              "isHook": false,
              "skipped": false
            },
            {
              "title": "Basic Add new term function",
              "fullTitle": "New Taxt and Terms Module Basic Add new term function",
              "timedOut": null,
              "duration": 15372,
              "state": "passed",
              "speed": "slow",
              "pass": true,
              "fail": false,
              "pending": false,
              "context": null,
              "code": "_company_settings.TaxAndTermsPage.gotoTermsTab();\n_company_settings.TaxAndTermsPage.addNewTerm();\n_company_settings.TaxAndTermsPage.fillAddNewTermForm('New Term');\n_company_settings.TaxAndTermsPage.saveAddNewTermForm();",
              "err": {},
              "uuid": "688871c0-71e2-4ec3-ae52-1a75e11796f4",
              "parentUUID": "a8de1627-7f2a-42eb-9e8f-441d4b2d644e",
              "isHook": false,
              "skipped": false
            }
          ],
          "suites": [],
          "passes": [
            "6c644f60-c0be-4c35-b9ac-4d033f8f70da",
            "688871c0-71e2-4ec3-ae52-1a75e11796f4"
          ],
          "failures": [],
          "pending": [],
          "skipped": [],
          "duration": 33808,
          "root": false,
          "rootEmpty": false,
          "_timeout": 2000
        }
      ],
      "passes": [],
      "failures": [],
      "pending": [],
      "skipped": [],
      "duration": 0,
      "root": true,
      "rootEmpty": true,
      "_timeout": 2000
    }
  ],
  "meta": {
    "mocha": {
      "version": "7.0.1"
    },
    "mochawesome": {
      "options": {
        "quiet": false,
        "reportFilename": "[status]_[datetime]-[name]-report",
        "saveHtml": true,
        "saveJson": true,
        "consoleReporter": "spec",
        "useInlineDiffs": false,
        "code": true
      },
      "version": "7.1.3"
    },
    "marge": {
      "options": {
        "reportDir": "cypress/report/mochawesome-report",
        "reportFilename": "[status]_[datetime]-[name]-report",
        "title": "[status]_[datetime]-[name]-report",
        "timestamp": "longDate",
        "charts": true,
        "html": true,
        "json": true,
        "embeddedScreenshots": true,
        "overwrite": false
      },
      "version": "6.2.0"
    }
  }
}